#
# There is insufficient memory for the Java Runtime Environment to continue.
# Native memory allocation (malloc) failed to allocate 387536 bytes. Error detail: Chunk::new
# Possible reasons:
#   The system is out of physical RAM or swap space
#   This process is running with CompressedOops enabled, and the Java Heap may be blocking the growth of the native heap
# Possible solutions:
#   Reduce memory load on the system
#   Increase physical memory or swap space
#   Check if swap backing store is full
#   Decrease Java heap size (-Xmx/-Xms)
#   Decrease number of Java threads
#   Decrease Java thread stack sizes (-Xss)
#   Set larger code cache with -XX:ReservedCodeCacheSize=
#   JVM is running with Unscaled Compressed Oops mode in which the Java heap is
#     placed in the first 4GB address space. The Java Heap base address is the
#     maximum limit for the native heap growth. Please use -XX:HeapBaseMinAddress
#     to set the Java Heap base and to place the Java Heap above 4GB virtual address.
# This output file may be truncated or incomplete.
#
#  Out of Memory Error (arena.cpp:150), pid=9772, tid=15244
#
# JRE version: Java(TM) SE Runtime Environment (22.0.1+8) (build 22.0.1+8-16)
# Java VM: Java HotSpot(TM) 64-Bit Server VM (22.0.1+8-16, mixed mode, sharing, tiered, compressed oops, compressed class ptrs, g1 gc, windows-amd64)
# No core dump will be written. Minidumps are not enabled by default on client versions of Windows
#

---------------  S U M M A R Y ------------

Command Line: -javaagent:C:\Program Files\JetBrains\IntelliJ IDEA Community Edition 2024.1.1\lib\idea_rt.jar=53794:C:\Program Files\JetBrains\IntelliJ IDEA Community Edition 2024.1.1\bin -Dfile.encoding=UTF-8 -Dsun.stdout.encoding=UTF-8 -Dsun.stderr.encoding=UTF-8 com.gameoddx.gameOdds.GameOddsApplication

Host: AMD Athlon Silver 3050U with Radeon Graphics   , 2 cores, 3G,  Windows 10 , 64 bit Build 19041 (10.0.19041.3636)
Time: Sun Jun 30 08:54:24 2024 GMT Summer Time elapsed time: 40.536935 seconds (0d 0h 0m 40s)

---------------  T H R E A D  ---------------

Current thread (0x000002488d12fd40):  JavaThread "C2 CompilerThread0" daemon [_thread_in_native, id=15244, stack(0x000000b7e7f00000,0x000000b7e8000000) (1024K)]


Current CompileTask:
C2:40537 5761       4       java.util.HashSet::add (20 bytes)

Stack: [0x000000b7e7f00000,0x000000b7e8000000]
Native frames: (J=compiled Java code, j=interpreted, Vv=VM code, C=native code)
V  [jvm.dll+0x6e2279]  (no source info available)
V  [jvm.dll+0x874e33]  (no source info available)
V  [jvm.dll+0x87725e]  (no source info available)
V  [jvm.dll+0x877933]  (no source info available)
V  [jvm.dll+0x27fd76]  (no source info available)
V  [jvm.dll+0xc3d0f]  (no source info available)
V  [jvm.dll+0xc3f6b]  (no source info available)
V  [jvm.dll+0x3bb0d2]  (no source info available)
V  [jvm.dll+0x387b6b]  (no source info available)
V  [jvm.dll+0x386fda]  (no source info available)
V  [jvm.dll+0x247918]  (no source info available)
V  [jvm.dll+0x246fbf]  (no source info available)
V  [jvm.dll+0x1c4e90]  (no source info available)
V  [jvm.dll+0x2569fe]  (no source info available)
V  [jvm.dll+0x254cba]  (no source info available)
V  [jvm.dll+0x3f5336]  (no source info available)
V  [jvm.dll+0x81d44b]  (no source info available)
V  [jvm.dll+0x6e0915]  (no source info available)
C  [ucrtbase.dll+0x21bb2]  (no source info available)
C  [KERNEL32.DLL+0x17344]  (no source info available)
C  [ntdll.dll+0x526b1]  (no source info available)


---------------  P R O C E S S  ---------------

Threads class SMR info:
_java_thread_list=0x00000248931e7310, length=41, elements={
0x000002488d125fd0, 0x000002488d1292b0, 0x000002488d12b080, 0x000002488d12daf0,
0x000002488d12e550, 0x000002488d12efb0, 0x000002488d12fd40, 0x000002488d154c80,
0x000002488d24e030, 0x000002488d72e350, 0x000002488d72e9c0, 0x0000024892a20e90,
0x0000024892a21500, 0x00000248935999d0, 0x000002489359c130, 0x000002489359c7c0,
0x000002489359b410, 0x000002489359a060, 0x000002489359a6f0, 0x0000024893599340,
0x000002489359baa0, 0x0000024892f8c850, 0x0000024892f92ac0, 0x0000024892f8f640,
0x0000024892f93150, 0x0000024892f8e290, 0x0000024892f8fcd0, 0x0000024892f8d570,
0x0000024892f8efb0, 0x0000024892f91da0, 0x0000024892f92430, 0x0000024892f91080,
0x0000024892f8dc00, 0x0000024892f91710, 0x0000024892f8cee0, 0x0000024892f8e920,
0x0000024892f8c1c0, 0x0000024892f909f0, 0x0000024892f937e0, 0x000002489361bf80,
0x000002489361cca0
}

Java Threads: ( => current thread )
  0x000002488d125fd0 JavaThread "Reference Handler"          daemon [_thread_blocked, id=14832, stack(0x000000b7e7900000,0x000000b7e7a00000) (1024K)]
  0x000002488d1292b0 JavaThread "Finalizer"                  daemon [_thread_blocked, id=2512, stack(0x000000b7e7a00000,0x000000b7e7b00000) (1024K)]
  0x000002488d12b080 JavaThread "Signal Dispatcher"          daemon [_thread_blocked, id=10920, stack(0x000000b7e7b00000,0x000000b7e7c00000) (1024K)]
  0x000002488d12daf0 JavaThread "Attach Listener"            daemon [_thread_blocked, id=8248, stack(0x000000b7e7c00000,0x000000b7e7d00000) (1024K)]
  0x000002488d12e550 JavaThread "Service Thread"             daemon [_thread_blocked, id=6564, stack(0x000000b7e7d00000,0x000000b7e7e00000) (1024K)]
  0x000002488d12efb0 JavaThread "Monitor Deflation Thread"   daemon [_thread_blocked, id=14664, stack(0x000000b7e7e00000,0x000000b7e7f00000) (1024K)]
=>0x000002488d12fd40 JavaThread "C2 CompilerThread0"         daemon [_thread_in_native, id=15244, stack(0x000000b7e7f00000,0x000000b7e8000000) (1024K)]
  0x000002488d154c80 JavaThread "C1 CompilerThread0"         daemon [_thread_blocked, id=4032, stack(0x000000b7e8000000,0x000000b7e8100000) (1024K)]
  0x000002488d24e030 JavaThread "Common-Cleaner"             daemon [_thread_blocked, id=14716, stack(0x000000b7e8100000,0x000000b7e8200000) (1024K)]
  0x000002488d72e350 JavaThread "Monitor Ctrl-Break"         daemon [_thread_in_native, id=1676, stack(0x000000b7e8200000,0x000000b7e8300000) (1024K)]
  0x000002488d72e9c0 JavaThread "Notification Thread"        daemon [_thread_blocked, id=12088, stack(0x000000b7e8300000,0x000000b7e8400000) (1024K)]
  0x0000024892a20e90 JavaThread "Catalina-utility-1"                [_thread_blocked, id=10872, stack(0x000000b7e8700000,0x000000b7e8800000) (1024K)]
  0x0000024892a21500 JavaThread "Catalina-utility-2"                [_thread_blocked, id=1856, stack(0x000000b7e8800000,0x000000b7e8900000) (1024K)]
  0x00000248935999d0 JavaThread "container-0"                       [_thread_blocked, id=14740, stack(0x000000b7e8900000,0x000000b7e8a00000) (1024K)]
  0x000002489359c130 JavaThread "Jndi-Dns-address-change-listener" daemon [_thread_in_native, id=12512, stack(0x000000b7e8a00000,0x000000b7e8b00000) (1024K)]
  0x000002489359c7c0 JavaThread "BufferPoolPruner-1-thread-1" daemon [_thread_blocked, id=8032, stack(0x000000b7e8b00000,0x000000b7e8c00000) (1024K)]
  0x000002489359b410 JavaThread "cluster-ClusterId{value='66810f14bf592c28dfd3b743', description='null'}-srv-gameprophetapi.zpq6wld.mongodb.net" daemon [_thread_blocked, id=5928, stack(0x000000b7e8c00000,0x000000b7e8d00000) (1024K)]
  0x000002489359a060 JavaThread "cluster-ClusterId{value='66810f14bf592c28dfd3b743', description='null'}-ac-a0gbpak-shard-00-02.zpq6wld.mongodb.net:27017" daemon [_thread_in_native, id=10236, stack(0x000000b7e8d00000,0x000000b7e8e00000) (1024K)]
  0x000002489359a6f0 JavaThread "cluster-rtt-ClusterId{value='66810f14bf592c28dfd3b743', description='null'}-ac-a0gbpak-shard-00-02.zpq6wld.mongodb.net:27017" daemon [_thread_blocked, id=13712, stack(0x000000b7e8e00000,0x000000b7e8f00000) (1024K)]
  0x0000024893599340 JavaThread "cluster-ClusterId{value='66810f14bf592c28dfd3b743', description='null'}-ac-a0gbpak-shard-00-00.zpq6wld.mongodb.net:27017" daemon [_thread_in_native, id=11308, stack(0x000000b7e8f00000,0x000000b7e9000000) (1024K)]
  0x000002489359baa0 JavaThread "cluster-rtt-ClusterId{value='66810f14bf592c28dfd3b743', description='null'}-ac-a0gbpak-shard-00-00.zpq6wld.mongodb.net:27017" daemon [_thread_blocked, id=6260, stack(0x000000b7e9000000,0x000000b7e9100000) (1024K)]
  0x0000024892f8c850 JavaThread "cluster-ClusterId{value='66810f14bf592c28dfd3b743', description='null'}-ac-a0gbpak-shard-00-01.zpq6wld.mongodb.net:27017" daemon [_thread_in_native, id=5908, stack(0x000000b7e9100000,0x000000b7e9200000) (1024K)]
  0x0000024892f92ac0 JavaThread "cluster-rtt-ClusterId{value='66810f14bf592c28dfd3b743', description='null'}-ac-a0gbpak-shard-00-01.zpq6wld.mongodb.net:27017" daemon [_thread_blocked, id=4000, stack(0x000000b7e9200000,0x000000b7e9300000) (1024K)]
  0x0000024892f8f640 JavaThread "Live Reload Server"         daemon [_thread_in_native, id=10020, stack(0x000000b7e9400000,0x000000b7e9500000) (1024K)]
  0x0000024892f93150 JavaThread "MaintenanceTimer-3-thread-1" daemon [_thread_blocked, id=10820, stack(0x000000b7e9500000,0x000000b7e9600000) (1024K)]
  0x0000024892f8e290 JavaThread "MaintenanceTimer-2-thread-1" daemon [_thread_blocked, id=10048, stack(0x000000b7e9600000,0x000000b7e9700000) (1024K)]
  0x0000024892f8fcd0 JavaThread "MaintenanceTimer-4-thread-1" daemon [_thread_blocked, id=13128, stack(0x000000b7e9700000,0x000000b7e9800000) (1024K)]
  0x0000024892f8d570 JavaThread "File Watcher"               daemon [_thread_in_native, id=4624, stack(0x000000b7e9800000,0x000000b7e9900000) (1024K)]
  0x0000024892f8efb0 JavaThread "http-nio-8080-exec-1"       daemon [_thread_blocked, id=1612, stack(0x000000b7e9900000,0x000000b7e9a00000) (1024K)]
  0x0000024892f91da0 JavaThread "http-nio-8080-exec-2"       daemon [_thread_blocked, id=12804, stack(0x000000b7e9a00000,0x000000b7e9b00000) (1024K)]
  0x0000024892f92430 JavaThread "http-nio-8080-exec-3"       daemon [_thread_blocked, id=12232, stack(0x000000b7e9b00000,0x000000b7e9c00000) (1024K)]
  0x0000024892f91080 JavaThread "http-nio-8080-exec-4"       daemon [_thread_blocked, id=9672, stack(0x000000b7e9c00000,0x000000b7e9d00000) (1024K)]
  0x0000024892f8dc00 JavaThread "http-nio-8080-exec-5"       daemon [_thread_blocked, id=8348, stack(0x000000b7e9d00000,0x000000b7e9e00000) (1024K)]
  0x0000024892f91710 JavaThread "http-nio-8080-exec-6"       daemon [_thread_blocked, id=1780, stack(0x000000b7e9e00000,0x000000b7e9f00000) (1024K)]
  0x0000024892f8cee0 JavaThread "http-nio-8080-exec-7"       daemon [_thread_blocked, id=6048, stack(0x000000b7e9f00000,0x000000b7ea000000) (1024K)]
  0x0000024892f8e920 JavaThread "http-nio-8080-exec-8"       daemon [_thread_blocked, id=13376, stack(0x000000b7ea000000,0x000000b7ea100000) (1024K)]
  0x0000024892f8c1c0 JavaThread "http-nio-8080-exec-9"       daemon [_thread_blocked, id=14000, stack(0x000000b7ea100000,0x000000b7ea200000) (1024K)]
  0x0000024892f909f0 JavaThread "http-nio-8080-exec-10"      daemon [_thread_blocked, id=3788, stack(0x000000b7ea200000,0x000000b7ea300000) (1024K)]
  0x0000024892f937e0 JavaThread "http-nio-8080-Poller"       daemon [_thread_in_native, id=11396, stack(0x000000b7ea300000,0x000000b7ea400000) (1024K)]
  0x000002489361bf80 JavaThread "http-nio-8080-Acceptor"     daemon [_thread_in_native, id=12416, stack(0x000000b7ea400000,0x000000b7ea500000) (1024K)]
  0x000002489361cca0 JavaThread "DestroyJavaVM"                     [_thread_blocked, id=13504, stack(0x000000b7e7100000,0x000000b7e7200000) (1024K)]
Total: 41

Other Threads:
  0x0000024831c8b6d0 VMThread "VM Thread"                           [id=10652, stack(0x000000b7e7800000,0x000000b7e7900000) (1024K)]
  0x000002488d11c210 WatcherThread "VM Periodic Task Thread"        [id=9600, stack(0x000000b7e7700000,0x000000b7e7800000) (1024K)]
  0x0000024831c0af10 WorkerThread "GC Thread#0"                     [id=1532, stack(0x000000b7e7200000,0x000000b7e7300000) (1024K)]
  0x000002488d748920 WorkerThread "GC Thread#1"                     [id=2540, stack(0x000000b7e8400000,0x000000b7e8500000) (1024K)]
  0x0000024831c13c10 ConcurrentGCThread "G1 Main Marker"            [id=14888, stack(0x000000b7e7300000,0x000000b7e7400000) (1024K)]
  0x0000024831c14dd0 WorkerThread "G1 Conc#0"                       [id=13552, stack(0x000000b7e7400000,0x000000b7e7500000) (1024K)]
  0x0000024831c64980 ConcurrentGCThread "G1 Refine#0"               [id=3896, stack(0x000000b7e7500000,0x000000b7e7600000) (1024K)]
  0x0000024831c66420 ConcurrentGCThread "G1 Service"                [id=10732, stack(0x000000b7e7600000,0x000000b7e7700000) (1024K)]
Total: 8

Threads with active compile tasks:
C2 CompilerThread0  40714 5761       4       java.util.HashSet::add (20 bytes)
Total: 1

VM state: not at safepoint (normal execution)

VM Mutex/Monitor currently owned by a thread: None

Heap address: 0x00000000c9e00000, size: 866 MB, Compressed Oops mode: 32-bit

CDS archive(s) mapped at: [0x000002484c000000-0x000002484cc60000-0x000002484cc60000), size 12976128, SharedBaseAddress: 0x000002484c000000, ArchiveRelocationMode: 1.
Compressed class space mapped at: 0x000002484d000000-0x000002488d000000, reserved size: 1073741824
Narrow klass base: 0x000002484c000000, Narrow klass shift: 0, Narrow klass range: 0x41000000

GC Precious Log:
 CardTable entry size: 512
 Card Set container configuration: InlinePtr #cards 5 size 8 Array Of Cards #cards 12 size 40 Howl #buckets 4 coarsen threshold 1843 Howl Bitmap #cards 512 size 80 coarsen threshold 460 Card regions per heap region 1 cards per card region 2048
 CPUs: 2 total, 2 available
 Memory: 3461M
 Large Page Support: Disabled
 NUMA Support: Disabled
 Compressed Oops: Enabled (32-bit)
 Heap Region Size: 1M
 Heap Min Capacity: 8M
 Heap Initial Capacity: 56M
 Heap Max Capacity: 866M
 Pre-touch: Disabled
 Parallel Workers: 2
 Concurrent Workers: 1
 Concurrent Refinement Workers: 2
 Periodic GC: Disabled

Heap:
 garbage-first heap   total reserved 886784K, committed 45056K, used 23801K [0x00000000c9e00000, 0x0000000100000000)
  region size 1024K, 4 young (4096K), 3 survivors (3072K)
 Metaspace       used 45221K, committed 45888K, reserved 1114112K
  class space    used 5962K, committed 6272K, reserved 1048576K

Heap Regions: E=young(eden), S=young(survivor), O=old, HS=humongous(starts), HC=humongous(continues), CS=collection set, F=free, TAMS=top-at-mark-start, PB=parsable bottom
|   0|0x00000000c9e00000, 0x00000000c9f00000, 0x00000000c9f00000|100%| O|  |TAMS 0x00000000c9e00000| PB 0x00000000c9e00000| Untracked |  0
|   1|0x00000000c9f00000, 0x00000000ca000000, 0x00000000ca000000|100%| O|  |TAMS 0x00000000c9f00000| PB 0x00000000c9f00000| Untracked |  0
|   2|0x00000000ca000000, 0x00000000ca100000, 0x00000000ca100000|100%| O|  |TAMS 0x00000000ca000000| PB 0x00000000ca000000| Untracked |  0
|   3|0x00000000ca100000, 0x00000000ca200000, 0x00000000ca200000|100%| O|  |TAMS 0x00000000ca100000| PB 0x00000000ca100000| Untracked |  0
|   4|0x00000000ca200000, 0x00000000ca300000, 0x00000000ca300000|100%| O|  |TAMS 0x00000000ca200000| PB 0x00000000ca200000| Untracked |  0
|   5|0x00000000ca300000, 0x00000000ca400000, 0x00000000ca400000|100%| O|  |TAMS 0x00000000ca300000| PB 0x00000000ca300000| Untracked |  0
|   6|0x00000000ca400000, 0x00000000ca500000, 0x00000000ca500000|100%| O|  |TAMS 0x00000000ca400000| PB 0x00000000ca400000| Untracked |  0
|   7|0x00000000ca500000, 0x00000000ca600000, 0x00000000ca600000|100%| O|  |TAMS 0x00000000ca500000| PB 0x00000000ca500000| Untracked |  0
|   8|0x00000000ca600000, 0x00000000ca700000, 0x00000000ca700000|100%| O|  |TAMS 0x00000000ca600000| PB 0x00000000ca600000| Untracked |  0
|   9|0x00000000ca700000, 0x00000000ca800000, 0x00000000ca800000|100%| O|  |TAMS 0x00000000ca700000| PB 0x00000000ca700000| Untracked |  0
|  10|0x00000000ca800000, 0x00000000ca900000, 0x00000000ca900000|100%| O|  |TAMS 0x00000000ca800000| PB 0x00000000ca800000| Untracked |  0
|  11|0x00000000ca900000, 0x00000000caa00000, 0x00000000caa00000|100%| O|  |TAMS 0x00000000ca900000| PB 0x00000000ca900000| Untracked |  0
|  12|0x00000000caa00000, 0x00000000cab00000, 0x00000000cab00000|100%| O|  |TAMS 0x00000000caa00000| PB 0x00000000caa00000| Untracked |  0
|  13|0x00000000cab00000, 0x00000000cac00000, 0x00000000cac00000|100%| O|  |TAMS 0x00000000cab00000| PB 0x00000000cab00000| Untracked |  0
|  14|0x00000000cac00000, 0x00000000cac3e5e0, 0x00000000cad00000| 24%| O|  |TAMS 0x00000000cac00000| PB 0x00000000cac00000| Untracked |  0
|  15|0x00000000cad00000, 0x00000000cae00000, 0x00000000cae00000|100%| O|  |TAMS 0x00000000cad00000| PB 0x00000000cad00000| Untracked |  0
|  16|0x00000000cae00000, 0x00000000caf00000, 0x00000000caf00000|100%| O|  |TAMS 0x00000000cae00000| PB 0x00000000cae00000| Untracked |  0
|  17|0x00000000caf00000, 0x00000000cb000000, 0x00000000cb000000|100%| O|  |TAMS 0x00000000caf00000| PB 0x00000000caf00000| Untracked |  0
|  18|0x00000000cb000000, 0x00000000cb100000, 0x00000000cb100000|100%| O|  |TAMS 0x00000000cb000000| PB 0x00000000cb000000| Untracked |  0
|  19|0x00000000cb100000, 0x00000000cb200000, 0x00000000cb200000|100%| O|  |TAMS 0x00000000cb100000| PB 0x00000000cb100000| Untracked |  0
|  20|0x00000000cb200000, 0x00000000cb300000, 0x00000000cb300000|100%| O|Cm|TAMS 0x00000000cb200000| PB 0x00000000cb200000| Complete |  0
|  21|0x00000000cb300000, 0x00000000cb300000, 0x00000000cb400000|  0%| F|  |TAMS 0x00000000cb300000| PB 0x00000000cb300000| Untracked |  0
|  22|0x00000000cb400000, 0x00000000cb400000, 0x00000000cb500000|  0%| F|  |TAMS 0x00000000cb400000| PB 0x00000000cb400000| Untracked |  0
|  23|0x00000000cb500000, 0x00000000cb600000, 0x00000000cb600000|100%| S|CS|TAMS 0x00000000cb500000| PB 0x00000000cb500000| Complete |  0
|  24|0x00000000cb600000, 0x00000000cb700000, 0x00000000cb700000|100%| S|CS|TAMS 0x00000000cb600000| PB 0x00000000cb600000| Complete |  0
|  25|0x00000000cb700000, 0x00000000cb700000, 0x00000000cb800000|  0%| F|  |TAMS 0x00000000cb700000| PB 0x00000000cb700000| Untracked |  0
|  26|0x00000000cb800000, 0x00000000cb800000, 0x00000000cb900000|  0%| F|  |TAMS 0x00000000cb800000| PB 0x00000000cb800000| Untracked |  0
|  27|0x00000000cb900000, 0x00000000cba00000, 0x00000000cba00000|100%| S|CS|TAMS 0x00000000cb900000| PB 0x00000000cb900000| Complete |  0
|  28|0x00000000cba00000, 0x00000000cba00000, 0x00000000cbb00000|  0%| F|  |TAMS 0x00000000cba00000| PB 0x00000000cba00000| Untracked |  0
|  29|0x00000000cbb00000, 0x00000000cbb00000, 0x00000000cbc00000|  0%| F|  |TAMS 0x00000000cbb00000| PB 0x00000000cbb00000| Untracked |  0
|  30|0x00000000cbc00000, 0x00000000cbc00000, 0x00000000cbd00000|  0%| F|  |TAMS 0x00000000cbc00000| PB 0x00000000cbc00000| Untracked |  0
|  31|0x00000000cbd00000, 0x00000000cbd00000, 0x00000000cbe00000|  0%| F|  |TAMS 0x00000000cbd00000| PB 0x00000000cbd00000| Untracked |  0
|  32|0x00000000cbe00000, 0x00000000cbe00000, 0x00000000cbf00000|  0%| F|  |TAMS 0x00000000cbe00000| PB 0x00000000cbe00000| Untracked |  0
|  33|0x00000000cbf00000, 0x00000000cbf00000, 0x00000000cc000000|  0%| F|  |TAMS 0x00000000cbf00000| PB 0x00000000cbf00000| Untracked |  0
|  34|0x00000000cc000000, 0x00000000cc000000, 0x00000000cc100000|  0%| F|  |TAMS 0x00000000cc000000| PB 0x00000000cc000000| Untracked |  0
|  35|0x00000000cc100000, 0x00000000cc100000, 0x00000000cc200000|  0%| F|  |TAMS 0x00000000cc100000| PB 0x00000000cc100000| Untracked |  0
|  36|0x00000000cc200000, 0x00000000cc200000, 0x00000000cc300000|  0%| F|  |TAMS 0x00000000cc200000| PB 0x00000000cc200000| Untracked |  0
|  37|0x00000000cc300000, 0x00000000cc300000, 0x00000000cc400000|  0%| F|  |TAMS 0x00000000cc300000| PB 0x00000000cc300000| Untracked |  0
|  38|0x00000000cc400000, 0x00000000cc400000, 0x00000000cc500000|  0%| F|  |TAMS 0x00000000cc400000| PB 0x00000000cc400000| Untracked |  0
|  39|0x00000000cc500000, 0x00000000cc500000, 0x00000000cc600000|  0%| F|  |TAMS 0x00000000cc500000| PB 0x00000000cc500000| Untracked |  0
|  40|0x00000000cc600000, 0x00000000cc600000, 0x00000000cc700000|  0%| F|  |TAMS 0x00000000cc600000| PB 0x00000000cc600000| Untracked |  0
|  41|0x00000000cc700000, 0x00000000cc700000, 0x00000000cc800000|  0%| F|  |TAMS 0x00000000cc700000| PB 0x00000000cc700000| Untracked |  0
|  42|0x00000000cc800000, 0x00000000cc800000, 0x00000000cc900000|  0%| F|  |TAMS 0x00000000cc800000| PB 0x00000000cc800000| Untracked |  0
|  43|0x00000000cc900000, 0x00000000cc9ec2b8, 0x00000000cca00000| 92%| E|  |TAMS 0x00000000cc900000| PB 0x00000000cc900000| Complete |  0

Card table byte_map: [0x0000024831960000,0x0000024831b20000] _byte_map_base: 0x0000024831311000

Marking Bits: (CMBitMap*) 0x0000024831c0c540
 Bits: [0x0000024848f20000, 0x0000024849ca8000)

Polling page: 0x000002482fb30000

Metaspace:

Usage:
  Non-class:     38.34 MB used.
      Class:      5.82 MB used.
       Both:     44.16 MB used.

Virtual space:
  Non-class space:       64.00 MB reserved,      38.69 MB ( 60%) committed,  1 nodes.
      Class space:        1.00 GB reserved,       6.12 MB ( <1%) committed,  1 nodes.
             Both:        1.06 GB reserved,      44.81 MB (  4%) committed. 

Chunk freelists:
   Non-Class:  9.34 MB
       Class:  9.92 MB
        Both:  19.27 MB

MaxMetaspaceSize: unlimited
CompressedClassSpaceSize: 1.00 GB
Initial GC threshold: 21.00 MB
Current GC threshold: 74.69 MB
CDS: on
 - commit_granule_bytes: 65536.
 - commit_granule_words: 8192.
 - virtual_space_node_default_size: 8388608.
 - enlarge_chunks_in_place: 1.
 - use_allocation_guard: 0.


Internal statistics:

num_allocs_failed_limit: 6.
num_arena_births: 844.
num_arena_deaths: 0.
num_vsnodes_births: 2.
num_vsnodes_deaths: 0.
num_space_committed: 717.
num_space_uncommitted: 0.
num_chunks_returned_to_freelist: 6.
num_chunks_taken_from_freelist: 2334.
num_chunk_merges: 3.
num_chunk_splits: 1573.
num_chunks_enlarged: 1122.
num_inconsistent_stats: 0.

CodeHeap 'non-profiled nmethods': size=120064Kb used=3017Kb max_used=3312Kb free=117046Kb
 bounds [0x00000248419e0000, 0x0000024841d20000, 0x0000024848f20000]
CodeHeap 'profiled nmethods': size=120000Kb used=9942Kb max_used=10985Kb free=110057Kb
 bounds [0x0000024839f20000, 0x000002483a9e0000, 0x0000024841450000]
CodeHeap 'non-nmethods': size=5696Kb used=1574Kb max_used=1615Kb free=4121Kb
 bounds [0x0000024841450000, 0x00000248416c0000, 0x00000248419e0000]
 total_blobs=5615 nmethods=4988 adapters=531
 compilation: enabled
              stopped_count=0, restarted_count=0
 full_count=0

Compilation events (20 events):
Event: 37.894 Thread 0x000002488d12fd40 nmethod 5749 0x0000024841af3390 code [0x0000024841af3540, 0x0000024841af3800]
Event: 38.104 Thread 0x000002488d154c80 5752       3       sun.security.ssl.TransportContext::isInboundClosed (8 bytes)
Event: 38.104 Thread 0x000002488d154c80 nmethod 5752 0x0000024839f45190 code [0x0000024839f45320, 0x0000024839f454d8]
Event: 38.104 Thread 0x000002488d154c80 5753   !   3       jdk.internal.misc.ScopedMemoryAccess::getLongUnaligned (18 bytes)
Event: 38.105 Thread 0x000002488d154c80 nmethod 5753 0x000002483a009b90 code [0x000002483a009d80, 0x000002483a00a298]
Event: 38.105 Thread 0x000002488d154c80 5754   !   3       jdk.internal.misc.ScopedMemoryAccess::getLongUnalignedInternal (36 bytes)
Event: 38.105 Thread 0x000002488d154c80 nmethod 5754 0x000002483a36c490 code [0x000002483a36c660, 0x000002483a36c9f0]
Event: 38.105 Thread 0x000002488d154c80 5755       3       org.bson.AbstractBsonReader::readStartDocument (22 bytes)
Event: 38.106 Thread 0x000002488d154c80 nmethod 5755 0x000002483a0d0210 code [0x000002483a0d0400, 0x000002483a0d09b8]
Event: 38.106 Thread 0x000002488d12fd40 5756       4       org.bson.io.ByteBufferBsonInput::ensureAvailable (53 bytes)
Event: 38.108 Thread 0x000002488d12fd40 nmethod 5756 0x0000024841a9d610 code [0x0000024841a9d7a0, 0x0000024841a9d8b8]
Event: 38.109 Thread 0x000002488d12fd40 5757       4       jdk.internal.misc.Unsafe::getLongUnaligned (12 bytes)
Event: 38.110 Thread 0x000002488d12fd40 nmethod 5757 0x0000024841b3c610 code [0x0000024841b3c780, 0x0000024841b3c838]
Event: 38.111 Thread 0x000002488d154c80 5758       3       org.bson.ByteBufNIO::getLong (8 bytes)
Event: 38.111 Thread 0x000002488d154c80 nmethod 5758 0x000002483a2a5110 code [0x000002483a2a52c0, 0x000002483a2a5498]
Event: 38.111 Thread 0x000002488d154c80 5759       3       java.nio.HeapByteBuffer::getLong (30 bytes)
Event: 38.112 Thread 0x000002488d154c80 nmethod 5759 0x000002483a050b10 code [0x000002483a050d60, 0x000002483a0516e8]
Event: 39.424 Thread 0x000002488d154c80 5760       3       java.io.File::getName (42 bytes)
Event: 39.425 Thread 0x000002488d154c80 nmethod 5760 0x000002483a023310 code [0x000002483a023560, 0x000002483a023d70]
Event: 40.507 Thread 0x000002488d12fd40 5761       4       java.util.HashSet::add (20 bytes)

GC Heap History (20 events):
Event: 4.550 GC heap before
{Heap before GC invocations=3 (full 0):
 garbage-first heap   total reserved 886784K, committed 57344K, used 36427K [0x00000000c9e00000, 0x0000000100000000)
  region size 1024K, 33 young (33792K), 2 survivors (2048K)
 Metaspace       used 14824K, committed 15040K, reserved 1114112K
  class space    used 1752K, committed 1856K, reserved 1048576K
}
Event: 4.574 GC heap after
{Heap after GC invocations=4 (full 0):
 garbage-first heap   total reserved 886784K, committed 57344K, used 8345K [0x00000000c9e00000, 0x0000000100000000)
  region size 1024K, 4 young (4096K), 4 survivors (4096K)
 Metaspace       used 14824K, committed 15040K, reserved 1114112K
  class space    used 1752K, committed 1856K, reserved 1048576K
}
Event: 6.901 GC heap before
{Heap before GC invocations=4 (full 0):
 garbage-first heap   total reserved 886784K, committed 57344K, used 37017K [0x00000000c9e00000, 0x0000000100000000)
  region size 1024K, 33 young (33792K), 4 survivors (4096K)
 Metaspace       used 19518K, committed 19904K, reserved 1114112K
  class space    used 2386K, committed 2560K, reserved 1048576K
}
Event: 6.921 GC heap after
{Heap after GC invocations=5 (full 0):
 garbage-first heap   total reserved 886784K, committed 57344K, used 11776K [0x00000000c9e00000, 0x0000000100000000)
  region size 1024K, 4 young (4096K), 4 survivors (4096K)
 Metaspace       used 19518K, committed 19904K, reserved 1114112K
  class space    used 2386K, committed 2560K, reserved 1048576K
}
Event: 8.095 GC heap before
{Heap before GC invocations=5 (full 0):
 garbage-first heap   total reserved 886784K, committed 57344K, used 25088K [0x00000000c9e00000, 0x0000000100000000)
  region size 1024K, 18 young (18432K), 4 survivors (4096K)
 Metaspace       used 21207K, committed 21504K, reserved 1114112K
  class space    used 2594K, committed 2752K, reserved 1048576K
}
Event: 8.105 GC heap after
{Heap after GC invocations=6 (full 0):
 garbage-first heap   total reserved 886784K, committed 57344K, used 12361K [0x00000000c9e00000, 0x0000000100000000)
  region size 1024K, 2 young (2048K), 2 survivors (2048K)
 Metaspace       used 21207K, committed 21504K, reserved 1114112K
  class space    used 2594K, committed 2752K, reserved 1048576K
}
Event: 9.782 GC heap before
{Heap before GC invocations=7 (full 0):
 garbage-first heap   total reserved 886784K, committed 45056K, used 35913K [0x00000000c9e00000, 0x0000000100000000)
  region size 1024K, 26 young (26624K), 2 survivors (2048K)
 Metaspace       used 25270K, committed 25728K, reserved 1114112K
  class space    used 3166K, committed 3392K, reserved 1048576K
}
Event: 9.790 GC heap after
{Heap after GC invocations=8 (full 0):
 garbage-first heap   total reserved 886784K, committed 45056K, used 14403K [0x00000000c9e00000, 0x0000000100000000)
  region size 1024K, 4 young (4096K), 4 survivors (4096K)
 Metaspace       used 25270K, committed 25728K, reserved 1114112K
  class space    used 3166K, committed 3392K, reserved 1048576K
}
Event: 11.639 GC heap before
{Heap before GC invocations=8 (full 0):
 garbage-first heap   total reserved 886784K, committed 45056K, used 35907K [0x00000000c9e00000, 0x0000000100000000)
  region size 1024K, 25 young (25600K), 4 survivors (4096K)
 Metaspace       used 28629K, committed 29184K, reserved 1114112K
  class space    used 3615K, committed 3840K, reserved 1048576K
}
Event: 11.651 GC heap after
{Heap after GC invocations=9 (full 0):
 garbage-first heap   total reserved 886784K, committed 45056K, used 15628K [0x00000000c9e00000, 0x0000000100000000)
  region size 1024K, 2 young (2048K), 2 survivors (2048K)
 Metaspace       used 28629K, committed 29184K, reserved 1114112K
  class space    used 3615K, committed 3840K, reserved 1048576K
}
Event: 13.469 GC heap before
{Heap before GC invocations=9 (full 0):
 garbage-first heap   total reserved 886784K, committed 45056K, used 36108K [0x00000000c9e00000, 0x0000000100000000)
  region size 1024K, 23 young (23552K), 2 survivors (2048K)
 Metaspace       used 34822K, committed 35328K, reserved 1114112K
  class space    used 4454K, committed 4672K, reserved 1048576K
}
Event: 13.480 GC heap after
{Heap after GC invocations=10 (full 0):
 garbage-first heap   total reserved 886784K, committed 45056K, used 18964K [0x00000000c9e00000, 0x0000000100000000)
  region size 1024K, 3 young (3072K), 3 survivors (3072K)
 Metaspace       used 34822K, committed 35328K, reserved 1114112K
  class space    used 4454K, committed 4672K, reserved 1048576K
}
Event: 14.104 GC heap before
{Heap before GC invocations=10 (full 0):
 garbage-first heap   total reserved 886784K, committed 45056K, used 25108K [0x00000000c9e00000, 0x0000000100000000)
  region size 1024K, 10 young (10240K), 3 survivors (3072K)
 Metaspace       used 35399K, committed 35968K, reserved 1114112K
  class space    used 4539K, committed 4800K, reserved 1048576K
}
Event: 14.110 GC heap after
{Heap after GC invocations=11 (full 0):
 garbage-first heap   total reserved 886784K, committed 45056K, used 18995K [0x00000000c9e00000, 0x0000000100000000)
  region size 1024K, 1 young (1024K), 1 survivors (1024K)
 Metaspace       used 35399K, committed 35968K, reserved 1114112K
  class space    used 4539K, committed 4800K, reserved 1048576K
}
Event: 15.746 GC heap before
{Heap before GC invocations=12 (full 0):
 garbage-first heap   total reserved 886784K, committed 45056K, used 36403K [0x00000000c9e00000, 0x0000000100000000)
  region size 1024K, 19 young (19456K), 1 survivors (1024K)
 Metaspace       used 39975K, committed 40576K, reserved 1114112K
  class space    used 5212K, committed 5504K, reserved 1048576K
}
Event: 15.754 GC heap after
{Heap after GC invocations=13 (full 0):
 garbage-first heap   total reserved 886784K, committed 45056K, used 21039K [0x00000000c9e00000, 0x0000000100000000)
  region size 1024K, 3 young (3072K), 3 survivors (3072K)
 Metaspace       used 39975K, committed 40576K, reserved 1114112K
  class space    used 5212K, committed 5504K, reserved 1048576K
}
Event: 18.092 GC heap before
{Heap before GC invocations=13 (full 0):
 garbage-first heap   total reserved 886784K, committed 45056K, used 37423K [0x00000000c9e00000, 0x0000000100000000)
  region size 1024K, 20 young (20480K), 3 survivors (3072K)
 Metaspace       used 42863K, committed 43520K, reserved 1114112K
  class space    used 5605K, committed 5888K, reserved 1048576K
}
Event: 18.103 GC heap after
{Heap after GC invocations=14 (full 0):
 garbage-first heap   total reserved 886784K, committed 45056K, used 22197K [0x00000000c9e00000, 0x0000000100000000)
  region size 1024K, 2 young (2048K), 2 survivors (2048K)
 Metaspace       used 42863K, committed 43520K, reserved 1114112K
  class space    used 5605K, committed 5888K, reserved 1048576K
}
Event: 19.923 GC heap before
{Heap before GC invocations=14 (full 0):
 garbage-first heap   total reserved 886784K, committed 45056K, used 38581K [0x00000000c9e00000, 0x0000000100000000)
  region size 1024K, 18 young (18432K), 2 survivors (2048K)
 Metaspace       used 45211K, committed 45888K, reserved 1114112K
  class space    used 5961K, committed 6272K, reserved 1048576K
}
Event: 19.931 GC heap after
{Heap after GC invocations=15 (full 0):
 garbage-first heap   total reserved 886784K, committed 45056K, used 23801K [0x00000000c9e00000, 0x0000000100000000)
  region size 1024K, 3 young (3072K), 3 survivors (3072K)
 Metaspace       used 45211K, committed 45888K, reserved 1114112K
  class space    used 5961K, committed 6272K, reserved 1048576K
}

Dll operation events (14 events):
Event: 0.100 Loaded shared library C:\Program Files\Java\jdk-22\bin\java.dll
Event: 0.283 Loaded shared library C:\Program Files\Java\jdk-22\bin\jsvml.dll
Event: 0.450 Loaded shared library C:\Program Files\Java\jdk-22\bin\zip.dll
Event: 0.457 Loaded shared library C:\Program Files\Java\jdk-22\bin\instrument.dll
Event: 0.466 Loaded shared library C:\Program Files\Java\jdk-22\bin\net.dll
Event: 0.472 Loaded shared library C:\Program Files\Java\jdk-22\bin\nio.dll
Event: 0.478 Loaded shared library C:\Program Files\Java\jdk-22\bin\zip.dll
Event: 0.618 Loaded shared library C:\Program Files\Java\jdk-22\bin\jimage.dll
Event: 0.753 Loaded shared library C:\Program Files\JetBrains\IntelliJ IDEA Community Edition 2024.1.1\bin\breakgen64.dll
Event: 0.789 Loaded shared library C:\Program Files\Java\jdk-22\bin\extnet.dll
Event: 2.010 Loaded shared library C:\Program Files\Java\jdk-22\bin\management.dll
Event: 2.014 Loaded shared library C:\Program Files\Java\jdk-22\bin\management_ext.dll
Event: 3.772 Loaded shared library C:\Program Files\Java\jdk-22\bin\le.dll
Event: 5.572 Loaded shared library C:\Program Files\Java\jdk-22\bin\sunmscapi.dll

Deoptimization events (20 events):
Event: 19.838 Thread 0x000002488d9c0710 DEOPT PACKING pc=0x0000024841a71cb8 sp=0x000000b7e86fe790
Event: 19.838 Thread 0x000002488d9c0710 DEOPT UNPACKING pc=0x00000248414a46a2 sp=0x000000b7e86fe658 mode 2
Event: 19.890 Thread 0x000002488d9c0710 DEOPT PACKING pc=0x000002483a9cb6ee sp=0x000000b7e86fe560
Event: 19.890 Thread 0x000002488d9c0710 DEOPT UNPACKING pc=0x00000248414a4e42 sp=0x000000b7e86fda38 mode 0
Event: 19.907 Thread 0x000002488d9c0710 Uncommon trap: trap_request=0xffffffde fr.pc=0x0000024841cd9594 relative=0x00000000000038f4
Event: 19.907 Thread 0x000002488d9c0710 Uncommon trap: reason=class_check action=maybe_recompile pc=0x0000024841cd9594 method=org.springframework.core.ResolvableType.resolveType()Lorg/springframework/core/ResolvableType; @ 44 c2
Event: 19.907 Thread 0x000002488d9c0710 DEOPT PACKING pc=0x0000024841cd9594 sp=0x000000b7e86fe1c0
Event: 19.907 Thread 0x000002488d9c0710 DEOPT UNPACKING pc=0x00000248414a46a2 sp=0x000000b7e86fe1e8 mode 2
Event: 19.907 Thread 0x000002488d9c0710 Uncommon trap: trap_request=0xffffffde fr.pc=0x0000024841cd9594 relative=0x00000000000038f4
Event: 19.907 Thread 0x000002488d9c0710 Uncommon trap: reason=class_check action=maybe_recompile pc=0x0000024841cd9594 method=org.springframework.core.ResolvableType.resolveType()Lorg/springframework/core/ResolvableType; @ 44 c2
Event: 19.907 Thread 0x000002488d9c0710 DEOPT PACKING pc=0x0000024841cd9594 sp=0x000000b7e86fe2a0
Event: 19.907 Thread 0x000002488d9c0710 DEOPT UNPACKING pc=0x00000248414a46a2 sp=0x000000b7e86fe2c8 mode 2
Event: 19.907 Thread 0x000002488d9c0710 Uncommon trap: trap_request=0xffffffde fr.pc=0x0000024841cd9594 relative=0x00000000000038f4
Event: 19.907 Thread 0x000002488d9c0710 Uncommon trap: reason=class_check action=maybe_recompile pc=0x0000024841cd9594 method=org.springframework.core.ResolvableType.resolveType()Lorg/springframework/core/ResolvableType; @ 44 c2
Event: 19.907 Thread 0x000002488d9c0710 DEOPT PACKING pc=0x0000024841cd9594 sp=0x000000b7e86fe2a0
Event: 19.907 Thread 0x000002488d9c0710 DEOPT UNPACKING pc=0x00000248414a46a2 sp=0x000000b7e86fe2c8 mode 2
Event: 19.907 Thread 0x000002488d9c0710 Uncommon trap: trap_request=0xffffffde fr.pc=0x0000024841cd9594 relative=0x00000000000038f4
Event: 19.907 Thread 0x000002488d9c0710 Uncommon trap: reason=class_check action=maybe_recompile pc=0x0000024841cd9594 method=org.springframework.core.ResolvableType.resolveType()Lorg/springframework/core/ResolvableType; @ 44 c2
Event: 19.907 Thread 0x000002488d9c0710 DEOPT PACKING pc=0x0000024841cd9594 sp=0x000000b7e86fe230
Event: 19.907 Thread 0x000002488d9c0710 DEOPT UNPACKING pc=0x00000248414a46a2 sp=0x000000b7e86fe258 mode 2

Classes loaded (20 events):
Event: 19.915 Loading class java/beans/WeakIdentityMap done
Event: 19.915 Loading class java/beans/ThreadGroupContext$1 done
Event: 19.915 Loading class java/beans/WeakIdentityMap$Entry
Event: 19.916 Loading class java/beans/WeakIdentityMap$Entry done
Event: 19.916 Loading class com/sun/beans/introspect/ClassInfo
Event: 19.917 Loading class com/sun/beans/introspect/ClassInfo done
Event: 19.917 Loading class com/sun/beans/introspect/ClassInfo$1
Event: 19.917 Loading class com/sun/beans/util/Cache
Event: 19.918 Loading class com/sun/beans/util/Cache done
Event: 19.918 Loading class com/sun/beans/introspect/ClassInfo$1 done
Event: 19.918 Loading class com/sun/beans/util/Cache$Kind
Event: 19.918 Loading class com/sun/beans/util/Cache$Kind done
Event: 19.918 Loading class com/sun/beans/util/Cache$Kind$1
Event: 19.919 Loading class com/sun/beans/util/Cache$Kind$1 done
Event: 19.919 Loading class com/sun/beans/util/Cache$Kind$2
Event: 19.919 Loading class com/sun/beans/util/Cache$Kind$2 done
Event: 19.919 Loading class com/sun/beans/util/Cache$Kind$3
Event: 19.920 Loading class com/sun/beans/util/Cache$Kind$3 done
Event: 19.920 Loading class com/sun/beans/util/Cache$CacheEntry
Event: 19.920 Loading class com/sun/beans/util/Cache$CacheEntry done

Classes unloaded (0 events):
No events

Classes redefined (0 events):
No events

Internal exceptions (20 events):
Event: 13.031 Thread 0x000002488d9c0710 Exception <a 'java/lang/NoSuchMethodError'{0x00000000cbdff3c0}: 'java.lang.Object java.lang.invoke.DirectMethodHandle$Holder.newInvokeSpecial(java.lang.Object, java.lang.Object, java.lang.Object, int, int)'> (0x00000000cbdff3c0) 
thrown [s\open\src\hotspot\share\interpreter\linkResolver.cpp, line 774]
Event: 13.066 Thread 0x000002489359a060 Exception <a 'sun/nio/fs/WindowsException'{0x00000000cbb08148}> (0x00000000cbb08148) 
thrown [s\open\src\hotspot\share\prims\jni.cpp, line 520]
Event: 13.124 Thread 0x000002488d9c0710 Exception <a 'java/lang/IncompatibleClassChangeError'{0x00000000cbbb8178}: Found class java.lang.Object, but interface was expected> (0x00000000cbbb8178) 
thrown [s\open\src\hotspot\share\interpreter\linkResolver.cpp, line 841]
Event: 13.356 Thread 0x000002488d9c0710 Exception <a 'java/lang/IncompatibleClassChangeError'{0x00000000cb741f88}: Found class java.lang.Object, but interface was expected> (0x00000000cb741f88) 
thrown [s\open\src\hotspot\share\interpreter\linkResolver.cpp, line 841]
Event: 14.423 Thread 0x000002488d9c0710 Exception <a 'java/lang/NoSuchMethodError'{0x00000000cc9b8580}: 'long java.lang.invoke.DirectMethodHandle$Holder.invokeVirtual(java.lang.Object, java.lang.Object, java.lang.Object, java.lang.Object, java.lang.Object, java.lang.Object)'> (0x00000000cc9b8580) 
thrown [s\open\src\hotspot\share\interpreter\linkResolver.cpp, line 774]
Event: 14.625 Thread 0x000002488d9c0710 Exception <a 'java/lang/IncompatibleClassChangeError'{0x00000000cc58f2a0}: Found class java.lang.Object, but interface was expected> (0x00000000cc58f2a0) 
thrown [s\open\src\hotspot\share\interpreter\linkResolver.cpp, line 841]
Event: 14.673 Thread 0x000002488d9c0710 Exception <a 'java/lang/NoSuchMethodError'{0x00000000cc48a170}: 'java.lang.Object java.lang.invoke.DirectMethodHandle$Holder.newInvokeSpecial(java.lang.Object, java.lang.Object, java.lang.Object, java.lang.Object, java.lang.Object, java.lang.Object)'> (0x00000000cc48a170) 
thrown [s\open\src\hotspot\share\interpreter\linkResolver.cpp, line 774]
Event: 14.762 Thread 0x000002488d9c0710 Exception <a 'java/lang/NoSuchMethodError'{0x00000000cc165e10}: 'java.lang.Object java.lang.invoke.DirectMethodHandle$Holder.invokeStatic(java.lang.Object, java.lang.Object, int, java.lang.Object)'> (0x00000000cc165e10) 
thrown [s\open\src\hotspot\share\interpreter\linkResolver.cpp, line 774]
Event: 14.762 Thread 0x000002488d9c0710 Exception <a 'java/lang/NoSuchMethodError'{0x00000000cc16c480}: 'java.lang.Object java.lang.invoke.DirectMethodHandle$Holder.newInvokeSpecial(java.lang.Object, java.lang.Object, int)'> (0x00000000cc16c480) 
thrown [s\open\src\hotspot\share\interpreter\linkResolver.cpp, line 774]
Event: 16.716 Thread 0x000002489359a060 Implicit null exception at 0x0000024841b6f0e6 to 0x0000024841b6f2e8
Event: 16.717 Thread 0x000002489359a060 Implicit null exception at 0x0000024841bd065d to 0x0000024841bd0724
Event: 16.809 Thread 0x000002488d9c0710 Exception <a 'java/lang/NoSuchMethodError'{0x00000000cc90e480}: 'java.lang.Object java.lang.invoke.DirectMethodHandle$Holder.newInvokeSpecial(java.lang.Object, java.lang.Object, java.lang.Object, java.lang.Object, java.lang.Object, java.lang.Object, java.lang.Object, java.lang.Object)'> (0x00000000cc90e480) 
thrown [s\open\src\hotspot\share\interpreter\linkResolver.cpp, line 774]
Event: 19.009 Thread 0x000002488d9c0710 Exception <a 'java/lang/IncompatibleClassChangeError'{0x00000000cc9e4060}: Found class java.lang.Object, but interface was expected> (0x00000000cc9e4060) 
thrown [s\open\src\hotspot\share\interpreter\linkResolver.cpp, line 841]
Event: 19.174 Thread 0x000002488d9c0710 Exception <a 'java/lang/NoSuchMethodError'{0x00000000cc6633b8}: 'java.lang.Object java.lang.invoke.DirectMethodHandle$Holder.invokeStaticInit(java.lang.Object, java.lang.Object, java.lang.Object, java.lang.Object)'> (0x00000000cc6633b8) 
thrown [s\open\src\hotspot\share\interpreter\linkResolver.cpp, line 774]
Event: 19.380 Thread 0x000002488d9c0710 Exception <a 'java/lang/NoSuchMethodError'{0x00000000cc149860}: 'void java.lang.invoke.DirectMethodHandle$Holder.invokeVirtual(java.lang.Object, java.lang.Object, long)'> (0x00000000cc149860) 
thrown [s\open\src\hotspot\share\interpreter\linkResolver.cpp, line 774]
Event: 19.630 Thread 0x000002488d9c0710 Exception <a 'java/lang/NoSuchMethodError'{0x00000000cbfed5f0}: 'int java.lang.invoke.DirectMethodHandle$Holder.invokeStaticInit(java.lang.Object, java.lang.Object, java.lang.Object, java.lang.Object)'> (0x00000000cbfed5f0) 
thrown [s\open\src\hotspot\share\interpreter\linkResolver.cpp, line 774]
Event: 19.840 Thread 0x000002488d9c0710 Exception <a 'java/lang/NoSuchMethodError'{0x00000000cbb8e428}: 'java.lang.Object java.lang.invoke.DirectMethodHandle$Holder.newInvokeSpecial(java.lang.Object, java.lang.Object, int, java.lang.Object, java.lang.Object)'> (0x00000000cbb8e428) 
thrown [s\open\src\hotspot\share\interpreter\linkResolver.cpp, line 774]
Event: 19.841 Thread 0x000002488d9c0710 Exception <a 'java/lang/NoSuchMethodError'{0x00000000cbb99418}: 'java.lang.Object java.lang.invoke.DirectMethodHandle$Holder.invokeSpecial(java.lang.Object, java.lang.Object, int, java.lang.Object, int, java.lang.Object)'> (0x00000000cbb99418) 
thrown [s\open\src\hotspot\share\interpreter\linkResolver.cpp, line 774]
Event: 19.842 Thread 0x000002488d9c0710 Exception <a 'java/lang/NoSuchMethodError'{0x00000000cbba05f8}: 'java.lang.Object java.lang.invoke.DirectMethodHandle$Holder.newInvokeSpecial(java.lang.Object, java.lang.Object, int, java.lang.Object, int)'> (0x00000000cbba05f8) 
thrown [s\open\src\hotspot\share\interpreter\linkResolver.cpp, line 774]
Event: 19.842 Thread 0x000002488d9c0710 Exception <a 'java/lang/NoSuchMethodError'{0x00000000cbba4490}: 'java.lang.Object java.lang.invoke.DirectMethodHandle$Holder.invokeSpecial(java.lang.Object, java.lang.Object, java.lang.Object, int, java.lang.Object, int)'> (0x00000000cbba4490) 
thrown [s\open\src\hotspot\share\interpreter\linkResolver.cpp, line 774]

ZGC Phase Switch (0 events):
No events

VM Operations (20 events):
Event: 18.092 Executing VM operation: G1CollectForAllocation (G1 Evacuation Pause)
Event: 18.103 Executing VM operation: G1CollectForAllocation (G1 Evacuation Pause) done
Event: 19.414 Executing VM operation: HandshakeAllThreads (Deoptimize)
Event: 19.414 Executing VM operation: HandshakeAllThreads (Deoptimize) done
Event: 19.414 Executing VM operation: Cleanup
Event: 19.414 Executing VM operation: Cleanup done
Event: 19.838 Executing VM operation: HandshakeAllThreads (Deoptimize)
Event: 19.838 Executing VM operation: HandshakeAllThreads (Deoptimize) done
Event: 19.923 Executing VM operation: G1CollectForAllocation (G1 Evacuation Pause)
Event: 19.931 Executing VM operation: G1CollectForAllocation (G1 Evacuation Pause) done
Event: 20.172 Executing VM operation: G1PauseRemark
Event: 20.182 Executing VM operation: G1PauseRemark done
Event: 20.197 Executing VM operation: G1PauseCleanup
Event: 20.198 Executing VM operation: G1PauseCleanup done
Event: 22.192 Executing VM operation: Cleanup
Event: 22.192 Executing VM operation: Cleanup done
Event: 28.249 Executing VM operation: Cleanup
Event: 28.249 Executing VM operation: Cleanup done
Event: 38.330 Executing VM operation: Cleanup
Event: 38.330 Executing VM operation: Cleanup done

Events (20 events):
Event: 20.181 Thread 0x0000024831c8b6d0 flushing nmethod 0x000002483a7dcb10
Event: 20.181 Thread 0x0000024831c8b6d0 flushing nmethod 0x000002483a7e4a90
Event: 20.181 Thread 0x0000024831c8b6d0 flushing nmethod 0x000002483a7e5390
Event: 20.181 Thread 0x0000024831c8b6d0 flushing nmethod 0x000002483a7e7e90
Event: 20.181 Thread 0x0000024831c8b6d0 flushing nmethod 0x000002483a7e9190
Event: 20.181 Thread 0x0000024831c8b6d0 flushing nmethod 0x000002483a7eb190
Event: 20.181 Thread 0x0000024831c8b6d0 flushing nmethod 0x000002483a7f8b10
Event: 20.181 Thread 0x0000024831c8b6d0 flushing nmethod 0x000002483a7f8f10
Event: 20.181 Thread 0x0000024831c8b6d0 flushing nmethod 0x000002483a7fc910
Event: 20.181 Thread 0x0000024831c8b6d0 flushing nmethod 0x000002483a800a90
Event: 20.181 Thread 0x0000024831c8b6d0 flushing nmethod 0x000002483a837210
Event: 20.181 Thread 0x0000024831c8b6d0 flushing nmethod 0x000002483a838c10
Event: 20.181 Thread 0x0000024831c8b6d0 flushing nmethod 0x000002483a83a090
Event: 20.181 Thread 0x0000024831c8b6d0 flushing nmethod 0x000002483a83b010
Event: 20.181 Thread 0x0000024831c8b6d0 flushing nmethod 0x000002483a83c290
Event: 20.181 Thread 0x0000024831c8b6d0 flushing nmethod 0x000002483a83e890
Event: 20.181 Thread 0x0000024831c8b6d0 flushing nmethod 0x000002483a83ee10
Event: 20.181 Thread 0x0000024831c8b6d0 flushing nmethod 0x000002483a841190
Event: 20.181 Thread 0x0000024831c8b6d0 flushing nmethod 0x000002483a841690
Event: 20.181 Thread 0x0000024831c8b6d0 flushing nmethod 0x000002483a848c10


Dynamic libraries:
0x00007ff7ee020000 - 0x00007ff7ee030000 	C:\Program Files\Java\jdk-22\bin\java.exe
0x00007ff988d90000 - 0x00007ff988f88000 	C:\WINDOWS\SYSTEM32\ntdll.dll
0x00007ff9880e0000 - 0x00007ff98819d000 	C:\WINDOWS\System32\KERNEL32.DLL
0x00007ff986630000 - 0x00007ff986926000 	C:\WINDOWS\System32\KERNELBASE.dll
0x00007ff986490000 - 0x00007ff986590000 	C:\WINDOWS\System32\ucrtbase.dll
0x00007ff980c70000 - 0x00007ff980c87000 	C:\Program Files\Java\jdk-22\bin\jli.dll
0x00007ff980c10000 - 0x00007ff980c2b000 	C:\Program Files\Java\jdk-22\bin\VCRUNTIME140.dll
0x00007ff988bf0000 - 0x00007ff988ca0000 	C:\WINDOWS\System32\ADVAPI32.dll
0x00007ff988340000 - 0x00007ff9883de000 	C:\WINDOWS\System32\msvcrt.dll
0x00007ff986dc0000 - 0x00007ff986e60000 	C:\WINDOWS\System32\sechost.dll
0x00007ff9879b0000 - 0x00007ff987ad3000 	C:\WINDOWS\System32\RPCRT4.dll
0x00007ff986ce0000 - 0x00007ff986d07000 	C:\WINDOWS\System32\bcrypt.dll
0x00007ff9881a0000 - 0x00007ff98833f000 	C:\WINDOWS\System32\USER32.dll
0x00007ff986600000 - 0x00007ff986622000 	C:\WINDOWS\System32\win32u.dll
0x00007ff9876c0000 - 0x00007ff9876eb000 	C:\WINDOWS\System32\GDI32.dll
0x00007ff9869d0000 - 0x00007ff986ae7000 	C:\WINDOWS\System32\gdi32full.dll
0x00007ff986930000 - 0x00007ff9869cd000 	C:\WINDOWS\System32\msvcp_win.dll
0x00007ff96fc50000 - 0x00007ff96feea000 	C:\WINDOWS\WinSxS\amd64_microsoft.windows.common-controls_6595b64144ccf1df_6.0.19041.4355_none_60b8b9eb71f62e16\COMCTL32.dll
0x00007ff97f080000 - 0x00007ff97f08a000 	C:\WINDOWS\SYSTEM32\VERSION.dll
0x00007ff988bb0000 - 0x00007ff988be2000 	C:\WINDOWS\System32\IMM32.DLL
0x00007ff980fd0000 - 0x00007ff980fdc000 	C:\Program Files\Java\jdk-22\bin\vcruntime140_1.dll
0x00007ff976ea0000 - 0x00007ff976f2e000 	C:\Program Files\Java\jdk-22\bin\msvcp140.dll
0x00007ff936640000 - 0x00007ff937387000 	C:\Program Files\Java\jdk-22\bin\server\jvm.dll
0x00007ff987ae0000 - 0x00007ff987b4b000 	C:\WINDOWS\System32\WS2_32.dll
0x00007ff986290000 - 0x00007ff9862db000 	C:\WINDOWS\SYSTEM32\POWRPROF.dll
0x00007ff974800000 - 0x00007ff974827000 	C:\WINDOWS\SYSTEM32\WINMM.dll
0x00007ff986270000 - 0x00007ff986282000 	C:\WINDOWS\SYSTEM32\UMPDC.dll
0x00007ff9842c0000 - 0x00007ff9842d2000 	C:\WINDOWS\SYSTEM32\kernel.appcore.dll
0x00007ff980c60000 - 0x00007ff980c6a000 	C:\Program Files\Java\jdk-22\bin\jimage.dll
0x00007ff97d750000 - 0x00007ff97d934000 	C:\WINDOWS\SYSTEM32\DBGHELP.DLL
0x00007ff96bea0000 - 0x00007ff96bed4000 	C:\WINDOWS\SYSTEM32\dbgcore.DLL
0x00007ff986c50000 - 0x00007ff986cd2000 	C:\WINDOWS\System32\bcryptPrimitives.dll
0x00007ff980bf0000 - 0x00007ff980bff000 	C:\Program Files\Java\jdk-22\bin\instrument.dll
0x00007ff9806f0000 - 0x00007ff98070e000 	C:\Program Files\Java\jdk-22\bin\java.dll
0x00007ff988440000 - 0x00007ff988bab000 	C:\WINDOWS\System32\SHELL32.dll
0x00007ff986ef0000 - 0x00007ff98701b000 	C:\WINDOWS\System32\ole32.dll
0x00007ff987b60000 - 0x00007ff987eb3000 	C:\WINDOWS\System32\combase.dll
0x00007ff9844c0000 - 0x00007ff984c5d000 	C:\WINDOWS\SYSTEM32\windows.storage.dll
0x00007ff985d90000 - 0x00007ff985dbe000 	C:\WINDOWS\SYSTEM32\Wldp.dll
0x00007ff9877f0000 - 0x00007ff9878bd000 	C:\WINDOWS\System32\OLEAUT32.dll
0x00007ff987610000 - 0x00007ff9876bd000 	C:\WINDOWS\System32\SHCORE.dll
0x00007ff987950000 - 0x00007ff9879a5000 	C:\WINDOWS\System32\shlwapi.dll
0x00007ff986370000 - 0x00007ff986394000 	C:\WINDOWS\SYSTEM32\profapi.dll
0x00007ff9676a0000 - 0x00007ff967777000 	C:\Program Files\Java\jdk-22\bin\jsvml.dll
0x00007ff9806b0000 - 0x00007ff9806c7000 	C:\Program Files\Java\jdk-22\bin\zip.dll
0x00007ff9806e0000 - 0x00007ff9806f0000 	C:\Program Files\Java\jdk-22\bin\net.dll
0x00007ff985af0000 - 0x00007ff985b5a000 	C:\WINDOWS\system32\mswsock.dll
0x00007ff980090000 - 0x00007ff9800a6000 	C:\Program Files\Java\jdk-22\bin\nio.dll
0x00007ff980070000 - 0x00007ff98008a000 	C:\Program Files\JetBrains\IntelliJ IDEA Community Edition 2024.1.1\bin\breakgen64.dll
0x00007ff980690000 - 0x00007ff980699000 	C:\Program Files\Java\jdk-22\bin\extnet.dll
0x00007ff980060000 - 0x00007ff98006a000 	C:\Program Files\Java\jdk-22\bin\management.dll
0x00007ff980040000 - 0x00007ff98004b000 	C:\Program Files\Java\jdk-22\bin\management_ext.dll
0x00007ff987f20000 - 0x00007ff987f28000 	C:\WINDOWS\System32\PSAPI.DLL
0x00007ff980030000 - 0x00007ff98003b000 	C:\Program Files\Java\jdk-22\bin\le.dll
0x00007ff980020000 - 0x00007ff98002e000 	C:\Program Files\Java\jdk-22\bin\sunmscapi.dll
0x00007ff986af0000 - 0x00007ff986c4e000 	C:\WINDOWS\System32\CRYPT32.dll
0x00007ff985e00000 - 0x00007ff985e29000 	C:\WINDOWS\SYSTEM32\ncrypt.dll
0x00007ff985dc0000 - 0x00007ff985dfb000 	C:\WINDOWS\SYSTEM32\NTASN1.dll
0x00007ff985ce0000 - 0x00007ff985cf8000 	C:\WINDOWS\SYSTEM32\CRYPTSP.dll
0x00007ff985410000 - 0x00007ff985444000 	C:\WINDOWS\system32\rsaenh.dll
0x00007ff9862e0000 - 0x00007ff98630e000 	C:\WINDOWS\SYSTEM32\USERENV.dll
0x00007ff985d00000 - 0x00007ff985d0c000 	C:\WINDOWS\SYSTEM32\CRYPTBASE.dll
0x00007ff9857d0000 - 0x00007ff98580b000 	C:\WINDOWS\SYSTEM32\IPHLPAPI.DLL
0x00007ff986ee0000 - 0x00007ff986ee8000 	C:\WINDOWS\System32\NSI.dll
0x00007ff97e590000 - 0x00007ff97e5a7000 	C:\WINDOWS\SYSTEM32\dhcpcsvc6.DLL
0x00007ff97e7e0000 - 0x00007ff97e7fd000 	C:\WINDOWS\SYSTEM32\dhcpcsvc.DLL
0x00007ff985810000 - 0x00007ff9858db000 	C:\WINDOWS\SYSTEM32\DNSAPI.dll
0x00007ff97f910000 - 0x00007ff97f917000 	C:\WINDOWS\system32\wshunix.dll
0x00007ff96ec90000 - 0x00007ff96ec9a000 	C:\Windows\System32\rasadhlp.dll
0x00007ff9717e0000 - 0x00007ff971860000 	C:\WINDOWS\System32\fwpuclnt.dll

dbghelp: loaded successfully - version: 4.0.5 - missing functions: none
symbol engine: initialized successfully - sym options: 0x614 - pdb path: .;C:\Program Files\Java\jdk-22\bin;C:\WINDOWS\SYSTEM32;C:\WINDOWS\WinSxS\amd64_microsoft.windows.common-controls_6595b64144ccf1df_6.0.19041.4355_none_60b8b9eb71f62e16;C:\Program Files\Java\jdk-22\bin\server;C:\Program Files\JetBrains\IntelliJ IDEA Community Edition 2024.1.1\bin

VM Arguments:
jvm_args: -javaagent:C:\Program Files\JetBrains\IntelliJ IDEA Community Edition 2024.1.1\lib\idea_rt.jar=53794:C:\Program Files\JetBrains\IntelliJ IDEA Community Edition 2024.1.1\bin -Dfile.encoding=UTF-8 -Dsun.stdout.encoding=UTF-8 -Dsun.stderr.encoding=UTF-8 
java_command: com.gameoddx.gameOdds.GameOddsApplication
java_class_path (initial): C:\Users\USER\Desktop\gameOdds\target\classes;C:\Users\USER\.m2\repository\org\springframework\boot\spring-boot-starter-data-mongodb\3.2.5\spring-boot-starter-data-mongodb-3.2.5.jar;C:\Users\USER\.m2\repository\org\springframework\boot\spring-boot-starter\3.2.5\spring-boot-starter-3.2.5.jar;C:\Users\USER\.m2\repository\org\springframework\boot\spring-boot-starter-logging\3.2.5\spring-boot-starter-logging-3.2.5.jar;C:\Users\USER\.m2\repository\ch\qos\logback\logback-classic\1.4.14\logback-classic-1.4.14.jar;C:\Users\USER\.m2\repository\ch\qos\logback\logback-core\1.4.14\logback-core-1.4.14.jar;C:\Users\USER\.m2\repository\org\apache\logging\log4j\log4j-to-slf4j\2.21.1\log4j-to-slf4j-2.21.1.jar;C:\Users\USER\.m2\repository\org\apache\logging\log4j\log4j-api\2.21.1\log4j-api-2.21.1.jar;C:\Users\USER\.m2\repository\org\slf4j\jul-to-slf4j\2.0.13\jul-to-slf4j-2.0.13.jar;C:\Users\USER\.m2\repository\jakarta\annotation\jakarta.annotation-api\2.1.1\jakarta.annotation-api-2.1.1.jar;C:\Users\USER\.m2\repository\org\yaml\snakeyaml\2.2\snakeyaml-2.2.jar;C:\Users\USER\.m2\repository\org\mongodb\mongodb-driver-sync\4.11.2\mongodb-driver-sync-4.11.2.jar;C:\Users\USER\.m2\repository\org\mongodb\bson\4.11.2\bson-4.11.2.jar;C:\Users\USER\.m2\repository\org\mongodb\mongodb-driver-core\4.11.2\mongodb-driver-core-4.11.2.jar;C:\Users\USER\.m2\repository\org\mongodb\bson-record-codec\4.11.2\bson-record-codec-4.11.2.jar;C:\Users\USER\.m2\repository\org\springframework\data\spring-data-mongodb\4.2.5\spring-data-mongodb-4.2.5.jar;C:\Users\USER\.m2\repository\org\springframework\spring-tx\6.1.6\spring-tx-6.1.6.jar;C:\Users\USER\.m2\repository\org\springframework\spring-context\6.1.6\spring-context-6.1.6.jar;C:\Users\USER\.m2\repository\org\springframework\spring-beans\6.1.6\spring-beans-6.1.6.jar;C:\Users\USER\.m2\repository\org\springframework\spring-expression\6.1.6\spring-expression-6.1.6.jar;C:\Users\USER\.m2\repository\org\springframework\data\spring-data-commons\3.2.5\spring-data-commons-3.2.5.jar;C:\Users\USER\.m2\repository\org\slf4j\slf4j-api\2.0.13\slf4j-api-2.0.13.jar;C:\Users\USER\.m2\repository\org\springframework\boot\spring-boot-starter-web\3.2.5\spring-boot-starter-web-3.2.5.jar;C:\Users\USER\.m2\repository\org\springframework\boot\spring-boot-starter-json\3.2.5\spring-boot-starter-json-3.2.5.jar;C:\Users\USER\.m2\repository\com\fasterxml\jackson\core\jackson-databind\2.15.4\jackson-databind-2.15.4.jar;C:\Users\USER\.m2\repository\com\fasterxml\jackson\core\jackson-annotations\2.15.4\jackson-annotations-2.15.4.jar;C:\Users\USER\.m2\repository\com\fasterxml\jackson\core\jackson-core\2.15.4\jackson-core-2.15.4.jar;C:\Users\USER\.m2\repository\com\fasterxml\jackson\datatype\jackson-datatype-jdk8\2.15.4\jackson-datatype-jdk8-2.15.4.jar;C:\Users\USER\.m2\repository\com\fasterxml\jackson\datatype\jackson-datatype-jsr310\2.15.4\jackson-datatype-jsr310-2.15.4.jar;C:\Users\USER\.m2\repository\com\fasterxml\jackson\module\jackson-module-parameter-names\2.15.4\jackson-module-parameter-names-2.15.4.jar;C:\Users\USER\.m2\repository\org\springframework\boot\spring-boot-starter-tomcat\3.2.5\spring-boot-starter-tomcat-3.2.5.jar;C:\Users\USER\.m2\repository\org\apache\tomcat\embed\tomcat-embed-core\10.1.20\tomcat-embed-core-10.1.20.jar;C:\Users\USER\.m2\repository\org\apache\tomcat\embed\tomcat-embed-el\10.1.20\tomcat-embed-el-10.1.20.jar;C:\Users\USER\.m2\repository\org\apache\tomcat\embed\tomcat-embed-websocket\10.1.20\tomcat-embed-websocket-10.1.20.jar;C:\Users\USER\.m2\repository\org\springframework\spring-web\6.1.6\spring-web-6.1.6.jar;C:\Users\USER\.m2\repository\io\micrometer\micrometer-observation\1.12.5\micrometer-observation-1.12.5.jar;C:\Users\USER\.m2\repository\io\micrometer\micrometer-commons\1.12.5\micrometer-commons-1.12.5.jar;C:\Users\USER\.m2\repository\org\springframework\spring-webmvc\6.1.6\spring-webmvc-6.1.6.jar;C:\Users\USER\.m2\repository\org\springframework\spring-aop\6.1.6\spring-aop-6.1.6.jar;C:\Users\USER\.m2\repository\org\springframework\boot\spring-boot-devtools\3.2.5\spring-boot-devtools-3.2.5.jar;C:\Users\USER\.m2\repository\org\springframework\boot\spring-boot\3.2.5\spring-boot-3.2.5.jar;C:\Users\USER\.m2\repository\org\springframework\boot\spring-boot-autoconfigure\3.2.5\spring-boot-autoconfigure-3.2.5.jar;C:\Users\USER\.m2\repository\org\projectlombok\lombok\1.18.32\lombok-1.18.32.jar;C:\Users\USER\.m2\repository\net\minidev\json-smart\2.5.1\json-smart-2.5.1.jar;C:\Users\USER\.m2\repository\net\minidev\accessors-smart\2.5.1\accessors-smart-2.5.1.jar;C:\Users\USER\.m2\repository\org\ow2\asm\asm\9.6\asm-9.6.jar;C:\Users\USER\.m2\repository\org\springframework\spring-core\6.1.6\spring-core-6.1.6.jar;C:\Users\USER\.m2\repository\org\springframework\spring-jcl\6.1.6\spring-jcl-6.1.6.jar;C:\Users\USER\.m2\repository\me\paulschwarz\spring-dotenv\4.0.0\spring-dotenv-4.0.0.jar;C:\Users\USER\.m2\repository\io\github\cdimascio\dotenv-java\3.0.0\dotenv-java-3.0.0.jar;C:\Users\USER\.m2\repository\org\springframework\boot\spring-boot-starter-oauth2-client\3.2.5\spring-boot-starter-oauth2-client-3.2.5.jar;C:\Users\USER\.m2\repository\org\springframework\security\spring-security-config\6.2.4\spring-security-config-6.2.4.jar;C:\Users\USER\.m2\repository\org\springframework\security\spring-security-core\6.2.4\spring-security-core-6.2.4.jar;C:\Users\USER\.m2\repository\org\springframework\security\spring-security-crypto\6.2.4\spring-security-crypto-6.2.4.jar;C:\Users\USER\.m2\repository\org\springframework\security\spring-security-oauth2-client\6.2.4\spring-security-oauth2-client-6.2.4.jar;C:\Users\USER\.m2\repository\org\springframework\security\spring-security-oauth2-core\6.2.4\spring-security-oauth2-core-6.2.4.jar;C:\Users\USER\.m2\repository\org\springframework\security\spring-security-web\6.2.4\spring-security-web-6.2.4.jar;C:\Users\USER\.m2\repository\com\nimbusds\oauth2-oidc-sdk\9.43.3\oauth2-oidc-sdk-9.43.3.jar;C:\Users\USER\.m2\repository\com\github\stephenc\jcip\jcip-annotations\1.0-1\jcip-annotations-1.0-1.jar;C:\Users\USER\.m2\repository\com\nimbusds\content-type\2.2\content-type-2.2.jar;C:\Users\USER\.m2\repository\com\nimbusds\lang-tag\1.7\lang-tag-1.7.jar;C:\Users\USER\.m2\repository\org\springframework\security\spring-security-oauth2-jose\6.2.4\spring-security-oauth2-jose-6.2.4.jar;C:\Users\USER\.m2\repository\com\nimbusds\nimbus-jose-jwt\9.24.4\nimbus-jose-jwt-9.24.4.jar
Launcher Type: SUN_STANDARD

[Global flags]
     intx CICompilerCount                          = 2                                         {product} {ergonomic}
     uint ConcGCThreads                            = 1                                         {product} {ergonomic}
     uint G1ConcRefinementThreads                  = 2                                         {product} {ergonomic}
   size_t G1HeapRegionSize                         = 1048576                                   {product} {ergonomic}
   size_t InitialHeapSize                          = 58720256                                  {product} {ergonomic}
   size_t MarkStackSize                            = 4194304                                   {product} {ergonomic}
   size_t MaxHeapSize                              = 908066816                                 {product} {ergonomic}
   size_t MaxNewSize                               = 544210944                                 {product} {ergonomic}
   size_t MinHeapDeltaBytes                        = 1048576                                   {product} {ergonomic}
   size_t MinHeapSize                              = 8388608                                   {product} {ergonomic}
    uintx NonNMethodCodeHeapSize                   = 5826188                                {pd product} {ergonomic}
    uintx NonProfiledCodeHeapSize                  = 122916026                              {pd product} {ergonomic}
    uintx ProfiledCodeHeapSize                     = 122916026                              {pd product} {ergonomic}
    uintx ReservedCodeCacheSize                    = 251658240                              {pd product} {ergonomic}
     bool SegmentedCodeCache                       = true                                      {product} {ergonomic}
   size_t SoftMaxHeapSize                          = 908066816                              {manageable} {ergonomic}
     bool UseCompressedOops                        = true                           {product lp64_product} {ergonomic}
     bool UseG1GC                                  = true                                      {product} {ergonomic}
     bool UseLargePagesIndividualAllocation        = false                                  {pd product} {ergonomic}

Logging:
Log output configuration:
 #0: stdout all=warning uptime,level,tags foldmultilines=false
 #1: stderr all=off uptime,level,tags foldmultilines=false

Environment Variables:
PATH=C:\Program Files\Common Files\Oracle\Java\javapath;C:\ProgramData\Oracle\Java\javapath;C:\WINDOWS\system32;C:\WINDOWS;C:\WINDOWS\System32\Wbem;C:\WINDOWS\System32\WindowsPowerShell\v1.0\;C:\WINDOWS\System32\OpenSSH\;C:\Users\USER\AppData\Roaming\npm;C:\Program Files\nodejs;C:\Program Files\nodejs\;C:\Program Files\Git\cmd;C:\Users\USER\AppData\Local\Microsoft\WindowsApps;C:\Users\USER\AppData\Local\Programs\Microsoft VS Code\bin;C:\Program Files\nodejs;C:\Users\USER\AppData\Roaming\npm
USERNAME=USER
OS=Windows_NT
PROCESSOR_IDENTIFIER=AMD64 Family 23 Model 24 Stepping 1, AuthenticAMD
TMP=C:\Users\USER\AppData\Local\Temp
TEMP=C:\Users\USER\AppData\Local\Temp




Periodic native trim disabled

---------------  S Y S T E M  ---------------

OS:
 Windows 10 , 64 bit Build 19041 (10.0.19041.3636)
OS uptime: 5 days 21:08 hours

CPU: total 2 (initial active 2) (2 cores per cpu, 1 threads per core) family 23 model 24 stepping 1 microcode 0x0, cx8, cmov, fxsr, mmx, 3dnowpref, sse, sse2, sse3, ssse3, sse4a, sse4.1, sse4.2, popcnt, lzcnt, tsc, tscinvbit, avx, avx2, aes, clmul, bmi1, bmi2, adx, sha, fma, vzeroupper, clflush, clflushopt, rdtscp, f16c
Processor Information for all 2 processors :
  Max Mhz: 2300, Current Mhz: 2300, Mhz Limit: 2300

Memory: 4k page, system-wide physical 3461M (154M free)
TotalPageFile size 10837M (AvailPageFile size 5M)
current process WorkingSet (physical memory assigned to process): 161M, peak: 192M
current process commit charge ("private bytes"): 200M, peak: 222M

vm_info: Java HotSpot(TM) 64-Bit Server VM (22.0.1+8-16) for windows-amd64 JRE (22.0.1+8-16), built on 2024-03-12T10:33:16Z by "mach5one" with MS VC++ 17.6 (VS2022)

END.
