#
# There is insufficient memory for the Java Runtime Environment to continue.
# Native memory allocation (malloc) failed to allocate 65552 bytes. Error detail: Chunk::new
# Possible reasons:
#   The system is out of physical RAM or swap space
#   This process is running with CompressedOops enabled, and the Java Heap may be blocking the growth of the native heap
# Possible solutions:
#   Reduce memory load on the system
#   Increase physical memory or swap space
#   Check if swap backing store is full
#   Decrease Java heap size (-Xmx/-Xms)
#   Decrease number of Java threads
#   Decrease Java thread stack sizes (-Xss)
#   Set larger code cache with -XX:ReservedCodeCacheSize=
#   JVM is running with Unscaled Compressed Oops mode in which the Java heap is
#     placed in the first 4GB address space. The Java Heap base address is the
#     maximum limit for the native heap growth. Please use -XX:HeapBaseMinAddress
#     to set the Java Heap base and to place the Java Heap above 4GB virtual address.
# This output file may be truncated or incomplete.
#
#  Out of Memory Error (arena.cpp:150), pid=2572, tid=10760
#
# JRE version: Java(TM) SE Runtime Environment (22.0.1+8) (build 22.0.1+8-16)
# Java VM: Java HotSpot(TM) 64-Bit Server VM (22.0.1+8-16, mixed mode, sharing, tiered, compressed oops, compressed class ptrs, g1 gc, windows-amd64)
# No core dump will be written. Minidumps are not enabled by default on client versions of Windows
#

---------------  S U M M A R Y ------------

Command Line: -javaagent:C:\Program Files\JetBrains\IntelliJ IDEA Community Edition 2024.1.1\lib\idea_rt.jar=54413:C:\Program Files\JetBrains\IntelliJ IDEA Community Edition 2024.1.1\bin -Dfile.encoding=UTF-8 -Dsun.stdout.encoding=UTF-8 -Dsun.stderr.encoding=UTF-8 com.gameoddx.gameOdds.GameOddsApplication

Host: AMD Athlon Silver 3050U with Radeon Graphics   , 2 cores, 3G,  Windows 10 , 64 bit Build 19041 (10.0.19041.3636)
Time: Thu May  9 03:35:49 2024 GMT Summer Time elapsed time: 114.192366 seconds (0d 0h 1m 54s)

---------------  T H R E A D  ---------------

Current thread (0x0000018e29429c50):  JavaThread "C2 CompilerThread0" daemon [_thread_in_native, id=10760, stack(0x0000001a30100000,0x0000001a30200000) (1024K)]


Current CompileTask:
C2:114193 5395       4       org.bson.io.OutputBuffer::writeCharacters (273 bytes)

Stack: [0x0000001a30100000,0x0000001a30200000]
Native frames: (J=compiled Java code, j=interpreted, Vv=VM code, C=native code)
V  [jvm.dll+0x6e2279]  (no source info available)
V  [jvm.dll+0x874e33]  (no source info available)
V  [jvm.dll+0x87725e]  (no source info available)
V  [jvm.dll+0x877933]  (no source info available)
V  [jvm.dll+0x27fd76]  (no source info available)
V  [jvm.dll+0xc3d0f]  (no source info available)
V  [jvm.dll+0xc40fb]  (no source info available)
V  [jvm.dll+0xc3bbb]  (no source info available)
V  [jvm.dll+0x73a75c]  (no source info available)
V  [jvm.dll+0x616647]  (no source info available)
V  [jvm.dll+0x61dcb1]  (no source info available)
V  [jvm.dll+0x61a08b]  (no source info available)
V  [jvm.dll+0x609058]  (no source info available)
V  [jvm.dll+0x609324]  (no source info available)
V  [jvm.dll+0x605f49]  (no source info available)
V  [jvm.dll+0x605f7c]  (no source info available)
V  [jvm.dll+0x605f7c]  (no source info available)
V  [jvm.dll+0x60c484]  (no source info available)
V  [jvm.dll+0x249a35]  (no source info available)
V  [jvm.dll+0x246ec6]  (no source info available)
V  [jvm.dll+0x1c4e90]  (no source info available)
V  [jvm.dll+0x2569fe]  (no source info available)
V  [jvm.dll+0x254cba]  (no source info available)
V  [jvm.dll+0x3f5336]  (no source info available)
V  [jvm.dll+0x81d44b]  (no source info available)
V  [jvm.dll+0x6e0915]  (no source info available)
C  [ucrtbase.dll+0x21bb2]  (no source info available)
C  [KERNEL32.DLL+0x17344]  (no source info available)
C  [ntdll.dll+0x526b1]  (no source info available)


---------------  P R O C E S S  ---------------

Threads class SMR info:
_java_thread_list=0x0000018e7092f2b0, length=37, elements={
0x0000018e29420f40, 0x0000018e29421b50, 0x0000018e29424b90, 0x0000018e294255f0,
0x0000018e29428060, 0x0000018e29428ac0, 0x0000018e29429c50, 0x0000018e2942f6e0,
0x0000018e2941d350, 0x0000018e2995e140, 0x0000018e29998c70, 0x0000018e700968c0,
0x0000018e70095ba0, 0x0000018e700975e0, 0x0000018e700947f0, 0x0000018e70094e80,
0x0000018e70095510, 0x0000018e6f3e6ee0, 0x0000018e6f3e7570, 0x0000018e6f3e54a0,
0x0000018e6f3e9640, 0x0000018e6f3e4780, 0x0000018e6f3e8290, 0x0000018e6f3e9cd0,
0x0000018e6f3e8fb0, 0x0000018e6f3e61c0, 0x0000018e6f3e6850, 0x0000018e6f3e3a60,
0x0000018e6f3ea360, 0x0000018e6f3e7c00, 0x0000018e6f3ea9f0, 0x0000018e6f3e4e10,
0x0000018e6f3eb080, 0x0000018e6f3e40f0, 0x0000018e71327f30, 0x0000018e71325140,
0x0000018e71323d90
}

Java Threads: ( => current thread )
  0x0000018e29420f40 JavaThread "Reference Handler"          daemon [_thread_blocked, id=12652, stack(0x0000001a2fb00000,0x0000001a2fc00000) (1024K)]
  0x0000018e29421b50 JavaThread "Finalizer"                  daemon [_thread_blocked, id=1136, stack(0x0000001a2fc00000,0x0000001a2fd00000) (1024K)]
  0x0000018e29424b90 JavaThread "Signal Dispatcher"          daemon [_thread_blocked, id=9840, stack(0x0000001a2fd00000,0x0000001a2fe00000) (1024K)]
  0x0000018e294255f0 JavaThread "Attach Listener"            daemon [_thread_blocked, id=13628, stack(0x0000001a2fe00000,0x0000001a2ff00000) (1024K)]
  0x0000018e29428060 JavaThread "Service Thread"             daemon [_thread_blocked, id=10740, stack(0x0000001a2ff00000,0x0000001a30000000) (1024K)]
  0x0000018e29428ac0 JavaThread "Monitor Deflation Thread"   daemon [_thread_blocked, id=10676, stack(0x0000001a30000000,0x0000001a30100000) (1024K)]
=>0x0000018e29429c50 JavaThread "C2 CompilerThread0"         daemon [_thread_in_native, id=10760, stack(0x0000001a30100000,0x0000001a30200000) (1024K)]
  0x0000018e2942f6e0 JavaThread "C1 CompilerThread0"         daemon [_thread_blocked, id=15256, stack(0x0000001a30200000,0x0000001a30300000) (1024K)]
  0x0000018e2941d350 JavaThread "Common-Cleaner"             daemon [_thread_blocked, id=15068, stack(0x0000001a30300000,0x0000001a30400000) (1024K)]
  0x0000018e2995e140 JavaThread "Monitor Ctrl-Break"         daemon [_thread_in_native, id=12092, stack(0x0000001a30400000,0x0000001a30500000) (1024K)]
  0x0000018e29998c70 JavaThread "Notification Thread"        daemon [_thread_blocked, id=4040, stack(0x0000001a30500000,0x0000001a30600000) (1024K)]
  0x0000018e700968c0 JavaThread "Catalina-utility-1"                [_thread_blocked, id=7304, stack(0x0000001a30900000,0x0000001a30a00000) (1024K)]
  0x0000018e70095ba0 JavaThread "Catalina-utility-2"                [_thread_blocked, id=8752, stack(0x0000001a30a00000,0x0000001a30b00000) (1024K)]
  0x0000018e700975e0 JavaThread "container-0"                       [_thread_blocked, id=14312, stack(0x0000001a30b00000,0x0000001a30c00000) (1024K)]
  0x0000018e700947f0 JavaThread "Jndi-Dns-address-change-listener" daemon [_thread_in_native, id=12900, stack(0x0000001a30c00000,0x0000001a30d00000) (1024K)]
  0x0000018e70094e80 JavaThread "BufferPoolPruner-1-thread-1" daemon [_thread_blocked, id=7208, stack(0x0000001a30d00000,0x0000001a30e00000) (1024K)]
  0x0000018e70095510 JavaThread "cluster-ClusterId{value='663c361b6b1680698e15a3ae', description='null'}-ac-a0gbpak-shard-00-02.zpq6wld.mongodb.net:27017" daemon [_thread_blocked, id=4036, stack(0x0000001a30f00000,0x0000001a31000000) (1024K)]
  0x0000018e6f3e6ee0 JavaThread "cluster-rtt-ClusterId{value='663c361b6b1680698e15a3ae', description='null'}-ac-a0gbpak-shard-00-02.zpq6wld.mongodb.net:27017" daemon [_thread_blocked, id=13020, stack(0x0000001a31000000,0x0000001a31100000) (1024K)]
  0x0000018e6f3e7570 JavaThread "cluster-ClusterId{value='663c361b6b1680698e15a3ae', description='null'}-ac-a0gbpak-shard-00-00.zpq6wld.mongodb.net:27017" daemon [_thread_blocked, id=13792, stack(0x0000001a31100000,0x0000001a31200000) (1024K)]
  0x0000018e6f3e54a0 JavaThread "cluster-rtt-ClusterId{value='663c361b6b1680698e15a3ae', description='null'}-ac-a0gbpak-shard-00-00.zpq6wld.mongodb.net:27017" daemon [_thread_blocked, id=14268, stack(0x0000001a31200000,0x0000001a31300000) (1024K)]
  0x0000018e6f3e9640 JavaThread "cluster-ClusterId{value='663c361b6b1680698e15a3ae', description='null'}-ac-a0gbpak-shard-00-01.zpq6wld.mongodb.net:27017" daemon [_thread_blocked, id=13832, stack(0x0000001a31300000,0x0000001a31400000) (1024K)]
  0x0000018e6f3e4780 JavaThread "cluster-rtt-ClusterId{value='663c361b6b1680698e15a3ae', description='null'}-ac-a0gbpak-shard-00-01.zpq6wld.mongodb.net:27017" daemon [_thread_blocked, id=8732, stack(0x0000001a31400000,0x0000001a31500000) (1024K)]
  0x0000018e6f3e8290 JavaThread "Live Reload Server"         daemon [_thread_in_native, id=4060, stack(0x0000001a31600000,0x0000001a31700000) (1024K)]
  0x0000018e6f3e9cd0 JavaThread "File Watcher"               daemon [_thread_blocked, id=8632, stack(0x0000001a31700000,0x0000001a31800000) (1024K)]
  0x0000018e6f3e8fb0 JavaThread "http-nio-8080-exec-1"       daemon [_thread_blocked, id=11208, stack(0x0000001a31800000,0x0000001a31900000) (1024K)]
  0x0000018e6f3e61c0 JavaThread "http-nio-8080-exec-2"       daemon [_thread_blocked, id=13572, stack(0x0000001a31900000,0x0000001a31a00000) (1024K)]
  0x0000018e6f3e6850 JavaThread "http-nio-8080-exec-3"       daemon [_thread_blocked, id=5060, stack(0x0000001a31a00000,0x0000001a31b00000) (1024K)]
  0x0000018e6f3e3a60 JavaThread "http-nio-8080-exec-4"       daemon [_thread_blocked, id=6944, stack(0x0000001a31b00000,0x0000001a31c00000) (1024K)]
  0x0000018e6f3ea360 JavaThread "http-nio-8080-exec-5"       daemon [_thread_blocked, id=9212, stack(0x0000001a31c00000,0x0000001a31d00000) (1024K)]
  0x0000018e6f3e7c00 JavaThread "http-nio-8080-exec-6"       daemon [_thread_blocked, id=12320, stack(0x0000001a31d00000,0x0000001a31e00000) (1024K)]
  0x0000018e6f3ea9f0 JavaThread "http-nio-8080-exec-7"       daemon [_thread_blocked, id=5648, stack(0x0000001a31e00000,0x0000001a31f00000) (1024K)]
  0x0000018e6f3e4e10 JavaThread "http-nio-8080-exec-8"       daemon [_thread_blocked, id=13988, stack(0x0000001a31f00000,0x0000001a32000000) (1024K)]
  0x0000018e6f3eb080 JavaThread "http-nio-8080-exec-9"       daemon [_thread_blocked, id=13656, stack(0x0000001a32000000,0x0000001a32100000) (1024K)]
  0x0000018e6f3e40f0 JavaThread "http-nio-8080-exec-10"      daemon [_thread_blocked, id=13332, stack(0x0000001a32100000,0x0000001a32200000) (1024K)]
  0x0000018e71327f30 JavaThread "http-nio-8080-Poller"       daemon [_thread_in_native, id=15320, stack(0x0000001a32200000,0x0000001a32300000) (1024K)]
  0x0000018e71325140 JavaThread "http-nio-8080-Acceptor"     daemon [_thread_in_native, id=6172, stack(0x0000001a32300000,0x0000001a32400000) (1024K)]
  0x0000018e71323d90 JavaThread "DestroyJavaVM"                     [_thread_blocked, id=15308, stack(0x0000001a2f300000,0x0000001a2f400000) (1024K)]
Total: 37

Other Threads:
  0x0000018e0d136ff0 VMThread "VM Thread"                           [id=6028, stack(0x0000001a2fa00000,0x0000001a2fb00000) (1024K)]
  0x0000018e2941bd30 WatcherThread "VM Periodic Task Thread"        [id=12704, stack(0x0000001a2f900000,0x0000001a2fa00000) (1024K)]
  0x0000018e0d0bdab0 WorkerThread "GC Thread#0"                     [id=12180, stack(0x0000001a2f400000,0x0000001a2f500000) (1024K)]
  0x0000018e299a3270 WorkerThread "GC Thread#1"                     [id=11584, stack(0x0000001a30600000,0x0000001a30700000) (1024K)]
  0x0000018e0d0c5890 ConcurrentGCThread "G1 Main Marker"            [id=9372, stack(0x0000001a2f500000,0x0000001a2f600000) (1024K)]
  0x0000018e0d0c6cf0 WorkerThread "G1 Conc#0"                       [id=13172, stack(0x0000001a2f600000,0x0000001a2f700000) (1024K)]
  0x0000018e0d10e670 ConcurrentGCThread "G1 Refine#0"               [id=7840, stack(0x0000001a2f700000,0x0000001a2f800000) (1024K)]
  0x0000018e0d1103b0 ConcurrentGCThread "G1 Service"                [id=14812, stack(0x0000001a2f800000,0x0000001a2f900000) (1024K)]
Total: 8

Threads with active compile tasks:
C2 CompilerThread0  114464 5395       4       org.bson.io.OutputBuffer::writeCharacters (273 bytes)
Total: 1

VM state: not at safepoint (normal execution)

VM Mutex/Monitor currently owned by a thread: None

Heap address: 0x00000000c9e00000, size: 866 MB, Compressed Oops mode: 32-bit

CDS archive(s) mapped at: [0x0000018e2a000000-0x0000018e2ac60000-0x0000018e2ac60000), size 12976128, SharedBaseAddress: 0x0000018e2a000000, ArchiveRelocationMode: 1.
Compressed class space mapped at: 0x0000018e2b000000-0x0000018e6b000000, reserved size: 1073741824
Narrow klass base: 0x0000018e2a000000, Narrow klass shift: 0, Narrow klass range: 0x41000000

GC Precious Log:
 CardTable entry size: 512
 Card Set container configuration: InlinePtr #cards 5 size 8 Array Of Cards #cards 12 size 40 Howl #buckets 4 coarsen threshold 1843 Howl Bitmap #cards 512 size 80 coarsen threshold 460 Card regions per heap region 1 cards per card region 2048
 CPUs: 2 total, 2 available
 Memory: 3461M
 Large Page Support: Disabled
 NUMA Support: Disabled
 Compressed Oops: Enabled (32-bit)
 Heap Region Size: 1M
 Heap Min Capacity: 8M
 Heap Initial Capacity: 56M
 Heap Max Capacity: 866M
 Pre-touch: Disabled
 Parallel Workers: 2
 Concurrent Workers: 1
 Concurrent Refinement Workers: 2
 Periodic GC: Disabled

Heap:
 garbage-first heap   total reserved 886784K, committed 49152K, used 25515K [0x00000000c9e00000, 0x0000000100000000)
  region size 1024K, 8 young (8192K), 2 survivors (2048K)
 Metaspace       used 40886K, committed 41536K, reserved 1114112K
  class space    used 5329K, committed 5632K, reserved 1048576K

Heap Regions: E=young(eden), S=young(survivor), O=old, HS=humongous(starts), HC=humongous(continues), CS=collection set, F=free, TAMS=top-at-mark-start, PB=parsable bottom
|   0|0x00000000c9e00000, 0x00000000c9f00000, 0x00000000c9f00000|100%| O|  |TAMS 0x00000000c9e00000| PB 0x00000000c9e00000| Untracked |  0
|   1|0x00000000c9f00000, 0x00000000ca000000, 0x00000000ca000000|100%| O|  |TAMS 0x00000000c9f00000| PB 0x00000000c9f00000| Untracked |  0
|   2|0x00000000ca000000, 0x00000000ca100000, 0x00000000ca100000|100%| O|  |TAMS 0x00000000ca000000| PB 0x00000000ca000000| Untracked |  0
|   3|0x00000000ca100000, 0x00000000ca200000, 0x00000000ca200000|100%| O|  |TAMS 0x00000000ca100000| PB 0x00000000ca100000| Untracked |  0
|   4|0x00000000ca200000, 0x00000000ca300000, 0x00000000ca300000|100%| O|  |TAMS 0x00000000ca200000| PB 0x00000000ca200000| Untracked |  0
|   5|0x00000000ca300000, 0x00000000ca400000, 0x00000000ca400000|100%| O|  |TAMS 0x00000000ca300000| PB 0x00000000ca300000| Untracked |  0
|   6|0x00000000ca400000, 0x00000000ca500000, 0x00000000ca500000|100%| O|  |TAMS 0x00000000ca400000| PB 0x00000000ca400000| Untracked |  0
|   7|0x00000000ca500000, 0x00000000ca600000, 0x00000000ca600000|100%| O|  |TAMS 0x00000000ca500000| PB 0x00000000ca500000| Untracked |  0
|   8|0x00000000ca600000, 0x00000000ca700000, 0x00000000ca700000|100%| O|  |TAMS 0x00000000ca600000| PB 0x00000000ca600000| Untracked |  0
|   9|0x00000000ca700000, 0x00000000ca800000, 0x00000000ca800000|100%| O|  |TAMS 0x00000000ca700000| PB 0x00000000ca700000| Untracked |  0
|  10|0x00000000ca800000, 0x00000000ca900000, 0x00000000ca900000|100%| O|  |TAMS 0x00000000ca800000| PB 0x00000000ca800000| Untracked |  0
|  11|0x00000000ca900000, 0x00000000caa00000, 0x00000000caa00000|100%| O|  |TAMS 0x00000000ca900000| PB 0x00000000ca900000| Untracked |  0
|  12|0x00000000caa00000, 0x00000000cab00000, 0x00000000cab00000|100%| O|  |TAMS 0x00000000caa00000| PB 0x00000000caa00000| Untracked |  0
|  13|0x00000000cab00000, 0x00000000cab00000, 0x00000000cac00000|  0%| F|  |TAMS 0x00000000cab00000| PB 0x00000000cab00000| Untracked |  0
|  14|0x00000000cac00000, 0x00000000cad00000, 0x00000000cad00000|100%| O|  |TAMS 0x00000000cac00000| PB 0x00000000cac00000| Untracked |  0
|  15|0x00000000cad00000, 0x00000000cae00000, 0x00000000cae00000|100%| O|  |TAMS 0x00000000cad00000| PB 0x00000000cad00000| Untracked |  0
|  16|0x00000000cae00000, 0x00000000caf00000, 0x00000000caf00000|100%| O|  |TAMS 0x00000000cae00000| PB 0x00000000cae00000| Untracked |  0
|  17|0x00000000caf00000, 0x00000000cb000000, 0x00000000cb000000|100%| O|  |TAMS 0x00000000caf00000| PB 0x00000000caf00000| Untracked |  0
|  18|0x00000000cb000000, 0x00000000cb100000, 0x00000000cb100000|100%| O|  |TAMS 0x00000000cb000000| PB 0x00000000cb000000| Untracked |  0
|  19|0x00000000cb100000, 0x00000000cb1beb40, 0x00000000cb200000| 74%| O|  |TAMS 0x00000000cb100000| PB 0x00000000cb100000| Untracked |  0
|  20|0x00000000cb200000, 0x00000000cb200000, 0x00000000cb300000|  0%| F|  |TAMS 0x00000000cb200000| PB 0x00000000cb200000| Untracked |  0
|  21|0x00000000cb300000, 0x00000000cb300000, 0x00000000cb400000|  0%| F|  |TAMS 0x00000000cb300000| PB 0x00000000cb300000| Untracked |  0
|  22|0x00000000cb400000, 0x00000000cb400000, 0x00000000cb500000|  0%| F|  |TAMS 0x00000000cb400000| PB 0x00000000cb400000| Untracked |  0
|  23|0x00000000cb500000, 0x00000000cb500000, 0x00000000cb600000|  0%| F|  |TAMS 0x00000000cb500000| PB 0x00000000cb500000| Untracked |  0
|  24|0x00000000cb600000, 0x00000000cb600000, 0x00000000cb700000|  0%| F|  |TAMS 0x00000000cb600000| PB 0x00000000cb600000| Untracked |  0
|  25|0x00000000cb700000, 0x00000000cb72c128, 0x00000000cb800000| 17%| S|CS|TAMS 0x00000000cb700000| PB 0x00000000cb700000| Complete |  0
|  26|0x00000000cb800000, 0x00000000cb900000, 0x00000000cb900000|100%| S|CS|TAMS 0x00000000cb800000| PB 0x00000000cb800000| Complete |  0
|  27|0x00000000cb900000, 0x00000000cb900000, 0x00000000cba00000|  0%| F|  |TAMS 0x00000000cb900000| PB 0x00000000cb900000| Untracked |  0
|  28|0x00000000cba00000, 0x00000000cba00000, 0x00000000cbb00000|  0%| F|  |TAMS 0x00000000cba00000| PB 0x00000000cba00000| Untracked |  0
|  29|0x00000000cbb00000, 0x00000000cbb00000, 0x00000000cbc00000|  0%| F|  |TAMS 0x00000000cbb00000| PB 0x00000000cbb00000| Untracked |  0
|  30|0x00000000cbc00000, 0x00000000cbc00000, 0x00000000cbd00000|  0%| F|  |TAMS 0x00000000cbc00000| PB 0x00000000cbc00000| Untracked |  0
|  31|0x00000000cbd00000, 0x00000000cbd00000, 0x00000000cbe00000|  0%| F|  |TAMS 0x00000000cbd00000| PB 0x00000000cbd00000| Untracked |  0
|  32|0x00000000cbe00000, 0x00000000cbe00000, 0x00000000cbf00000|  0%| F|  |TAMS 0x00000000cbe00000| PB 0x00000000cbe00000| Untracked |  0
|  33|0x00000000cbf00000, 0x00000000cbf00000, 0x00000000cc000000|  0%| F|  |TAMS 0x00000000cbf00000| PB 0x00000000cbf00000| Untracked |  0
|  34|0x00000000cc000000, 0x00000000cc000000, 0x00000000cc100000|  0%| F|  |TAMS 0x00000000cc000000| PB 0x00000000cc000000| Untracked |  0
|  35|0x00000000cc100000, 0x00000000cc100000, 0x00000000cc200000|  0%| F|  |TAMS 0x00000000cc100000| PB 0x00000000cc100000| Untracked |  0
|  36|0x00000000cc200000, 0x00000000cc200000, 0x00000000cc300000|  0%| F|  |TAMS 0x00000000cc200000| PB 0x00000000cc200000| Untracked |  0
|  37|0x00000000cc300000, 0x00000000cc300000, 0x00000000cc400000|  0%| F|  |TAMS 0x00000000cc300000| PB 0x00000000cc300000| Untracked |  0
|  38|0x00000000cc400000, 0x00000000cc400000, 0x00000000cc500000|  0%| F|  |TAMS 0x00000000cc400000| PB 0x00000000cc400000| Untracked |  0
|  39|0x00000000cc500000, 0x00000000cc500000, 0x00000000cc600000|  0%| F|  |TAMS 0x00000000cc500000| PB 0x00000000cc500000| Untracked |  0
|  40|0x00000000cc600000, 0x00000000cc600000, 0x00000000cc700000|  0%| F|  |TAMS 0x00000000cc600000| PB 0x00000000cc600000| Untracked |  0
|  41|0x00000000cc700000, 0x00000000cc700000, 0x00000000cc800000|  0%| F|  |TAMS 0x00000000cc700000| PB 0x00000000cc700000| Untracked |  0
|  42|0x00000000cc800000, 0x00000000cc898ee8, 0x00000000cc900000| 59%| E|  |TAMS 0x00000000cc800000| PB 0x00000000cc800000| Complete |  0
|  43|0x00000000cc900000, 0x00000000cca00000, 0x00000000cca00000|100%| E|CS|TAMS 0x00000000cc900000| PB 0x00000000cc900000| Complete |  0
|  44|0x00000000cca00000, 0x00000000ccb00000, 0x00000000ccb00000|100%| E|CS|TAMS 0x00000000cca00000| PB 0x00000000cca00000| Complete |  0
|  45|0x00000000ccb00000, 0x00000000ccc00000, 0x00000000ccc00000|100%| E|CS|TAMS 0x00000000ccb00000| PB 0x00000000ccb00000| Complete |  0
|  46|0x00000000ccc00000, 0x00000000ccd00000, 0x00000000ccd00000|100%| E|CS|TAMS 0x00000000ccc00000| PB 0x00000000ccc00000| Complete |  0
|  47|0x00000000ccd00000, 0x00000000cce00000, 0x00000000cce00000|100%| E|CS|TAMS 0x00000000ccd00000| PB 0x00000000ccd00000| Complete |  0

Card table byte_map: [0x0000018e26170000,0x0000018e26330000] _byte_map_base: 0x0000018e25b21000

Marking Bits: (CMBitMap*) 0x0000018e0d0be1c0
 Bits: [0x0000018e26330000, 0x0000018e270b8000)

Polling page: 0x0000018e0d150000

Metaspace:

Usage:
  Non-class:     34.72 MB used.
      Class:      5.20 MB used.
       Both:     39.93 MB used.

Virtual space:
  Non-class space:       64.00 MB reserved,      35.06 MB ( 55%) committed,  1 nodes.
      Class space:        1.00 GB reserved,       5.50 MB ( <1%) committed,  1 nodes.
             Both:        1.06 GB reserved,      40.56 MB (  4%) committed. 

Chunk freelists:
   Non-Class:  12.26 MB
       Class:  10.43 MB
        Both:  22.69 MB

MaxMetaspaceSize: unlimited
CompressedClassSpaceSize: 1.00 GB
Initial GC threshold: 21.00 MB
Current GC threshold: 58.69 MB
CDS: on
 - commit_granule_bytes: 65536.
 - commit_granule_words: 8192.
 - virtual_space_node_default_size: 8388608.
 - enlarge_chunks_in_place: 1.
 - use_allocation_guard: 0.


Internal statistics:

num_allocs_failed_limit: 6.
num_arena_births: 818.
num_arena_deaths: 0.
num_vsnodes_births: 2.
num_vsnodes_deaths: 0.
num_space_committed: 649.
num_space_uncommitted: 0.
num_chunks_returned_to_freelist: 6.
num_chunks_taken_from_freelist: 2159.
num_chunk_merges: 3.
num_chunk_splits: 1452.
num_chunks_enlarged: 1024.
num_inconsistent_stats: 0.

CodeHeap 'non-profiled nmethods': size=120064Kb used=2701Kb max_used=2701Kb free=117362Kb
 bounds [0x0000018e1e660000, 0x0000018e1e910000, 0x0000018e25ba0000]
CodeHeap 'profiled nmethods': size=120000Kb used=9443Kb max_used=9443Kb free=110556Kb
 bounds [0x0000018e16ba0000, 0x0000018e174e0000, 0x0000018e1e0d0000]
CodeHeap 'non-nmethods': size=5696Kb used=1566Kb max_used=1617Kb free=4129Kb
 bounds [0x0000018e1e0d0000, 0x0000018e1e340000, 0x0000018e1e660000]
 total_blobs=5608 nmethods=4987 adapters=525
 compilation: enabled
              stopped_count=0, restarted_count=0
 full_count=0

Compilation events (20 events):
Event: 114.135 Thread 0x0000018e2942f6e0 5407       3       java.math.BigInteger::remainderKnuth (48 bytes)
Event: 114.136 Thread 0x0000018e2942f6e0 nmethod 5407 0x0000018e174d6b10 code [0x0000018e174d6d40, 0x0000018e174d7620]
Event: 114.136 Thread 0x0000018e2942f6e0 5408       3       java.math.MutableBigInteger::compare (106 bytes)
Event: 114.136 Thread 0x0000018e2942f6e0 nmethod 5408 0x0000018e174d7990 code [0x0000018e174d7b60, 0x0000018e174d7f10]
Event: 114.136 Thread 0x0000018e2942f6e0 5409       1       java.security.KeyPair::getPrivate (5 bytes)
Event: 114.136 Thread 0x0000018e2942f6e0 nmethod 5409 0x0000018e1e902090 code [0x0000018e1e902220, 0x0000018e1e9022e8]
Event: 114.137 Thread 0x0000018e2942f6e0 5410       1       java.security.KeyPair::getPublic (5 bytes)
Event: 114.137 Thread 0x0000018e2942f6e0 nmethod 5410 0x0000018e1e902390 code [0x0000018e1e902520, 0x0000018e1e9025e8]
Event: 114.137 Thread 0x0000018e2942f6e0 5412       3       sun.security.ssl.HandshakeOutStream::putInt8 (13 bytes)
Event: 114.137 Thread 0x0000018e2942f6e0 nmethod 5412 0x0000018e174d8090 code [0x0000018e174d8260, 0x0000018e174d8578]
Event: 114.138 Thread 0x0000018e2942f6e0 5413       1       sun.security.ssl.SSLCipher$NullWriteCipherGenerator$NullWriteCipher::getExplicitNonceSize (2 bytes)
Event: 114.138 Thread 0x0000018e2942f6e0 nmethod 5413 0x0000018e1e902690 code [0x0000018e1e902820, 0x0000018e1e9028e8]
Event: 114.138 Thread 0x0000018e2942f6e0 5414       1       sun.security.ssl.SSLCipher$NullWriteCipherGenerator$NullWriteCipher::isNullCipher (2 bytes)
Event: 114.138 Thread 0x0000018e2942f6e0 nmethod 5414 0x0000018e1e902990 code [0x0000018e1e902b20, 0x0000018e1e902be8]
Event: 114.138 Thread 0x0000018e2942f6e0 5415       3       sun.nio.ch.NioSocketImpl::configureNonBlockingIfNeeded (65 bytes)
Event: 114.138 Thread 0x0000018e2942f6e0 nmethod 5415 0x0000018e174d8710 code [0x0000018e174d88c0, 0x0000018e174d8c10]
Event: 114.139 Thread 0x0000018e2942f6e0 5416       1       jdk.internal.event.SocketReadEvent::enabled (2 bytes)
Event: 114.139 Thread 0x0000018e2942f6e0 nmethod 5416 0x0000018e1e902c90 code [0x0000018e1e902e20, 0x0000018e1e902ec8]
Event: 114.147 Thread 0x0000018e2942f6e0 5417       3       java.util.EnumMap::put (10 bytes)
Event: 114.147 Thread 0x0000018e2942f6e0 nmethod 5417 0x0000018e174d8d10 code [0x0000018e174d8ec0, 0x0000018e174d90e8]

GC Heap History (20 events):
Event: 1.895 GC heap before
{Heap before GC invocations=2 (full 0):
 garbage-first heap   total reserved 886784K, committed 57344K, used 14603K [0x00000000c9e00000, 0x0000000100000000)
  region size 1024K, 11 young (11264K), 1 survivors (1024K)
 Metaspace       used 6840K, committed 7104K, reserved 1114112K
  class space    used 784K, committed 896K, reserved 1048576K
}
Event: 1.900 GC heap after
{Heap after GC invocations=3 (full 0):
 garbage-first heap   total reserved 886784K, committed 57344K, used 5432K [0x00000000c9e00000, 0x0000000100000000)
  region size 1024K, 2 young (2048K), 2 survivors (2048K)
 Metaspace       used 6840K, committed 7104K, reserved 1114112K
  class space    used 784K, committed 896K, reserved 1048576K
}
Event: 3.132 GC heap before
{Heap before GC invocations=3 (full 0):
 garbage-first heap   total reserved 886784K, committed 57344K, used 36152K [0x00000000c9e00000, 0x0000000100000000)
  region size 1024K, 33 young (33792K), 2 survivors (2048K)
 Metaspace       used 15367K, committed 15616K, reserved 1114112K
  class space    used 1855K, committed 1984K, reserved 1048576K
}
Event: 3.143 GC heap after
{Heap after GC invocations=4 (full 0):
 garbage-first heap   total reserved 886784K, committed 57344K, used 8198K [0x00000000c9e00000, 0x0000000100000000)
  region size 1024K, 5 young (5120K), 5 survivors (5120K)
 Metaspace       used 15367K, committed 15616K, reserved 1114112K
  class space    used 1855K, committed 1984K, reserved 1048576K
}
Event: 4.205 GC heap before
{Heap before GC invocations=4 (full 0):
 garbage-first heap   total reserved 886784K, committed 57344K, used 36870K [0x00000000c9e00000, 0x0000000100000000)
  region size 1024K, 33 young (33792K), 5 survivors (5120K)
 Metaspace       used 19686K, committed 20032K, reserved 1114112K
  class space    used 2402K, committed 2560K, reserved 1048576K
}
Event: 4.216 GC heap after
{Heap after GC invocations=5 (full 0):
 garbage-first heap   total reserved 886784K, committed 57344K, used 10463K [0x00000000c9e00000, 0x0000000100000000)
  region size 1024K, 5 young (5120K), 5 survivors (5120K)
 Metaspace       used 19686K, committed 20032K, reserved 1114112K
  class space    used 2402K, committed 2560K, reserved 1048576K
}
Event: 5.045 GC heap before
{Heap before GC invocations=5 (full 0):
 garbage-first heap   total reserved 886784K, committed 57344K, used 17631K [0x00000000c9e00000, 0x0000000100000000)
  region size 1024K, 14 young (14336K), 5 survivors (5120K)
 Metaspace       used 21186K, committed 21504K, reserved 1114112K
  class space    used 2576K, committed 2752K, reserved 1048576K
}
Event: 5.055 GC heap after
{Heap after GC invocations=6 (full 0):
 garbage-first heap   total reserved 886784K, committed 57344K, used 11512K [0x00000000c9e00000, 0x0000000100000000)
  region size 1024K, 4 young (4096K), 4 survivors (4096K)
 Metaspace       used 21186K, committed 21504K, reserved 1114112K
  class space    used 2576K, committed 2752K, reserved 1048576K
}
Event: 6.056 GC heap before
{Heap before GC invocations=7 (full 0):
 garbage-first heap   total reserved 886784K, committed 40960K, used 31992K [0x00000000c9e00000, 0x0000000100000000)
  region size 1024K, 24 young (24576K), 4 survivors (4096K)
 Metaspace       used 24475K, committed 24960K, reserved 1114112K
  class space    used 3069K, committed 3264K, reserved 1048576K
}
Event: 6.066 GC heap after
{Heap after GC invocations=8 (full 0):
 garbage-first heap   total reserved 886784K, committed 40960K, used 13403K [0x00000000c9e00000, 0x0000000100000000)
  region size 1024K, 3 young (3072K), 3 survivors (3072K)
 Metaspace       used 24475K, committed 24960K, reserved 1114112K
  class space    used 3069K, committed 3264K, reserved 1048576K
}
Event: 6.974 GC heap before
{Heap before GC invocations=8 (full 0):
 garbage-first heap   total reserved 886784K, committed 40960K, used 33883K [0x00000000c9e00000, 0x0000000100000000)
  region size 1024K, 23 young (23552K), 3 survivors (3072K)
 Metaspace       used 28208K, committed 28800K, reserved 1114112K
  class space    used 3588K, committed 3840K, reserved 1048576K
}
Event: 6.983 GC heap after
{Heap after GC invocations=9 (full 0):
 garbage-first heap   total reserved 886784K, committed 40960K, used 14571K [0x00000000c9e00000, 0x0000000100000000)
  region size 1024K, 2 young (2048K), 2 survivors (2048K)
 Metaspace       used 28208K, committed 28800K, reserved 1114112K
  class space    used 3588K, committed 3840K, reserved 1048576K
}
Event: 8.141 GC heap before
{Heap before GC invocations=9 (full 0):
 garbage-first heap   total reserved 886784K, committed 40960K, used 33003K [0x00000000c9e00000, 0x0000000100000000)
  region size 1024K, 21 young (21504K), 2 survivors (2048K)
 Metaspace       used 33606K, committed 34176K, reserved 1114112K
  class space    used 4373K, committed 4608K, reserved 1048576K
}
Event: 8.150 GC heap after
{Heap after GC invocations=10 (full 0):
 garbage-first heap   total reserved 886784K, committed 40960K, used 16859K [0x00000000c9e00000, 0x0000000100000000)
  region size 1024K, 2 young (2048K), 2 survivors (2048K)
 Metaspace       used 33606K, committed 34176K, reserved 1114112K
  class space    used 4373K, committed 4608K, reserved 1048576K
}
Event: 8.697 GC heap before
{Heap before GC invocations=10 (full 0):
 garbage-first heap   total reserved 886784K, committed 40960K, used 21979K [0x00000000c9e00000, 0x0000000100000000)
  region size 1024K, 9 young (9216K), 2 survivors (2048K)
 Metaspace       used 35394K, committed 35968K, reserved 1114112K
  class space    used 4596K, committed 4864K, reserved 1048576K
}
Event: 8.703 GC heap after
{Heap after GC invocations=11 (full 0):
 garbage-first heap   total reserved 886784K, committed 40960K, used 18812K [0x00000000c9e00000, 0x0000000100000000)
  region size 1024K, 2 young (2048K), 2 survivors (2048K)
 Metaspace       used 35394K, committed 35968K, reserved 1114112K
  class space    used 4596K, committed 4864K, reserved 1048576K
}
Event: 9.136 GC heap before
{Heap before GC invocations=12 (full 0):
 garbage-first heap   total reserved 886784K, committed 40960K, used 34172K [0x00000000c9e00000, 0x0000000100000000)
  region size 1024K, 17 young (17408K), 2 survivors (2048K)
 Metaspace       used 37776K, committed 38336K, reserved 1114112K
  class space    used 4904K, committed 5120K, reserved 1048576K
}
Event: 9.142 GC heap after
{Heap after GC invocations=13 (full 0):
 garbage-first heap   total reserved 886784K, committed 40960K, used 20044K [0x00000000c9e00000, 0x0000000100000000)
  region size 1024K, 3 young (3072K), 3 survivors (3072K)
 Metaspace       used 37776K, committed 38336K, reserved 1114112K
  class space    used 4904K, committed 5120K, reserved 1048576K
}
Event: 9.946 GC heap before
{Heap before GC invocations=13 (full 0):
 garbage-first heap   total reserved 886784K, committed 40960K, used 33356K [0x00000000c9e00000, 0x0000000100000000)
  region size 1024K, 16 young (16384K), 3 survivors (3072K)
 Metaspace       used 40686K, committed 41280K, reserved 1114112K
  class space    used 5323K, committed 5568K, reserved 1048576K
}
Event: 9.961 GC heap after
{Heap after GC invocations=14 (full 0):
 garbage-first heap   total reserved 886784K, committed 49152K, used 20395K [0x00000000c9e00000, 0x0000000100000000)
  region size 1024K, 2 young (2048K), 2 survivors (2048K)
 Metaspace       used 40686K, committed 41280K, reserved 1114112K
  class space    used 5323K, committed 5568K, reserved 1048576K
}

Dll operation events (14 events):
Event: 0.032 Loaded shared library C:\Program Files\Java\jdk-22\bin\java.dll
Event: 0.076 Loaded shared library C:\Program Files\Java\jdk-22\bin\jsvml.dll
Event: 0.216 Loaded shared library C:\Program Files\Java\jdk-22\bin\zip.dll
Event: 0.228 Loaded shared library C:\Program Files\Java\jdk-22\bin\instrument.dll
Event: 0.244 Loaded shared library C:\Program Files\Java\jdk-22\bin\net.dll
Event: 0.246 Loaded shared library C:\Program Files\Java\jdk-22\bin\nio.dll
Event: 0.254 Loaded shared library C:\Program Files\Java\jdk-22\bin\zip.dll
Event: 0.834 Loaded shared library C:\Program Files\JetBrains\IntelliJ IDEA Community Edition 2024.1.1\bin\breakgen64.dll
Event: 0.863 Loaded shared library C:\Program Files\Java\jdk-22\bin\extnet.dll
Event: 0.975 Loaded shared library C:\Program Files\Java\jdk-22\bin\jimage.dll
Event: 1.563 Loaded shared library C:\Program Files\Java\jdk-22\bin\management.dll
Event: 1.565 Loaded shared library C:\Program Files\Java\jdk-22\bin\management_ext.dll
Event: 2.625 Loaded shared library C:\Program Files\Java\jdk-22\bin\le.dll
Event: 3.326 Loaded shared library C:\Program Files\Java\jdk-22\bin\sunmscapi.dll

Deoptimization events (20 events):
Event: 9.893 Thread 0x0000018e6f0796f0 DEOPT PACKING pc=0x0000018e1743f7ee sp=0x0000001a308fe410
Event: 9.893 Thread 0x0000018e6f0796f0 DEOPT UNPACKING pc=0x0000018e1e124e42 sp=0x0000001a308fd8e8 mode 0
Event: 51.215 Thread 0x0000018e6f3e4780 Uncommon trap: trap_request=0xffffffbe fr.pc=0x0000018e1e8da594 relative=0x00000000000000f4
Event: 51.215 Thread 0x0000018e6f3e4780 Uncommon trap: reason=profile_predicate action=maybe_recompile pc=0x0000018e1e8da594 method=java.util.LinkedList.indexOf(Ljava/lang/Object;)I @ 44 c2
Event: 51.215 Thread 0x0000018e6f3e4780 DEOPT PACKING pc=0x0000018e1e8da594 sp=0x0000001a314febc0
Event: 51.215 Thread 0x0000018e6f3e4780 DEOPT UNPACKING pc=0x0000018e1e1246a2 sp=0x0000001a314feb40 mode 2
Event: 51.215 Thread 0x0000018e6f3e4780 Uncommon trap: trap_request=0xffffffbe fr.pc=0x0000018e1e8da594 relative=0x00000000000000f4
Event: 51.215 Thread 0x0000018e6f3e4780 Uncommon trap: reason=profile_predicate action=maybe_recompile pc=0x0000018e1e8da594 method=java.util.LinkedList.indexOf(Ljava/lang/Object;)I @ 44 c2
Event: 51.215 Thread 0x0000018e6f3e4780 DEOPT PACKING pc=0x0000018e1e8da594 sp=0x0000001a314febc0
Event: 51.215 Thread 0x0000018e6f3e4780 DEOPT UNPACKING pc=0x0000018e1e1246a2 sp=0x0000001a314feb40 mode 2
Event: 51.215 Thread 0x0000018e6f3e4780 Uncommon trap: trap_request=0xffffffbe fr.pc=0x0000018e1e8da594 relative=0x00000000000000f4
Event: 51.215 Thread 0x0000018e6f3e4780 Uncommon trap: reason=profile_predicate action=maybe_recompile pc=0x0000018e1e8da594 method=java.util.LinkedList.indexOf(Ljava/lang/Object;)I @ 44 c2
Event: 51.215 Thread 0x0000018e6f3e4780 DEOPT PACKING pc=0x0000018e1e8da594 sp=0x0000001a314febc0
Event: 51.215 Thread 0x0000018e6f3e4780 DEOPT UNPACKING pc=0x0000018e1e1246a2 sp=0x0000001a314feb40 mode 2
Event: 51.215 Thread 0x0000018e6f3e4780 Uncommon trap: trap_request=0xffffffbe fr.pc=0x0000018e1e8da594 relative=0x00000000000000f4
Event: 51.215 Thread 0x0000018e6f3e4780 Uncommon trap: reason=profile_predicate action=maybe_recompile pc=0x0000018e1e8da594 method=java.util.LinkedList.indexOf(Ljava/lang/Object;)I @ 44 c2
Event: 51.215 Thread 0x0000018e6f3e4780 DEOPT PACKING pc=0x0000018e1e8da594 sp=0x0000001a314febc0
Event: 51.215 Thread 0x0000018e6f3e4780 DEOPT UNPACKING pc=0x0000018e1e1246a2 sp=0x0000001a314feb40 mode 2
Event: 72.061 Thread 0x0000018e6f3e6ee0 DEOPT PACKING pc=0x0000018e17350537 sp=0x0000001a310fe2b0
Event: 72.061 Thread 0x0000018e6f3e6ee0 DEOPT UNPACKING pc=0x0000018e1e124e42 sp=0x0000001a310fd728 mode 0

Classes loaded (20 events):
Event: 9.925 Loading class sun/security/ssl/TransportContext$1
Event: 9.925 Loading class sun/security/ssl/TransportContext$1 done
Event: 9.925 Loading class sun/security/ssl/Alert
Event: 9.926 Loading class sun/security/ssl/Alert done
Event: 9.926 Loading class sun/security/ssl/Alert$AlertConsumer
Event: 9.926 Loading class sun/security/ssl/Alert$AlertConsumer done
Event: 9.927 Loading class sun/security/ssl/Alert$AlertMessage
Event: 9.927 Loading class sun/security/ssl/Alert$AlertMessage done
Event: 9.927 Loading class sun/security/ssl/Alert$Level
Event: 9.927 Loading class sun/security/ssl/Alert$Level done
Event: 9.927 Loading class java/util/concurrent/ConcurrentLinkedQueue$Itr
Event: 9.927 Loading class java/util/concurrent/ConcurrentLinkedQueue$Itr done
Event: 9.928 Loading class java/nio/channels/ClosedByInterruptException
Event: 9.928 Loading class java/nio/channels/AsynchronousCloseException
Event: 9.929 Loading class java/nio/channels/ClosedChannelException
Event: 9.930 Loading class java/nio/channels/ClosedChannelException done
Event: 9.930 Loading class java/nio/channels/AsynchronousCloseException done
Event: 9.930 Loading class java/nio/channels/ClosedByInterruptException done
Event: 9.939 Loading class jdk/internal/loader/BootLoader$PackageHelper
Event: 9.940 Loading class jdk/internal/loader/BootLoader$PackageHelper done

Classes unloaded (0 events):
No events

Classes redefined (0 events):
No events

Internal exceptions (20 events):
Event: 7.699 Thread 0x0000018e6f0796f0 Exception <a 'java/lang/IncompatibleClassChangeError'{0x00000000cbecda20}: Found class java.lang.Object, but interface was expected> (0x00000000cbecda20) 
thrown [s\open\src\hotspot\share\interpreter\linkResolver.cpp, line 841]
Event: 7.705 Thread 0x0000018e6f0796f0 Exception <a 'java/lang/NoSuchMethodError'{0x00000000cbd03e08}: 'java.lang.Object java.lang.invoke.DirectMethodHandle$Holder.newInvokeSpecial(java.lang.Object, java.lang.Object, java.lang.Object, int, int)'> (0x00000000cbd03e08) 
thrown [s\open\src\hotspot\share\interpreter\linkResolver.cpp, line 774]
Event: 7.824 Thread 0x0000018e6f0796f0 Exception <a 'java/lang/IncompatibleClassChangeError'{0x00000000cbb68ce0}: Found class java.lang.Object, but interface was expected> (0x00000000cbb68ce0) 
thrown [s\open\src\hotspot\share\interpreter\linkResolver.cpp, line 841]
Event: 7.888 Thread 0x0000018e6f0796f0 Exception <a 'java/lang/IncompatibleClassChangeError'{0x00000000cb9fe098}: Found class java.lang.Object, but interface was expected> (0x00000000cb9fe098) 
thrown [s\open\src\hotspot\share\interpreter\linkResolver.cpp, line 841]
Event: 7.889 Thread 0x0000018e6f3e9640 Exception <a 'sun/nio/fs/WindowsException'{0x00000000cb91ace0}> (0x00000000cb91ace0) 
thrown [s\open\src\hotspot\share\prims\jni.cpp, line 520]
Event: 8.118 Thread 0x0000018e6f0796f0 Exception <a 'java/lang/NoSuchMethodError'{0x00000000cb356bb0}: 'long java.lang.invoke.DirectMethodHandle$Holder.invokeVirtual(java.lang.Object, java.lang.Object, java.lang.Object, java.lang.Object, java.lang.Object, java.lang.Object)'> (0x00000000cb356bb0) 
thrown [s\open\src\hotspot\share\interpreter\linkResolver.cpp, line 774]
Event: 8.574 Thread 0x0000018e6f0796f0 Implicit null exception at 0x0000018e1e863c73 to 0x0000018e1e863ee4
Event: 8.647 Thread 0x0000018e6f0796f0 Exception <a 'java/lang/IncompatibleClassChangeError'{0x00000000cc987270}: Found class java.lang.Object, but interface was expected> (0x00000000cc987270) 
thrown [s\open\src\hotspot\share\interpreter\linkResolver.cpp, line 841]
Event: 8.665 Thread 0x0000018e6f0796f0 Exception <a 'java/lang/NoSuchMethodError'{0x00000000cc06f438}: 'java.lang.Object java.lang.invoke.DirectMethodHandle$Holder.newInvokeSpecial(java.lang.Object, java.lang.Object, java.lang.Object, java.lang.Object, java.lang.Object, java.lang.Object)'> (0x00000000cc06f438) 
thrown [s\open\src\hotspot\share\interpreter\linkResolver.cpp, line 774]
Event: 8.886 Thread 0x0000018e6f0796f0 Exception <a 'java/lang/NoSuchMethodError'{0x00000000cbb26cd8}: 'java.lang.Object java.lang.invoke.DirectMethodHandle$Holder.newInvokeSpecial(java.lang.Object, java.lang.Object, java.lang.Object, java.lang.Object, java.lang.Object, java.lang.Object, java.lang.Object, java.lang.Object)'> (0x00000000cbb26cd8) 
thrown [s\open\src\hotspot\share\interpreter\linkResolver.cpp, line 774]
Event: 9.219 Thread 0x0000018e6f3e6ee0 Implicit null exception at 0x0000018e1e84b666 to 0x0000018e1e84b868
Event: 9.502 Thread 0x0000018e6f0796f0 Exception <a 'java/lang/IncompatibleClassChangeError'{0x00000000ccbd5b08}: Found class java.lang.Object, but interface was expected> (0x00000000ccbd5b08) 
thrown [s\open\src\hotspot\share\interpreter\linkResolver.cpp, line 841]
Event: 9.596 Thread 0x0000018e6f0796f0 Exception <a 'java/lang/NoSuchMethodError'{0x00000000cc108188}: 'void java.lang.invoke.DirectMethodHandle$Holder.invokeVirtual(java.lang.Object, java.lang.Object, long)'> (0x00000000cc108188) 
thrown [s\open\src\hotspot\share\interpreter\linkResolver.cpp, line 774]
Event: 9.704 Thread 0x0000018e6f0796f0 Exception <a 'java/lang/NoSuchMethodError'{0x00000000cbe5b5a8}: 'int java.lang.invoke.DirectMethodHandle$Holder.invokeStaticInit(java.lang.Object, java.lang.Object, java.lang.Object, java.lang.Object)'> (0x00000000cbe5b5a8) 
thrown [s\open\src\hotspot\share\interpreter\linkResolver.cpp, line 774]
Event: 9.854 Thread 0x0000018e6f0796f0 Exception <a 'java/lang/NoSuchMethodError'{0x00000000cba03938}: 'java.lang.Object java.lang.invoke.DirectMethodHandle$Holder.newInvokeSpecial(java.lang.Object, java.lang.Object, int, java.lang.Object, java.lang.Object)'> (0x00000000cba03938) 
thrown [s\open\src\hotspot\share\interpreter\linkResolver.cpp, line 774]
Event: 9.855 Thread 0x0000018e6f0796f0 Exception <a 'java/lang/NoSuchMethodError'{0x00000000cba0eb38}: 'java.lang.Object java.lang.invoke.DirectMethodHandle$Holder.invokeSpecial(java.lang.Object, java.lang.Object, int, java.lang.Object, int, java.lang.Object)'> (0x00000000cba0eb38) 
thrown [s\open\src\hotspot\share\interpreter\linkResolver.cpp, line 774]
Event: 9.856 Thread 0x0000018e6f0796f0 Exception <a 'java/lang/NoSuchMethodError'{0x00000000cba161b8}: 'java.lang.Object java.lang.invoke.DirectMethodHandle$Holder.newInvokeSpecial(java.lang.Object, java.lang.Object, int, java.lang.Object, int)'> (0x00000000cba161b8) 
thrown [s\open\src\hotspot\share\interpreter\linkResolver.cpp, line 774]
Event: 9.856 Thread 0x0000018e6f0796f0 Exception <a 'java/lang/NoSuchMethodError'{0x00000000cba1a0b8}: 'java.lang.Object java.lang.invoke.DirectMethodHandle$Holder.invokeSpecial(java.lang.Object, java.lang.Object, java.lang.Object, int, java.lang.Object, int)'> (0x00000000cba1a0b8) 
thrown [s\open\src\hotspot\share\interpreter\linkResolver.cpp, line 774]
Event: 67.342 Thread 0x0000018e70094e80 Exception <a 'java/lang/NoSuchMethodError'{0x00000000ccbe7610}: 'java.lang.Object java.lang.invoke.DirectMethodHandle$Holder.newInvokeSpecial(java.lang.Object, java.lang.Object, long)'> (0x00000000ccbe7610) 
thrown [s\open\src\hotspot\share\interpreter\linkResolver.cpp, line 774]
Event: 67.343 Thread 0x0000018e70094e80 Exception <a 'java/lang/NoSuchMethodError'{0x00000000ccbeaca8}: 'java.lang.Object java.lang.invoke.Invokers$Holder.linkToTargetMethod(java.lang.Object, long, java.lang.Object)'> (0x00000000ccbeaca8) 
thrown [s\open\src\hotspot\share\interpreter\linkResolver.cpp, line 774]

ZGC Phase Switch (0 events):
No events

VM Operations (20 events):
Event: 50.257 Executing VM operation: Cleanup
Event: 50.257 Executing VM operation: Cleanup done
Event: 51.257 Executing VM operation: Cleanup
Event: 51.257 Executing VM operation: Cleanup done
Event: 53.273 Executing VM operation: Cleanup
Event: 53.274 Executing VM operation: Cleanup done
Event: 60.134 Executing VM operation: HandshakeAllThreads (HandshakeForDeflation)
Event: 60.134 Executing VM operation: HandshakeAllThreads (HandshakeForDeflation) done
Event: 60.134 Executing VM operation: RendezvousGCThreads
Event: 60.134 Executing VM operation: RendezvousGCThreads done
Event: 62.162 Executing VM operation: Cleanup
Event: 62.162 Executing VM operation: Cleanup done
Event: 73.239 Executing VM operation: Cleanup
Event: 73.240 Executing VM operation: Cleanup done
Event: 83.262 Executing VM operation: Cleanup
Event: 83.262 Executing VM operation: Cleanup done
Event: 93.333 Executing VM operation: Cleanup
Event: 93.333 Executing VM operation: Cleanup done
Event: 104.415 Executing VM operation: Cleanup
Event: 105.024 Executing VM operation: Cleanup done

Events (20 events):
Event: 8.734 Thread 0x0000018e0d136ff0 flushing nmethod 0x0000018e17125f10
Event: 8.734 Thread 0x0000018e0d136ff0 flushing nmethod 0x0000018e1712d790
Event: 9.820 Thread 0x0000018e6f3e9cd0 Thread added: 0x0000018e6f3e9cd0
Event: 9.865 Thread 0x0000018e6f3e8fb0 Thread added: 0x0000018e6f3e8fb0
Event: 9.865 Thread 0x0000018e6f3e61c0 Thread added: 0x0000018e6f3e61c0
Event: 9.865 Thread 0x0000018e6f3e6850 Thread added: 0x0000018e6f3e6850
Event: 9.865 Thread 0x0000018e6f3e3a60 Thread added: 0x0000018e6f3e3a60
Event: 9.865 Thread 0x0000018e6f3ea360 Thread added: 0x0000018e6f3ea360
Event: 9.865 Thread 0x0000018e6f3e7c00 Thread added: 0x0000018e6f3e7c00
Event: 9.866 Thread 0x0000018e6f3ea9f0 Thread added: 0x0000018e6f3ea9f0
Event: 9.866 Thread 0x0000018e6f3e4e10 Thread added: 0x0000018e6f3e4e10
Event: 9.866 Thread 0x0000018e6f3eb080 Thread added: 0x0000018e6f3eb080
Event: 9.866 Thread 0x0000018e6f3e40f0 Thread added: 0x0000018e6f3e40f0
Event: 9.878 Thread 0x0000018e71327f30 Thread added: 0x0000018e71327f30
Event: 9.879 Thread 0x0000018e71325140 Thread added: 0x0000018e71325140
Event: 9.905 Thread 0x0000018e6f0796f0 Thread exited: 0x0000018e6f0796f0
Event: 9.910 Thread 0x0000018e6f0786b0 Thread exited: 0x0000018e6f0786b0
Event: 9.911 Thread 0x0000018e0cf45dd0 Thread exited: 0x0000018e0cf45dd0
Event: 9.911 Thread 0x0000018e71323d90 Thread added: 0x0000018e71323d90
Event: 67.815 Thread 0x0000018e70094160 Thread exited: 0x0000018e70094160


Dynamic libraries:
0x00007ff781db0000 - 0x00007ff781dc0000 	C:\Program Files\Java\jdk-22\bin\java.exe
0x00007ffc58db0000 - 0x00007ffc58fa8000 	C:\WINDOWS\SYSTEM32\ntdll.dll
0x00007ffc572f0000 - 0x00007ffc573ad000 	C:\WINDOWS\System32\KERNEL32.DLL
0x00007ffc569f0000 - 0x00007ffc56ce6000 	C:\WINDOWS\System32\KERNELBASE.dll
0x00007ffc56830000 - 0x00007ffc56930000 	C:\WINDOWS\System32\ucrtbase.dll
0x00007ffc50880000 - 0x00007ffc50897000 	C:\Program Files\Java\jdk-22\bin\jli.dll
0x00007ffc58af0000 - 0x00007ffc58ba0000 	C:\WINDOWS\System32\ADVAPI32.dll
0x00007ffc58a50000 - 0x00007ffc58aee000 	C:\WINDOWS\System32\msvcrt.dll
0x00007ffc58ba0000 - 0x00007ffc58c40000 	C:\WINDOWS\System32\sechost.dll
0x00007ffc58490000 - 0x00007ffc585b3000 	C:\WINDOWS\System32\RPCRT4.dll
0x00007ffc56cf0000 - 0x00007ffc56d17000 	C:\WINDOWS\System32\bcrypt.dll
0x00007ffc50860000 - 0x00007ffc5087b000 	C:\Program Files\Java\jdk-22\bin\VCRUNTIME140.dll
0x00007ffc573c0000 - 0x00007ffc5755f000 	C:\WINDOWS\System32\USER32.dll
0x00007ffc56db0000 - 0x00007ffc56dd2000 	C:\WINDOWS\System32\win32u.dll
0x00007ffc572c0000 - 0x00007ffc572eb000 	C:\WINDOWS\System32\GDI32.dll
0x00007ffc56460000 - 0x00007ffc56577000 	C:\WINDOWS\System32\gdi32full.dll
0x00007ffc56790000 - 0x00007ffc5682d000 	C:\WINDOWS\System32\msvcp_win.dll
0x00007ffc3e350000 - 0x00007ffc3e5ea000 	C:\WINDOWS\WinSxS\amd64_microsoft.windows.common-controls_6595b64144ccf1df_6.0.19041.3636_none_60b6a03d71f818d5\COMCTL32.dll
0x00007ffc4e1d0000 - 0x00007ffc4e1da000 	C:\WINDOWS\SYSTEM32\VERSION.dll
0x00007ffc577f0000 - 0x00007ffc57822000 	C:\WINDOWS\System32\IMM32.DLL
0x00007ffc52110000 - 0x00007ffc5211c000 	C:\Program Files\Java\jdk-22\bin\vcruntime140_1.dll
0x00007ffc4f1b0000 - 0x00007ffc4f23e000 	C:\Program Files\Java\jdk-22\bin\msvcp140.dll
0x00007ffc1d270000 - 0x00007ffc1dfb7000 	C:\Program Files\Java\jdk-22\bin\server\jvm.dll
0x00007ffc58420000 - 0x00007ffc5848b000 	C:\WINDOWS\System32\WS2_32.dll
0x00007ffc562b0000 - 0x00007ffc562fb000 	C:\WINDOWS\SYSTEM32\POWRPROF.dll
0x00007ffc4e1a0000 - 0x00007ffc4e1c7000 	C:\WINDOWS\SYSTEM32\WINMM.dll
0x00007ffc56290000 - 0x00007ffc562a2000 	C:\WINDOWS\SYSTEM32\UMPDC.dll
0x00007ffc542f0000 - 0x00007ffc54302000 	C:\WINDOWS\SYSTEM32\kernel.appcore.dll
0x00007ffc50850000 - 0x00007ffc5085a000 	C:\Program Files\Java\jdk-22\bin\jimage.dll
0x00007ffc49ab0000 - 0x00007ffc49c94000 	C:\WINDOWS\SYSTEM32\DBGHELP.DLL
0x00007ffc3bee0000 - 0x00007ffc3bf14000 	C:\WINDOWS\SYSTEM32\dbgcore.DLL
0x00007ffc56d20000 - 0x00007ffc56da2000 	C:\WINDOWS\System32\bcryptPrimitives.dll
0x00007ffc4f710000 - 0x00007ffc4f71f000 	C:\Program Files\Java\jdk-22\bin\instrument.dll
0x00007ffc4f6d0000 - 0x00007ffc4f6ee000 	C:\Program Files\Java\jdk-22\bin\java.dll
0x00007ffc57840000 - 0x00007ffc57fab000 	C:\WINDOWS\System32\SHELL32.dll
0x00007ffc58730000 - 0x00007ffc5885b000 	C:\WINDOWS\System32\ole32.dll
0x00007ffc580c0000 - 0x00007ffc58413000 	C:\WINDOWS\System32\combase.dll
0x00007ffc544f0000 - 0x00007ffc54c8e000 	C:\WINDOWS\SYSTEM32\windows.storage.dll
0x00007ffc55dc0000 - 0x00007ffc55dee000 	C:\WINDOWS\SYSTEM32\Wldp.dll
0x00007ffc58ca0000 - 0x00007ffc58d6d000 	C:\WINDOWS\System32\OLEAUT32.dll
0x00007ffc58980000 - 0x00007ffc58a2d000 	C:\WINDOWS\System32\SHCORE.dll
0x00007ffc585c0000 - 0x00007ffc58615000 	C:\WINDOWS\System32\shlwapi.dll
0x00007ffc56390000 - 0x00007ffc563b3000 	C:\WINDOWS\SYSTEM32\profapi.dll
0x00007ffc4f0d0000 - 0x00007ffc4f1a7000 	C:\Program Files\Java\jdk-22\bin\jsvml.dll
0x00007ffc4f4f0000 - 0x00007ffc4f507000 	C:\Program Files\Java\jdk-22\bin\zip.dll
0x00007ffc50840000 - 0x00007ffc50850000 	C:\Program Files\Java\jdk-22\bin\net.dll
0x00007ffc55b20000 - 0x00007ffc55b8a000 	C:\WINDOWS\system32\mswsock.dll
0x00007ffc4f6a0000 - 0x00007ffc4f6b6000 	C:\Program Files\Java\jdk-22\bin\nio.dll
0x00007ffc4f4d0000 - 0x00007ffc4f4ea000 	C:\Program Files\JetBrains\IntelliJ IDEA Community Edition 2024.1.1\bin\breakgen64.dll
0x00007ffc4f590000 - 0x00007ffc4f599000 	C:\Program Files\Java\jdk-22\bin\extnet.dll
0x00007ffc4f560000 - 0x00007ffc4f56a000 	C:\Program Files\Java\jdk-22\bin\management.dll
0x00007ffc4f4c0000 - 0x00007ffc4f4cb000 	C:\Program Files\Java\jdk-22\bin\management_ext.dll
0x00007ffc573b0000 - 0x00007ffc573b8000 	C:\WINDOWS\System32\PSAPI.DLL
0x00007ffc4f440000 - 0x00007ffc4f44b000 	C:\Program Files\Java\jdk-22\bin\le.dll
0x00007ffc4f4b0000 - 0x00007ffc4f4be000 	C:\Program Files\Java\jdk-22\bin\sunmscapi.dll
0x00007ffc56630000 - 0x00007ffc5678e000 	C:\WINDOWS\System32\CRYPT32.dll
0x00007ffc55e30000 - 0x00007ffc55e58000 	C:\WINDOWS\SYSTEM32\ncrypt.dll
0x00007ffc55df0000 - 0x00007ffc55e2b000 	C:\WINDOWS\SYSTEM32\NTASN1.dll
0x00007ffc55d20000 - 0x00007ffc55d38000 	C:\WINDOWS\SYSTEM32\CRYPTSP.dll
0x00007ffc55440000 - 0x00007ffc55474000 	C:\WINDOWS\system32\rsaenh.dll
0x00007ffc56310000 - 0x00007ffc5633e000 	C:\WINDOWS\SYSTEM32\USERENV.dll
0x00007ffc55d10000 - 0x00007ffc55d1c000 	C:\WINDOWS\SYSTEM32\CRYPTBASE.dll
0x00007ffc55800000 - 0x00007ffc5583b000 	C:\WINDOWS\SYSTEM32\IPHLPAPI.DLL
0x00007ffc572b0000 - 0x00007ffc572b8000 	C:\WINDOWS\System32\NSI.dll
0x00007ffc4b450000 - 0x00007ffc4b467000 	C:\WINDOWS\SYSTEM32\dhcpcsvc6.DLL
0x00007ffc4c0f0000 - 0x00007ffc4c10d000 	C:\WINDOWS\SYSTEM32\dhcpcsvc.DLL
0x00007ffc55840000 - 0x00007ffc5590b000 	C:\WINDOWS\SYSTEM32\DNSAPI.dll
0x00007ffc4f700000 - 0x00007ffc4f707000 	C:\WINDOWS\system32\wshunix.dll
0x00007ffc40010000 - 0x00007ffc4001a000 	C:\Windows\System32\rasadhlp.dll
0x00007ffc40890000 - 0x00007ffc40910000 	C:\WINDOWS\System32\fwpuclnt.dll

dbghelp: loaded successfully - version: 4.0.5 - missing functions: none
symbol engine: initialized successfully - sym options: 0x614 - pdb path: .;C:\Program Files\Java\jdk-22\bin;C:\WINDOWS\SYSTEM32;C:\WINDOWS\WinSxS\amd64_microsoft.windows.common-controls_6595b64144ccf1df_6.0.19041.3636_none_60b6a03d71f818d5;C:\Program Files\Java\jdk-22\bin\server;C:\Program Files\JetBrains\IntelliJ IDEA Community Edition 2024.1.1\bin

VM Arguments:
jvm_args: -javaagent:C:\Program Files\JetBrains\IntelliJ IDEA Community Edition 2024.1.1\lib\idea_rt.jar=54413:C:\Program Files\JetBrains\IntelliJ IDEA Community Edition 2024.1.1\bin -Dfile.encoding=UTF-8 -Dsun.stdout.encoding=UTF-8 -Dsun.stderr.encoding=UTF-8 
java_command: com.gameoddx.gameOdds.GameOddsApplication
java_class_path (initial): C:\Users\USER\Desktop\gameOdds\target\classes;C:\Users\USER\.m2\repository\org\springframework\boot\spring-boot-starter-data-mongodb\3.2.5\spring-boot-starter-data-mongodb-3.2.5.jar;C:\Users\USER\.m2\repository\org\springframework\boot\spring-boot-starter\3.2.5\spring-boot-starter-3.2.5.jar;C:\Users\USER\.m2\repository\org\springframework\boot\spring-boot-starter-logging\3.2.5\spring-boot-starter-logging-3.2.5.jar;C:\Users\USER\.m2\repository\ch\qos\logback\logback-classic\1.4.14\logback-classic-1.4.14.jar;C:\Users\USER\.m2\repository\ch\qos\logback\logback-core\1.4.14\logback-core-1.4.14.jar;C:\Users\USER\.m2\repository\org\apache\logging\log4j\log4j-to-slf4j\2.21.1\log4j-to-slf4j-2.21.1.jar;C:\Users\USER\.m2\repository\org\apache\logging\log4j\log4j-api\2.21.1\log4j-api-2.21.1.jar;C:\Users\USER\.m2\repository\org\slf4j\jul-to-slf4j\2.0.13\jul-to-slf4j-2.0.13.jar;C:\Users\USER\.m2\repository\jakarta\annotation\jakarta.annotation-api\2.1.1\jakarta.annotation-api-2.1.1.jar;C:\Users\USER\.m2\repository\org\yaml\snakeyaml\2.2\snakeyaml-2.2.jar;C:\Users\USER\.m2\repository\org\mongodb\mongodb-driver-sync\4.11.2\mongodb-driver-sync-4.11.2.jar;C:\Users\USER\.m2\repository\org\mongodb\bson\4.11.2\bson-4.11.2.jar;C:\Users\USER\.m2\repository\org\mongodb\mongodb-driver-core\4.11.2\mongodb-driver-core-4.11.2.jar;C:\Users\USER\.m2\repository\org\mongodb\bson-record-codec\4.11.2\bson-record-codec-4.11.2.jar;C:\Users\USER\.m2\repository\org\springframework\data\spring-data-mongodb\4.2.5\spring-data-mongodb-4.2.5.jar;C:\Users\USER\.m2\repository\org\springframework\spring-tx\6.1.6\spring-tx-6.1.6.jar;C:\Users\USER\.m2\repository\org\springframework\spring-context\6.1.6\spring-context-6.1.6.jar;C:\Users\USER\.m2\repository\org\springframework\spring-beans\6.1.6\spring-beans-6.1.6.jar;C:\Users\USER\.m2\repository\org\springframework\spring-expression\6.1.6\spring-expression-6.1.6.jar;C:\Users\USER\.m2\repository\org\springframework\data\spring-data-commons\3.2.5\spring-data-commons-3.2.5.jar;C:\Users\USER\.m2\repository\org\slf4j\slf4j-api\2.0.13\slf4j-api-2.0.13.jar;C:\Users\USER\.m2\repository\org\springframework\boot\spring-boot-starter-web\3.2.5\spring-boot-starter-web-3.2.5.jar;C:\Users\USER\.m2\repository\org\springframework\boot\spring-boot-starter-json\3.2.5\spring-boot-starter-json-3.2.5.jar;C:\Users\USER\.m2\repository\com\fasterxml\jackson\core\jackson-databind\2.15.4\jackson-databind-2.15.4.jar;C:\Users\USER\.m2\repository\com\fasterxml\jackson\core\jackson-annotations\2.15.4\jackson-annotations-2.15.4.jar;C:\Users\USER\.m2\repository\com\fasterxml\jackson\core\jackson-core\2.15.4\jackson-core-2.15.4.jar;C:\Users\USER\.m2\repository\com\fasterxml\jackson\datatype\jackson-datatype-jdk8\2.15.4\jackson-datatype-jdk8-2.15.4.jar;C:\Users\USER\.m2\repository\com\fasterxml\jackson\datatype\jackson-datatype-jsr310\2.15.4\jackson-datatype-jsr310-2.15.4.jar;C:\Users\USER\.m2\repository\com\fasterxml\jackson\module\jackson-module-parameter-names\2.15.4\jackson-module-parameter-names-2.15.4.jar;C:\Users\USER\.m2\repository\org\springframework\boot\spring-boot-starter-tomcat\3.2.5\spring-boot-starter-tomcat-3.2.5.jar;C:\Users\USER\.m2\repository\org\apache\tomcat\embed\tomcat-embed-core\10.1.20\tomcat-embed-core-10.1.20.jar;C:\Users\USER\.m2\repository\org\apache\tomcat\embed\tomcat-embed-el\10.1.20\tomcat-embed-el-10.1.20.jar;C:\Users\USER\.m2\repository\org\apache\tomcat\embed\tomcat-embed-websocket\10.1.20\tomcat-embed-websocket-10.1.20.jar;C:\Users\USER\.m2\repository\org\springframework\spring-web\6.1.6\spring-web-6.1.6.jar;C:\Users\USER\.m2\repository\io\micrometer\micrometer-observation\1.12.5\micrometer-observation-1.12.5.jar;C:\Users\USER\.m2\repository\io\micrometer\micrometer-commons\1.12.5\micrometer-commons-1.12.5.jar;C:\Users\USER\.m2\repository\org\springframework\spring-webmvc\6.1.6\spring-webmvc-6.1.6.jar;C:\Users\USER\.m2\repository\org\springframework\spring-aop\6.1.6\spring-aop-6.1.6.jar;C:\Users\USER\.m2\repository\org\springframework\boot\spring-boot-devtools\3.2.5\spring-boot-devtools-3.2.5.jar;C:\Users\USER\.m2\repository\org\springframework\boot\spring-boot\3.2.5\spring-boot-3.2.5.jar;C:\Users\USER\.m2\repository\org\springframework\boot\spring-boot-autoconfigure\3.2.5\spring-boot-autoconfigure-3.2.5.jar;C:\Users\USER\.m2\repository\org\projectlombok\lombok\1.18.32\lombok-1.18.32.jar;C:\Users\USER\.m2\repository\org\springframework\spring-core\6.1.6\spring-core-6.1.6.jar;C:\Users\USER\.m2\repository\org\springframework\spring-jcl\6.1.6\spring-jcl-6.1.6.jar;C:\Users\USER\.m2\repository\me\paulschwarz\spring-dotenv\4.0.0\spring-dotenv-4.0.0.jar;C:\Users\USER\.m2\repository\io\github\cdimascio\dotenv-java\3.0.0\dotenv-java-3.0.0.jar
Launcher Type: SUN_STANDARD

[Global flags]
     intx CICompilerCount                          = 2                                         {product} {ergonomic}
     uint ConcGCThreads                            = 1                                         {product} {ergonomic}
     uint G1ConcRefinementThreads                  = 2                                         {product} {ergonomic}
   size_t G1HeapRegionSize                         = 1048576                                   {product} {ergonomic}
   size_t InitialHeapSize                          = 58720256                                  {product} {ergonomic}
   size_t MarkStackSize                            = 4194304                                   {product} {ergonomic}
   size_t MaxHeapSize                              = 908066816                                 {product} {ergonomic}
   size_t MaxNewSize                               = 544210944                                 {product} {ergonomic}
   size_t MinHeapDeltaBytes                        = 1048576                                   {product} {ergonomic}
   size_t MinHeapSize                              = 8388608                                   {product} {ergonomic}
    uintx NonNMethodCodeHeapSize                   = 5826188                                {pd product} {ergonomic}
    uintx NonProfiledCodeHeapSize                  = 122916026                              {pd product} {ergonomic}
    uintx ProfiledCodeHeapSize                     = 122916026                              {pd product} {ergonomic}
    uintx ReservedCodeCacheSize                    = 251658240                              {pd product} {ergonomic}
     bool SegmentedCodeCache                       = true                                      {product} {ergonomic}
   size_t SoftMaxHeapSize                          = 908066816                              {manageable} {ergonomic}
     bool UseCompressedOops                        = true                           {product lp64_product} {ergonomic}
     bool UseG1GC                                  = true                                      {product} {ergonomic}
     bool UseLargePagesIndividualAllocation        = false                                  {pd product} {ergonomic}

Logging:
Log output configuration:
 #0: stdout all=warning uptime,level,tags foldmultilines=false
 #1: stderr all=off uptime,level,tags foldmultilines=false

Environment Variables:
PATH=C:\Program Files\Common Files\Oracle\Java\javapath;C:\ProgramData\Oracle\Java\javapath;C:\WINDOWS\system32;C:\WINDOWS;C:\WINDOWS\System32\Wbem;C:\WINDOWS\System32\WindowsPowerShell\v1.0\;C:\WINDOWS\System32\OpenSSH\;C:\Users\USER\AppData\Roaming\npm;C:\Program Files\nodejs;C:\Program Files\nodejs\;C:\Program Files\Git\cmd;C:\Users\USER\AppData\Local\Microsoft\WindowsApps;C:\Users\USER\AppData\Local\Programs\Microsoft VS Code\bin;C:\Program Files\nodejs;C:\Users\USER\AppData\Roaming\npm
USERNAME=USER
OS=Windows_NT
PROCESSOR_IDENTIFIER=AMD64 Family 23 Model 24 Stepping 1, AuthenticAMD
TMP=C:\Users\USER\AppData\Local\Temp
TEMP=C:\Users\USER\AppData\Local\Temp




Periodic native trim disabled

---------------  S Y S T E M  ---------------

OS:
 Windows 10 , 64 bit Build 19041 (10.0.19041.3636)
OS uptime: 1 days 15:56 hours

CPU: total 2 (initial active 2) (2 cores per cpu, 1 threads per core) family 23 model 24 stepping 1 microcode 0x0, cx8, cmov, fxsr, mmx, 3dnowpref, sse, sse2, sse3, ssse3, sse4a, sse4.1, sse4.2, popcnt, lzcnt, tsc, tscinvbit, avx, avx2, aes, clmul, bmi1, bmi2, adx, sha, fma, vzeroupper, clflush, clflushopt, rdtscp, f16c
Processor Information for all 2 processors :
  Max Mhz: 2300, Current Mhz: 2300, Mhz Limit: 2300

Memory: 4k page, system-wide physical 3461M (242M free)
TotalPageFile size 10837M (AvailPageFile size 1M)
current process WorkingSet (physical memory assigned to process): 52M, peak: 177M
current process commit charge ("private bytes"): 194M, peak: 224M

vm_info: Java HotSpot(TM) 64-Bit Server VM (22.0.1+8-16) for windows-amd64 JRE (22.0.1+8-16), built on 2024-03-12T10:33:16Z by "mach5one" with MS VC++ 17.6 (VS2022)

END.
