#
# There is insufficient memory for the Java Runtime Environment to continue.
# Native memory allocation (malloc) failed to allocate 2236448 bytes. Error detail: Chunk::new
# Possible reasons:
#   The system is out of physical RAM or swap space
#   This process is running with CompressedOops enabled, and the Java Heap may be blocking the growth of the native heap
# Possible solutions:
#   Reduce memory load on the system
#   Increase physical memory or swap space
#   Check if swap backing store is full
#   Decrease Java heap size (-Xmx/-Xms)
#   Decrease number of Java threads
#   Decrease Java thread stack sizes (-Xss)
#   Set larger code cache with -XX:ReservedCodeCacheSize=
#   JVM is running with Unscaled Compressed Oops mode in which the Java heap is
#     placed in the first 4GB address space. The Java Heap base address is the
#     maximum limit for the native heap growth. Please use -XX:HeapBaseMinAddress
#     to set the Java Heap base and to place the Java Heap above 4GB virtual address.
# This output file may be truncated or incomplete.
#
#  Out of Memory Error (arena.cpp:150), pid=6092, tid=11920
#
# JRE version: Java(TM) SE Runtime Environment (22.0.1+8) (build 22.0.1+8-16)
# Java VM: Java HotSpot(TM) 64-Bit Server VM (22.0.1+8-16, mixed mode, sharing, tiered, compressed oops, compressed class ptrs, g1 gc, windows-amd64)
# No core dump will be written. Minidumps are not enabled by default on client versions of Windows
#

---------------  S U M M A R Y ------------

Command Line: -agentlib:jdwp=transport=dt_socket,address=127.0.0.1:63501,suspend=y,server=n -javaagent:C:\Users\USER\AppData\Local\JetBrains\IdeaIC2024.1\captureAgent\debugger-agent.jar -Dfile.encoding=UTF-8 -Dsun.stdout.encoding=UTF-8 -Dsun.stderr.encoding=UTF-8 com.gameoddx.gameOdds.GameOddsApplication

Host: AMD Athlon Silver 3050U with Radeon Graphics   , 2 cores, 3G,  Windows 10 , 64 bit Build 19041 (10.0.19041.3636)
Time: Sun Jun 30 15:04:34 2024 GMT Summer Time elapsed time: 33.793809 seconds (0d 0h 0m 33s)

---------------  T H R E A D  ---------------

Current thread (0x0000027d41130750):  JavaThread "C2 CompilerThread0" daemon [_thread_in_native, id=11920, stack(0x0000009758a00000,0x0000009758b00000) (1024K)]


Current CompileTask:
C2:33794 5792       4       jdk.internal.loader.BuiltinClassLoader::defineClass (121 bytes)

Stack: [0x0000009758a00000,0x0000009758b00000]
Native frames: (J=compiled Java code, j=interpreted, Vv=VM code, C=native code)
V  [jvm.dll+0x6e2279]  (no source info available)
V  [jvm.dll+0x874e33]  (no source info available)
V  [jvm.dll+0x87725e]  (no source info available)
V  [jvm.dll+0x877933]  (no source info available)
V  [jvm.dll+0x27fd76]  (no source info available)
V  [jvm.dll+0xc3d0f]  (no source info available)
V  [jvm.dll+0xc3f6b]  (no source info available)
V  [jvm.dll+0x3bb10c]  (no source info available)
V  [jvm.dll+0x1df67c]  (no source info available)
V  [jvm.dll+0x247a5c]  (no source info available)
V  [jvm.dll+0x246fbf]  (no source info available)
V  [jvm.dll+0x1c4e90]  (no source info available)
V  [jvm.dll+0x2569fe]  (no source info available)
V  [jvm.dll+0x254cba]  (no source info available)
V  [jvm.dll+0x3f5336]  (no source info available)
V  [jvm.dll+0x81d44b]  (no source info available)
V  [jvm.dll+0x6e0915]  (no source info available)
C  [ucrtbase.dll+0x21bb2]  (no source info available)
C  [KERNEL32.DLL+0x17344]  (no source info available)
C  [ntdll.dll+0x526b1]  (no source info available)


---------------  P R O C E S S  ---------------

Threads class SMR info:
_java_thread_list=0x0000027d49240f40, length=42, elements={
0x0000027d41123240, 0x0000027d41126120, 0x0000027d41128c60, 0x0000027d4112bad0,
0x0000027d4112ef60, 0x0000027d4112f9c0, 0x0000027d41130750, 0x0000027d4114c5e0,
0x0000027d411fe040, 0x0000027d41474900, 0x0000027d41475050, 0x0000027d41476020,
0x0000027d414bc1e0, 0x0000027d48e7d910, 0x0000027d4884f5c0, 0x0000027d47d74a30,
0x0000027d480b7800, 0x0000027d48c994e0, 0x0000027d48c9a040, 0x0000027d46b7e700,
0x0000027d46b7ed70, 0x0000027d461f45b0, 0x0000027d47657a50, 0x0000027d47658770,
0x0000027d476580e0, 0x0000027d47658e00, 0x0000027d4765a1b0, 0x0000027d47659490,
0x0000027d47659b20, 0x0000027d476573c0, 0x0000027d47f16360, 0x0000027d47f12ee0,
0x0000027d47f169f0, 0x0000027d47f13c00, 0x0000027d47f17080, 0x0000027d47f18430,
0x0000027d47f17710, 0x0000027d47f19150, 0x0000027d47f18ac0, 0x0000027d47f14290,
0x0000027d47f14920, 0x0000027d47f13570
}

Java Threads: ( => current thread )
  0x0000027d41123240 JavaThread "Reference Handler"          daemon [_thread_blocked, id=12856, stack(0x0000009758400000,0x0000009758500000) (1024K)]
  0x0000027d41126120 JavaThread "Finalizer"                  daemon [_thread_blocked, id=14980, stack(0x0000009758500000,0x0000009758600000) (1024K)]
  0x0000027d41128c60 JavaThread "Signal Dispatcher"          daemon [_thread_blocked, id=7840, stack(0x0000009758600000,0x0000009758700000) (1024K)]
  0x0000027d4112bad0 JavaThread "Attach Listener"            daemon [_thread_blocked, id=6256, stack(0x0000009758700000,0x0000009758800000) (1024K)]
  0x0000027d4112ef60 JavaThread "Service Thread"             daemon [_thread_blocked, id=4484, stack(0x0000009758800000,0x0000009758900000) (1024K)]
  0x0000027d4112f9c0 JavaThread "Monitor Deflation Thread"   daemon [_thread_blocked, id=11620, stack(0x0000009758900000,0x0000009758a00000) (1024K)]
=>0x0000027d41130750 JavaThread "C2 CompilerThread0"         daemon [_thread_in_native, id=11920, stack(0x0000009758a00000,0x0000009758b00000) (1024K)]
  0x0000027d4114c5e0 JavaThread "C1 CompilerThread0"         daemon [_thread_blocked, id=11296, stack(0x0000009758b00000,0x0000009758c00000) (1024K)]
  0x0000027d411fe040 JavaThread "Common-Cleaner"             daemon [_thread_blocked, id=8140, stack(0x0000009758c00000,0x0000009758d00000) (1024K)]
  0x0000027d41474900 JavaThread "JDWP Transport Listener: dt_socket" daemon [_thread_blocked, id=2800, stack(0x0000009758d00000,0x0000009758e00000) (1024K)]
  0x0000027d41475050 JavaThread "JDWP Event Helper Thread"   daemon [_thread_blocked, id=4256, stack(0x0000009758e00000,0x0000009758f00000) (1024K)]
  0x0000027d41476020 JavaThread "JDWP Command Reader"        daemon [_thread_in_native, id=9404, stack(0x0000009758f00000,0x0000009759000000) (1024K)]
  0x0000027d414bc1e0 JavaThread "Notification Thread"        daemon [_thread_blocked, id=12292, stack(0x0000009759000000,0x0000009759100000) (1024K)]
  0x0000027d48e7d910 JavaThread "Catalina-utility-1"                [_thread_blocked, id=14684, stack(0x0000009759400000,0x0000009759500000) (1024K)]
  0x0000027d4884f5c0 JavaThread "Catalina-utility-2"                [_thread_blocked, id=8992, stack(0x0000009759500000,0x0000009759600000) (1024K)]
  0x0000027d47d74a30 JavaThread "container-0"                       [_thread_blocked, id=6472, stack(0x0000009759600000,0x0000009759700000) (1024K)]
  0x0000027d480b7800 JavaThread "Jndi-Dns-address-change-listener" daemon [_thread_in_native, id=14860, stack(0x0000009759700000,0x0000009759800000) (1024K)]
  0x0000027d48c994e0 JavaThread "BufferPoolPruner-1-thread-1" daemon [_thread_blocked, id=14044, stack(0x0000009759800000,0x0000009759900000) (1024K)]
  0x0000027d48c9a040 JavaThread "cluster-ClusterId{value='668165e3d8c3ce1757a45855', description='null'}-srv-gameprophetapi.zpq6wld.mongodb.net" daemon [_thread_blocked, id=1112, stack(0x0000009759900000,0x0000009759a00000) (1024K)]
  0x0000027d46b7e700 JavaThread "cluster-ClusterId{value='668165e3d8c3ce1757a45855', description='null'}-ac-a0gbpak-shard-00-02.zpq6wld.mongodb.net:27017" daemon [_thread_in_native, id=9664, stack(0x0000009759a00000,0x0000009759b00000) (1024K)]
  0x0000027d46b7ed70 JavaThread "cluster-rtt-ClusterId{value='668165e3d8c3ce1757a45855', description='null'}-ac-a0gbpak-shard-00-02.zpq6wld.mongodb.net:27017" daemon [_thread_blocked, id=12324, stack(0x0000009759b00000,0x0000009759c00000) (1024K)]
  0x0000027d461f45b0 JavaThread "cluster-ClusterId{value='668165e3d8c3ce1757a45855', description='null'}-ac-a0gbpak-shard-00-00.zpq6wld.mongodb.net:27017" daemon [_thread_in_native, id=10680, stack(0x0000009759c00000,0x0000009759d00000) (1024K)]
  0x0000027d47657a50 JavaThread "cluster-rtt-ClusterId{value='668165e3d8c3ce1757a45855', description='null'}-ac-a0gbpak-shard-00-00.zpq6wld.mongodb.net:27017" daemon [_thread_blocked, id=8740, stack(0x0000009759d00000,0x0000009759e00000) (1024K)]
  0x0000027d47658770 JavaThread "cluster-ClusterId{value='668165e3d8c3ce1757a45855', description='null'}-ac-a0gbpak-shard-00-01.zpq6wld.mongodb.net:27017" daemon [_thread_in_native, id=12540, stack(0x0000009759e00000,0x0000009759f00000) (1024K)]
  0x0000027d476580e0 JavaThread "cluster-rtt-ClusterId{value='668165e3d8c3ce1757a45855', description='null'}-ac-a0gbpak-shard-00-01.zpq6wld.mongodb.net:27017" daemon [_thread_blocked, id=4440, stack(0x0000009759f00000,0x000000975a000000) (1024K)]
  0x0000027d47658e00 JavaThread "Live Reload Server"         daemon [_thread_in_native, id=11624, stack(0x000000975a100000,0x000000975a200000) (1024K)]
  0x0000027d4765a1b0 JavaThread "MaintenanceTimer-2-thread-1" daemon [_thread_blocked, id=5088, stack(0x000000975a200000,0x000000975a300000) (1024K)]
  0x0000027d47659490 JavaThread "MaintenanceTimer-3-thread-1" daemon [_thread_blocked, id=13356, stack(0x000000975a300000,0x000000975a400000) (1024K)]
  0x0000027d47659b20 JavaThread "File Watcher"               daemon [_thread_blocked, id=13660, stack(0x000000975a400000,0x000000975a500000) (1024K)]
  0x0000027d476573c0 JavaThread "http-nio-8080-exec-1"       daemon [_thread_in_Java, id=11408, stack(0x000000975a500000,0x000000975a600000) (1024K)]
  0x0000027d47f16360 JavaThread "http-nio-8080-exec-2"       daemon [_thread_blocked, id=14936, stack(0x000000975a600000,0x000000975a700000) (1024K)]
  0x0000027d47f12ee0 JavaThread "http-nio-8080-exec-3"       daemon [_thread_blocked, id=12440, stack(0x000000975a700000,0x000000975a800000) (1024K)]
  0x0000027d47f169f0 JavaThread "http-nio-8080-exec-4"       daemon [_thread_blocked, id=6100, stack(0x000000975a800000,0x000000975a900000) (1024K)]
  0x0000027d47f13c00 JavaThread "http-nio-8080-exec-5"       daemon [_thread_blocked, id=14548, stack(0x000000975a900000,0x000000975aa00000) (1024K)]
  0x0000027d47f17080 JavaThread "http-nio-8080-exec-6"       daemon [_thread_blocked, id=14364, stack(0x000000975aa00000,0x000000975ab00000) (1024K)]
  0x0000027d47f18430 JavaThread "http-nio-8080-exec-7"       daemon [_thread_blocked, id=4980, stack(0x000000975ab00000,0x000000975ac00000) (1024K)]
  0x0000027d47f17710 JavaThread "http-nio-8080-exec-8"       daemon [_thread_blocked, id=3544, stack(0x000000975ac00000,0x000000975ad00000) (1024K)]
  0x0000027d47f19150 JavaThread "http-nio-8080-exec-9"       daemon [_thread_blocked, id=8288, stack(0x000000975ad00000,0x000000975ae00000) (1024K)]
  0x0000027d47f18ac0 JavaThread "http-nio-8080-exec-10"      daemon [_thread_blocked, id=12052, stack(0x000000975ae00000,0x000000975af00000) (1024K)]
  0x0000027d47f14290 JavaThread "http-nio-8080-Poller"       daemon [_thread_in_native, id=8428, stack(0x000000975af00000,0x000000975b000000) (1024K)]
  0x0000027d47f14920 JavaThread "http-nio-8080-Acceptor"     daemon [_thread_in_native, id=2044, stack(0x000000975b000000,0x000000975b100000) (1024K)]
  0x0000027d47f13570 JavaThread "DestroyJavaVM"                     [_thread_blocked, id=13468, stack(0x0000009757c00000,0x0000009757d00000) (1024K)]
Total: 42

Other Threads:
  0x0000027d5e1e7df0 VMThread "VM Thread"                           [id=10776, stack(0x0000009758300000,0x0000009758400000) (1024K)]
  0x0000027d5e1d3a20 WatcherThread "VM Periodic Task Thread"        [id=6016, stack(0x0000009758200000,0x0000009758300000) (1024K)]
  0x0000027d5e16c220 WorkerThread "GC Thread#0"                     [id=9652, stack(0x0000009757d00000,0x0000009757e00000) (1024K)]
  0x0000027d415e7820 WorkerThread "GC Thread#1"                     [id=13068, stack(0x0000009759100000,0x0000009759200000) (1024K)]
  0x0000027d5e174d70 ConcurrentGCThread "G1 Main Marker"            [id=10860, stack(0x0000009757e00000,0x0000009757f00000) (1024K)]
  0x0000027d5e175940 WorkerThread "G1 Conc#0"                       [id=6368, stack(0x0000009757f00000,0x0000009758000000) (1024K)]
  0x0000027d5e1c2380 ConcurrentGCThread "G1 Refine#0"               [id=12668, stack(0x0000009758000000,0x0000009758100000) (1024K)]
  0x0000027d5e1c3fd0 ConcurrentGCThread "G1 Service"                [id=10768, stack(0x0000009758100000,0x0000009758200000) (1024K)]
Total: 8

Threads with active compile tasks:
C2 CompilerThread0  33957 5792       4       jdk.internal.loader.BuiltinClassLoader::defineClass (121 bytes)
Total: 1

VM state: not at safepoint (normal execution)

VM Mutex/Monitor currently owned by a thread: None

Heap address: 0x00000000c9e00000, size: 866 MB, Compressed Oops mode: 32-bit

CDS archive(s) mapped at: [0x0000027d00000000-0x0000027d00c60000-0x0000027d00c60000), size 12976128, SharedBaseAddress: 0x0000027d00000000, ArchiveRelocationMode: 1.
Compressed class space mapped at: 0x0000027d01000000-0x0000027d41000000, reserved size: 1073741824
Narrow klass base: 0x0000027d00000000, Narrow klass shift: 0, Narrow klass range: 0x41000000

GC Precious Log:
 CardTable entry size: 512
 Card Set container configuration: InlinePtr #cards 5 size 8 Array Of Cards #cards 12 size 40 Howl #buckets 4 coarsen threshold 1843 Howl Bitmap #cards 512 size 80 coarsen threshold 460 Card regions per heap region 1 cards per card region 2048
 CPUs: 2 total, 2 available
 Memory: 3461M
 Large Page Support: Disabled
 NUMA Support: Disabled
 Compressed Oops: Enabled (32-bit)
 Heap Region Size: 1M
 Heap Min Capacity: 8M
 Heap Initial Capacity: 56M
 Heap Max Capacity: 866M
 Pre-touch: Disabled
 Parallel Workers: 2
 Concurrent Workers: 1
 Concurrent Refinement Workers: 2
 Periodic GC: Disabled

Heap:
 garbage-first heap   total reserved 886784K, committed 48128K, used 28672K [0x00000000c9e00000, 0x0000000100000000)
  region size 1024K, 8 young (8192K), 2 survivors (2048K)
 Metaspace       used 46836K, committed 47488K, reserved 1114112K
  class space    used 6092K, committed 6336K, reserved 1048576K

Heap Regions: E=young(eden), S=young(survivor), O=old, HS=humongous(starts), HC=humongous(continues), CS=collection set, F=free, TAMS=top-at-mark-start, PB=parsable bottom
|   0|0x00000000c9e00000, 0x00000000c9f00000, 0x00000000c9f00000|100%| O|  |TAMS 0x00000000c9e00000| PB 0x00000000c9e00000| Untracked |  0
|   1|0x00000000c9f00000, 0x00000000ca000000, 0x00000000ca000000|100%| O|  |TAMS 0x00000000c9f00000| PB 0x00000000c9f00000| Untracked |  0
|   2|0x00000000ca000000, 0x00000000ca100000, 0x00000000ca100000|100%| O|  |TAMS 0x00000000ca000000| PB 0x00000000ca000000| Untracked |  0
|   3|0x00000000ca100000, 0x00000000ca200000, 0x00000000ca200000|100%| O|  |TAMS 0x00000000ca100000| PB 0x00000000ca100000| Untracked |  0
|   4|0x00000000ca200000, 0x00000000ca300000, 0x00000000ca300000|100%| O|  |TAMS 0x00000000ca200000| PB 0x00000000ca200000| Untracked |  0
|   5|0x00000000ca300000, 0x00000000ca400000, 0x00000000ca400000|100%| O|  |TAMS 0x00000000ca300000| PB 0x00000000ca300000| Untracked |  0
|   6|0x00000000ca400000, 0x00000000ca500000, 0x00000000ca500000|100%| O|  |TAMS 0x00000000ca400000| PB 0x00000000ca400000| Untracked |  0
|   7|0x00000000ca500000, 0x00000000ca600000, 0x00000000ca600000|100%| O|  |TAMS 0x00000000ca500000| PB 0x00000000ca500000| Untracked |  0
|   8|0x00000000ca600000, 0x00000000ca700000, 0x00000000ca700000|100%| O|  |TAMS 0x00000000ca600000| PB 0x00000000ca600000| Untracked |  0
|   9|0x00000000ca700000, 0x00000000ca800000, 0x00000000ca800000|100%| O|  |TAMS 0x00000000ca700000| PB 0x00000000ca700000| Untracked |  0
|  10|0x00000000ca800000, 0x00000000ca900000, 0x00000000ca900000|100%| O|  |TAMS 0x00000000ca800000| PB 0x00000000ca800000| Untracked |  0
|  11|0x00000000ca900000, 0x00000000caa00000, 0x00000000caa00000|100%| O|  |TAMS 0x00000000ca900000| PB 0x00000000ca900000| Untracked |  0
|  12|0x00000000caa00000, 0x00000000cab00000, 0x00000000cab00000|100%| O|  |TAMS 0x00000000caa00000| PB 0x00000000caa00000| Untracked |  0
|  13|0x00000000cab00000, 0x00000000cac00000, 0x00000000cac00000|100%| O|  |TAMS 0x00000000cab00000| PB 0x00000000cab00000| Untracked |  0
|  14|0x00000000cac00000, 0x00000000cad00000, 0x00000000cad00000|100%| O|  |TAMS 0x00000000cac00000| PB 0x00000000cac00000| Untracked |  0
|  15|0x00000000cad00000, 0x00000000cae00000, 0x00000000cae00000|100%| O|  |TAMS 0x00000000cad00000| PB 0x00000000cad00000| Untracked |  0
|  16|0x00000000cae00000, 0x00000000caf00000, 0x00000000caf00000|100%| O|  |TAMS 0x00000000cae00000| PB 0x00000000cae00000| Untracked |  0
|  17|0x00000000caf00000, 0x00000000cb000000, 0x00000000cb000000|100%| O|  |TAMS 0x00000000caf00000| PB 0x00000000caf00000| Untracked |  0
|  18|0x00000000cb000000, 0x00000000cb100000, 0x00000000cb100000|100%| O|  |TAMS 0x00000000cb000000| PB 0x00000000cb000000| Untracked |  0
|  19|0x00000000cb100000, 0x00000000cb100000, 0x00000000cb200000|  0%| F|  |TAMS 0x00000000cb100000| PB 0x00000000cb100000| Untracked |  0
|  20|0x00000000cb200000, 0x00000000cb200000, 0x00000000cb300000|  0%| F|  |TAMS 0x00000000cb200000| PB 0x00000000cb200000| Untracked |  0
|  21|0x00000000cb300000, 0x00000000cb400000, 0x00000000cb400000|100%| S|CS|TAMS 0x00000000cb300000| PB 0x00000000cb300000| Complete |  0
|  22|0x00000000cb400000, 0x00000000cb500000, 0x00000000cb500000|100%| O|  |TAMS 0x00000000cb400000| PB 0x00000000cb400000| Untracked |  0
|  23|0x00000000cb500000, 0x00000000cb600000, 0x00000000cb600000|100%| O|  |TAMS 0x00000000cb500000| PB 0x00000000cb500000| Untracked |  0
|  24|0x00000000cb600000, 0x00000000cb700000, 0x00000000cb700000|100%| O|  |TAMS 0x00000000cb600000| PB 0x00000000cb600000| Untracked |  0
|  25|0x00000000cb700000, 0x00000000cb700000, 0x00000000cb800000|  0%| F|  |TAMS 0x00000000cb700000| PB 0x00000000cb700000| Untracked |  0
|  26|0x00000000cb800000, 0x00000000cb800000, 0x00000000cb900000|  0%| F|  |TAMS 0x00000000cb800000| PB 0x00000000cb800000| Untracked |  0
|  27|0x00000000cb900000, 0x00000000cba00000, 0x00000000cba00000|100%| S|CS|TAMS 0x00000000cb900000| PB 0x00000000cb900000| Complete |  0
|  28|0x00000000cba00000, 0x00000000cba00000, 0x00000000cbb00000|  0%| F|  |TAMS 0x00000000cba00000| PB 0x00000000cba00000| Untracked |  0
|  29|0x00000000cbb00000, 0x00000000cbb00000, 0x00000000cbc00000|  0%| F|  |TAMS 0x00000000cbb00000| PB 0x00000000cbb00000| Untracked |  0
|  30|0x00000000cbc00000, 0x00000000cbc00000, 0x00000000cbd00000|  0%| F|  |TAMS 0x00000000cbc00000| PB 0x00000000cbc00000| Untracked |  0
|  31|0x00000000cbd00000, 0x00000000cbd00000, 0x00000000cbe00000|  0%| F|  |TAMS 0x00000000cbd00000| PB 0x00000000cbd00000| Untracked |  0
|  32|0x00000000cbe00000, 0x00000000cbe00000, 0x00000000cbf00000|  0%| F|  |TAMS 0x00000000cbe00000| PB 0x00000000cbe00000| Untracked |  0
|  33|0x00000000cbf00000, 0x00000000cbf00000, 0x00000000cc000000|  0%| F|  |TAMS 0x00000000cbf00000| PB 0x00000000cbf00000| Untracked |  0
|  34|0x00000000cc000000, 0x00000000cc000000, 0x00000000cc100000|  0%| F|  |TAMS 0x00000000cc000000| PB 0x00000000cc000000| Untracked |  0
|  35|0x00000000cc100000, 0x00000000cc100000, 0x00000000cc200000|  0%| F|  |TAMS 0x00000000cc100000| PB 0x00000000cc100000| Untracked |  0
|  36|0x00000000cc200000, 0x00000000cc200000, 0x00000000cc300000|  0%| F|  |TAMS 0x00000000cc200000| PB 0x00000000cc200000| Untracked |  0
|  37|0x00000000cc300000, 0x00000000cc300000, 0x00000000cc400000|  0%| F|  |TAMS 0x00000000cc300000| PB 0x00000000cc300000| Untracked |  0
|  38|0x00000000cc400000, 0x00000000cc400000, 0x00000000cc500000|  0%| F|  |TAMS 0x00000000cc400000| PB 0x00000000cc400000| Untracked |  0
|  39|0x00000000cc500000, 0x00000000cc500000, 0x00000000cc600000|  0%| F|  |TAMS 0x00000000cc500000| PB 0x00000000cc500000| Untracked |  0
|  40|0x00000000cc600000, 0x00000000cc600000, 0x00000000cc700000|  0%| F|  |TAMS 0x00000000cc600000| PB 0x00000000cc600000| Untracked |  0
|  41|0x00000000cc700000, 0x00000000cc7cc088, 0x00000000cc800000| 79%| E|  |TAMS 0x00000000cc700000| PB 0x00000000cc700000| Complete |  0
|  42|0x00000000cc800000, 0x00000000cc900000, 0x00000000cc900000|100%| E|CS|TAMS 0x00000000cc800000| PB 0x00000000cc800000| Complete |  0
|  43|0x00000000cc900000, 0x00000000cca00000, 0x00000000cca00000|100%| E|CS|TAMS 0x00000000cc900000| PB 0x00000000cc900000| Complete |  0
|  51|0x00000000cd100000, 0x00000000cd200000, 0x00000000cd200000|100%| E|  |TAMS 0x00000000cd100000| PB 0x00000000cd100000| Complete |  0
|  52|0x00000000cd200000, 0x00000000cd300000, 0x00000000cd300000|100%| E|CS|TAMS 0x00000000cd200000| PB 0x00000000cd200000| Complete |  0
|  53|0x00000000cd300000, 0x00000000cd400000, 0x00000000cd400000|100%| E|CS|TAMS 0x00000000cd300000| PB 0x00000000cd300000| Complete |  0

Card table byte_map: [0x0000027d5def0000,0x0000027d5e0b0000] _byte_map_base: 0x0000027d5d8a1000

Marking Bits: (CMBitMap*) 0x0000027d5e16d850
 Bits: [0x0000027d75480000, 0x0000027d76208000)

Polling page: 0x0000027d5d900000

Metaspace:

Usage:
  Non-class:     39.79 MB used.
      Class:      5.95 MB used.
       Both:     45.74 MB used.

Virtual space:
  Non-class space:       64.00 MB reserved,      40.19 MB ( 63%) committed,  1 nodes.
      Class space:        1.00 GB reserved,       6.19 MB ( <1%) committed,  1 nodes.
             Both:        1.06 GB reserved,      46.38 MB (  4%) committed. 

Chunk freelists:
   Non-Class:  7.59 MB
       Class:  9.62 MB
        Both:  17.22 MB

MaxMetaspaceSize: unlimited
CompressedClassSpaceSize: 1.00 GB
Initial GC threshold: 21.00 MB
Current GC threshold: 58.69 MB
CDS: on
 - commit_granule_bytes: 65536.
 - commit_granule_words: 8192.
 - virtual_space_node_default_size: 8388608.
 - enlarge_chunks_in_place: 1.
 - use_allocation_guard: 0.


Internal statistics:

num_allocs_failed_limit: 6.
num_arena_births: 876.
num_arena_deaths: 0.
num_vsnodes_births: 2.
num_vsnodes_deaths: 0.
num_space_committed: 742.
num_space_uncommitted: 0.
num_chunks_returned_to_freelist: 6.
num_chunks_taken_from_freelist: 2411.
num_chunk_merges: 3.
num_chunk_splits: 1627.
num_chunks_enlarged: 1166.
num_inconsistent_stats: 0.

CodeHeap 'non-profiled nmethods': size=120064Kb used=3704Kb max_used=3704Kb free=116359Kb
 bounds [0x0000027d6df40000, 0x0000027d6e2e0000, 0x0000027d75480000]
CodeHeap 'profiled nmethods': size=120000Kb used=11228Kb max_used=11228Kb free=108771Kb
 bounds [0x0000027d66480000, 0x0000027d66f80000, 0x0000027d6d9b0000]
CodeHeap 'non-nmethods': size=5696Kb used=1651Kb max_used=1706Kb free=4044Kb
 bounds [0x0000027d6d9b0000, 0x0000027d6dc20000, 0x0000027d6df40000]
 total_blobs=5984 nmethods=5347 adapters=541
 compilation: enabled
              stopped_count=0, restarted_count=0
 full_count=0

Compilation events (20 events):
Event: 33.467 Thread 0x0000027d4114c5e0 nmethod 5791 0x0000027d66f6bf90 code [0x0000027d66f6c180, 0x0000027d66f6c6e0]
Event: 33.498 Thread 0x0000027d41130750 5792       4       jdk.internal.loader.BuiltinClassLoader::defineClass (121 bytes)
Event: 33.506 Thread 0x0000027d4114c5e0 5793       3       java.util.concurrent.locks.ReentrantLock$NonfairSync::tryAcquire (27 bytes)
Event: 33.507 Thread 0x0000027d4114c5e0 nmethod 5793 0x0000027d66f6ca10 code [0x0000027d66f6cbc0, 0x0000027d66f6ce48]
Event: 33.700 Thread 0x0000027d4114c5e0 5799       3       java.lang.invoke.LambdaFormBuffer::replaceParameterByCopy (38 bytes)
Event: 33.700 Thread 0x0000027d4114c5e0 nmethod 5799 0x0000027d66f6cf10 code [0x0000027d66f6d0c0, 0x0000027d66f6d2a8]
Event: 33.706 Thread 0x0000027d4114c5e0 5801       3       java.nio.HeapByteBuffer::put (17 bytes)
Event: 33.706 Thread 0x0000027d4114c5e0 nmethod 5801 0x0000027d66f6d390 code [0x0000027d66f6d540, 0x0000027d66f6d810]
Event: 33.706 Thread 0x0000027d4114c5e0 5802   !   3       org.apache.tomcat.util.http.parser.HttpParser::isControl (9 bytes)
Event: 33.706 Thread 0x0000027d4114c5e0 nmethod 5802 0x0000027d66f6d990 code [0x0000027d66f6db20, 0x0000027d66f6dc90]
Event: 33.709 Thread 0x0000027d4114c5e0 5803       3       jdk.internal.misc.Unsafe::getAndAddLong (27 bytes)
Event: 33.709 Thread 0x0000027d4114c5e0 nmethod 5803 0x0000027d66f6dd90 code [0x0000027d66f6df40, 0x0000027d66f6e180]
Event: 33.710 Thread 0x0000027d4114c5e0 5804   !   3       org.apache.tomcat.util.http.parser.HttpParser::isToken (9 bytes)
Event: 33.710 Thread 0x0000027d4114c5e0 nmethod 5804 0x0000027d66f6e290 code [0x0000027d66f6e420, 0x0000027d66f6e590]
Event: 33.710 Thread 0x0000027d4114c5e0 5805       3       java.nio.ByteBuffer::position (8 bytes)
Event: 33.710 Thread 0x0000027d4114c5e0 nmethod 5805 0x0000027d66f6e690 code [0x0000027d66f6e840, 0x0000027d66f6e998]
Event: 33.711 Thread 0x0000027d4114c5e0 5806       3       java.lang.ThreadLocal::setInitialValue (64 bytes)
Event: 33.712 Thread 0x0000027d4114c5e0 nmethod 5806 0x0000027d66f6ea90 code [0x0000027d66f6ecc0, 0x0000027d66f6f6f0]
Event: 33.712 Thread 0x0000027d4114c5e0 5807       1       org.apache.tomcat.util.http.MimeHeaderField::getName (5 bytes)
Event: 33.713 Thread 0x0000027d4114c5e0 nmethod 5807 0x0000027d6e2ddf90 code [0x0000027d6e2de120, 0x0000027d6e2de1e8]

GC Heap History (20 events):
Event: 10.590 GC heap before
{Heap before GC invocations=4 (full 0):
 garbage-first heap   total reserved 886784K, committed 57344K, used 36604K [0x00000000c9e00000, 0x0000000100000000)
  region size 1024K, 33 young (33792K), 4 survivors (4096K)
 Metaspace       used 18111K, committed 18432K, reserved 1114112K
  class space    used 2206K, committed 2304K, reserved 1048576K
}
Event: 10.601 GC heap after
{Heap after GC invocations=5 (full 0):
 garbage-first heap   total reserved 886784K, committed 57344K, used 10510K [0x00000000c9e00000, 0x0000000100000000)
  region size 1024K, 5 young (5120K), 5 survivors (5120K)
 Metaspace       used 18111K, committed 18432K, reserved 1114112K
  class space    used 2206K, committed 2304K, reserved 1048576K
}
Event: 12.867 GC heap before
{Heap before GC invocations=5 (full 0):
 garbage-first heap   total reserved 886784K, committed 57344K, used 39182K [0x00000000c9e00000, 0x0000000100000000)
  region size 1024K, 33 young (33792K), 5 survivors (5120K)
 Metaspace       used 21128K, committed 21440K, reserved 1114112K
  class space    used 2570K, committed 2688K, reserved 1048576K
}
Event: 12.879 GC heap after
{Heap after GC invocations=6 (full 0):
 garbage-first heap   total reserved 886784K, committed 57344K, used 12564K [0x00000000c9e00000, 0x0000000100000000)
  region size 1024K, 5 young (5120K), 5 survivors (5120K)
 Metaspace       used 21128K, committed 21440K, reserved 1114112K
  class space    used 2570K, committed 2688K, reserved 1048576K
}
Event: 13.048 GC heap before
{Heap before GC invocations=6 (full 0):
 garbage-first heap   total reserved 886784K, committed 57344K, used 13588K [0x00000000c9e00000, 0x0000000100000000)
  region size 1024K, 7 young (7168K), 5 survivors (5120K)
 Metaspace       used 21234K, committed 21504K, reserved 1114112K
  class space    used 2580K, committed 2688K, reserved 1048576K
}
Event: 13.058 GC heap after
{Heap after GC invocations=7 (full 0):
 garbage-first heap   total reserved 886784K, committed 57344K, used 12904K [0x00000000c9e00000, 0x0000000100000000)
  region size 1024K, 3 young (3072K), 3 survivors (3072K)
 Metaspace       used 21234K, committed 21504K, reserved 1114112K
  class space    used 2580K, committed 2688K, reserved 1048576K
}
Event: 16.212 GC heap before
{Heap before GC invocations=8 (full 0):
 garbage-first heap   total reserved 886784K, committed 48128K, used 38504K [0x00000000c9e00000, 0x0000000100000000)
  region size 1024K, 28 young (28672K), 3 survivors (3072K)
 Metaspace       used 25479K, committed 25920K, reserved 1114112K
  class space    used 3163K, committed 3392K, reserved 1048576K
}
Event: 16.220 GC heap after
{Heap after GC invocations=9 (full 0):
 garbage-first heap   total reserved 886784K, committed 48128K, used 14750K [0x00000000c9e00000, 0x0000000100000000)
  region size 1024K, 4 young (4096K), 4 survivors (4096K)
 Metaspace       used 25479K, committed 25920K, reserved 1114112K
  class space    used 3163K, committed 3392K, reserved 1048576K
}
Event: 18.138 GC heap before
{Heap before GC invocations=9 (full 0):
 garbage-first heap   total reserved 886784K, committed 48128K, used 39326K [0x00000000c9e00000, 0x0000000100000000)
  region size 1024K, 28 young (28672K), 4 survivors (4096K)
 Metaspace       used 28939K, committed 29504K, reserved 1114112K
  class space    used 3619K, committed 3840K, reserved 1048576K
}
Event: 18.158 GC heap after
{Heap after GC invocations=10 (full 0):
 garbage-first heap   total reserved 886784K, committed 48128K, used 16066K [0x00000000c9e00000, 0x0000000100000000)
  region size 1024K, 2 young (2048K), 2 survivors (2048K)
 Metaspace       used 28939K, committed 29504K, reserved 1114112K
  class space    used 3619K, committed 3840K, reserved 1048576K
}
Event: 19.681 GC heap before
{Heap before GC invocations=10 (full 0):
 garbage-first heap   total reserved 886784K, committed 48128K, used 40642K [0x00000000c9e00000, 0x0000000100000000)
  region size 1024K, 27 young (27648K), 2 survivors (2048K)
 Metaspace       used 34915K, committed 35456K, reserved 1114112K
  class space    used 4459K, committed 4672K, reserved 1048576K
}
Event: 19.689 GC heap after
{Heap after GC invocations=11 (full 0):
 garbage-first heap   total reserved 886784K, committed 48128K, used 18024K [0x00000000c9e00000, 0x0000000100000000)
  region size 1024K, 4 young (4096K), 4 survivors (4096K)
 Metaspace       used 34915K, committed 35456K, reserved 1114112K
  class space    used 4459K, committed 4672K, reserved 1048576K
}
Event: 20.272 GC heap before
{Heap before GC invocations=11 (full 0):
 garbage-first heap   total reserved 886784K, committed 48128K, used 20072K [0x00000000c9e00000, 0x0000000100000000)
  region size 1024K, 7 young (7168K), 4 survivors (4096K)
 Metaspace       used 35391K, committed 35968K, reserved 1114112K
  class space    used 4507K, committed 4800K, reserved 1048576K
}
Event: 20.284 GC heap after
{Heap after GC invocations=12 (full 0):
 garbage-first heap   total reserved 886784K, committed 48128K, used 18329K [0x00000000c9e00000, 0x0000000100000000)
  region size 1024K, 3 young (3072K), 3 survivors (3072K)
 Metaspace       used 35391K, committed 35968K, reserved 1114112K
  class space    used 4507K, committed 4800K, reserved 1048576K
}
Event: 21.031 GC heap before
{Heap before GC invocations=13 (full 0):
 garbage-first heap   total reserved 886784K, committed 48128K, used 39833K [0x00000000c9e00000, 0x0000000100000000)
  region size 1024K, 25 young (25600K), 3 survivors (3072K)
 Metaspace       used 39041K, committed 39680K, reserved 1114112K
  class space    used 5014K, committed 5312K, reserved 1048576K
}
Event: 21.041 GC heap after
{Heap after GC invocations=14 (full 0):
 garbage-first heap   total reserved 886784K, committed 48128K, used 20855K [0x00000000c9e00000, 0x0000000100000000)
  region size 1024K, 3 young (3072K), 3 survivors (3072K)
 Metaspace       used 39041K, committed 39680K, reserved 1114112K
  class space    used 5014K, committed 5312K, reserved 1048576K
}
Event: 23.113 GC heap before
{Heap before GC invocations=14 (full 0):
 garbage-first heap   total reserved 886784K, committed 48128K, used 40311K [0x00000000c9e00000, 0x0000000100000000)
  region size 1024K, 23 young (23552K), 3 survivors (3072K)
 Metaspace       used 43031K, committed 43648K, reserved 1114112K
  class space    used 5563K, committed 5824K, reserved 1048576K
}
Event: 23.124 GC heap after
{Heap after GC invocations=15 (full 0):
 garbage-first heap   total reserved 886784K, committed 48128K, used 22618K [0x00000000c9e00000, 0x0000000100000000)
  region size 1024K, 2 young (2048K), 2 survivors (2048K)
 Metaspace       used 43031K, committed 43648K, reserved 1114112K
  class space    used 5563K, committed 5824K, reserved 1048576K
}
Event: 25.765 GC heap before
{Heap before GC invocations=15 (full 0):
 garbage-first heap   total reserved 886784K, committed 48128K, used 41050K [0x00000000c9e00000, 0x0000000100000000)
  region size 1024K, 21 young (21504K), 2 survivors (2048K)
 Metaspace       used 45657K, committed 46272K, reserved 1114112K
  class space    used 5942K, committed 6208K, reserved 1048576K
}
Event: 25.772 GC heap after
{Heap after GC invocations=16 (full 0):
 garbage-first heap   total reserved 886784K, committed 48128K, used 24576K [0x00000000c9e00000, 0x0000000100000000)
  region size 1024K, 2 young (2048K), 2 survivors (2048K)
 Metaspace       used 45657K, committed 46272K, reserved 1114112K
  class space    used 5942K, committed 6208K, reserved 1048576K
}

Dll operation events (13 events):
Event: 0.165 Loaded shared library C:\Program Files\Java\jdk-22\bin\java.dll
Event: 0.340 Loaded shared library C:\Program Files\Java\jdk-22\bin\zip.dll
Event: 0.425 Loaded shared library C:\Program Files\Java\jdk-22\bin\jsvml.dll
Event: 2.293 Loaded shared library C:\Program Files\Java\jdk-22\bin\instrument.dll
Event: 2.588 Loaded shared library C:\Program Files\Java\jdk-22\bin\net.dll
Event: 2.590 Loaded shared library C:\Program Files\Java\jdk-22\bin\nio.dll
Event: 2.658 Loaded shared library C:\Program Files\Java\jdk-22\bin\zip.dll
Event: 3.454 Loaded shared library C:\Program Files\Java\jdk-22\bin\jimage.dll
Event: 6.112 Loaded shared library C:\Program Files\Java\jdk-22\bin\management.dll
Event: 6.118 Loaded shared library C:\Program Files\Java\jdk-22\bin\management_ext.dll
Event: 9.048 Loaded shared library C:\Program Files\Java\jdk-22\bin\le.dll
Event: 10.350 Loaded shared library C:\Program Files\Java\jdk-22\bin\sunmscapi.dll
Event: 18.525 Loaded shared library C:\Program Files\Java\jdk-22\bin\extnet.dll

Deoptimization events (20 events):
Event: 26.030 Thread 0x0000027d46298680 Uncommon trap: trap_request=0xffffffde fr.pc=0x0000027d6e28e650 relative=0x0000000000004110
Event: 26.030 Thread 0x0000027d46298680 Uncommon trap: reason=class_check action=maybe_recompile pc=0x0000027d6e28e650 method=org.springframework.core.ResolvableType.resolveType()Lorg/springframework/core/ResolvableType; @ 44 c2
Event: 26.030 Thread 0x0000027d46298680 DEOPT PACKING pc=0x0000027d6e28e650 sp=0x00000097593fe3b0
Event: 26.030 Thread 0x0000027d46298680 DEOPT UNPACKING pc=0x0000027d6da046a2 sp=0x00000097593fe498 mode 2
Event: 30.441 Thread 0x0000027d47658770 Uncommon trap: trap_request=0xffffff45 fr.pc=0x0000027d6e29fe00 relative=0x00000000000002c0
Event: 30.441 Thread 0x0000027d47658770 Uncommon trap: reason=unstable_if action=reinterpret pc=0x0000027d6e29fe00 method=java.nio.Buffer.<init>(IIIILjava/lang/foreign/MemorySegment;)V @ 50 c2
Event: 30.441 Thread 0x0000027d47658770 DEOPT PACKING pc=0x0000027d6e29fe00 sp=0x0000009759efe7c0
Event: 30.441 Thread 0x0000027d47658770 DEOPT UNPACKING pc=0x0000027d6da046a2 sp=0x0000009759efe790 mode 2
Event: 33.621 Thread 0x0000027d476573c0 DEOPT PACKING pc=0x0000027d665be649 sp=0x000000975a5fe260
Event: 33.621 Thread 0x0000027d476573c0 DEOPT UNPACKING pc=0x0000027d6da04e42 sp=0x000000975a5fd6b8 mode 1
Event: 33.621 Thread 0x0000027d476573c0 DEOPT PACKING pc=0x0000027d6e1cadf4 sp=0x000000975a5fe2f0
Event: 33.621 Thread 0x0000027d476573c0 DEOPT UNPACKING pc=0x0000027d6da04e42 sp=0x000000975a5fd788 mode 1
Event: 33.669 Thread 0x0000027d476573c0 Uncommon trap: trap_request=0xffffff45 fr.pc=0x0000027d6dfef374 relative=0x00000000000000d4
Event: 33.669 Thread 0x0000027d476573c0 Uncommon trap: reason=unstable_if action=reinterpret pc=0x0000027d6dfef374 method=java.nio.Buffer.position(I)Ljava/nio/Buffer; @ 37 c2
Event: 33.669 Thread 0x0000027d476573c0 DEOPT PACKING pc=0x0000027d6dfef374 sp=0x000000975a5fdc60
Event: 33.669 Thread 0x0000027d476573c0 DEOPT UNPACKING pc=0x0000027d6da046a2 sp=0x000000975a5fdba0 mode 2
Event: 33.688 Thread 0x0000027d476573c0 DEOPT PACKING pc=0x0000027d665be649 sp=0x000000975a5fe270
Event: 33.688 Thread 0x0000027d476573c0 DEOPT UNPACKING pc=0x0000027d6da04e42 sp=0x000000975a5fd6c8 mode 1
Event: 33.688 Thread 0x0000027d476573c0 DEOPT PACKING pc=0x0000027d6e1cadf4 sp=0x000000975a5fe300
Event: 33.688 Thread 0x0000027d476573c0 DEOPT UNPACKING pc=0x0000027d6da04e42 sp=0x000000975a5fd798 mode 1

Classes loaded (20 events):
Event: 33.711 Loading class sun/nio/cs/ThreadLocalCoders$2
Event: 33.711 Loading class sun/nio/cs/ThreadLocalCoders$2 done
Event: 33.712 Loading class org/apache/tomcat/util/http/parser/SkipResult
Event: 33.712 Loading class org/apache/tomcat/util/http/parser/SkipResult done
Event: 33.713 Loading class org/apache/tomcat/util/http/parser/Host
Event: 33.713 Loading class org/apache/tomcat/util/http/parser/Host done
Event: 33.715 Loading class org/apache/tomcat/util/http/parser/Host$MessageBytesReader
Event: 33.715 Loading class org/apache/tomcat/util/http/parser/Host$MessageBytesReader done
Event: 33.716 Loading class org/apache/tomcat/util/http/parser/HttpParser$DomainParseState
Event: 33.716 Loading class org/apache/tomcat/util/http/parser/HttpParser$DomainParseState done
Event: 33.717 Loading class org/apache/catalina/connector/Request
Event: 33.717 Loading class org/apache/catalina/connector/Request done
Event: 33.760 Loading class jakarta/servlet/http/HttpServletMapping
Event: 33.760 Loading class jakarta/servlet/http/HttpServletMapping done
Event: 33.770 Loading class org/apache/catalina/connector/CoyoteInputStream
Event: 33.770 Loading class org/apache/catalina/connector/CoyoteInputStream done
Event: 33.772 Loading class org/apache/catalina/connector/CoyoteReader
Event: 33.772 Loading class org/apache/catalina/connector/CoyoteReader done
Event: 33.773 Loading class jakarta/servlet/AsyncContext
Event: 33.773 Loading class jakarta/servlet/AsyncContext done

Classes unloaded (0 events):
No events

Classes redefined (0 events):
No events

Internal exceptions (20 events):
Event: 19.492 Thread 0x0000027d46b7e700 Exception <a 'sun/nio/fs/WindowsException'{0x00000000cb68dcf0}> (0x00000000cb68dcf0) 
thrown [s\open\src\hotspot\share\prims\jni.cpp, line 520]
Event: 20.403 Thread 0x0000027d46298680 Exception <a 'java/lang/NoSuchMethodError'{0x00000000cd122c40}: 'long java.lang.invoke.DirectMethodHandle$Holder.invokeVirtual(java.lang.Object, java.lang.Object, java.lang.Object, java.lang.Object, java.lang.Object, java.lang.Object)'> (0x00000000cd122c40) 
thrown [s\open\src\hotspot\share\interpreter\linkResolver.cpp, line 774]
Event: 20.504 Thread 0x0000027d46298680 Implicit null exception at 0x0000027d6e1df6eb to 0x0000027d6e1df9a0
Event: 20.599 Thread 0x0000027d46298680 Exception <a 'java/lang/IncompatibleClassChangeError'{0x00000000cbf94c90}: Found class java.lang.Object, but interface was expected> (0x00000000cbf94c90) 
thrown [s\open\src\hotspot\share\interpreter\linkResolver.cpp, line 841]
Event: 20.640 Thread 0x0000027d46298680 Exception <a 'java/lang/NoSuchMethodError'{0x00000000cbe17240}: 'java.lang.Object java.lang.invoke.DirectMethodHandle$Holder.newInvokeSpecial(java.lang.Object, java.lang.Object, java.lang.Object, java.lang.Object, java.lang.Object, java.lang.Object)'> (0x00000000cbe17240) 
thrown [s\open\src\hotspot\share\interpreter\linkResolver.cpp, line 774]
Event: 20.751 Thread 0x0000027d46298680 Exception <a 'java/lang/NoSuchMethodError'{0x00000000cbcbf068}: 'java.lang.Object java.lang.invoke.DirectMethodHandle$Holder.invokeStatic(java.lang.Object, java.lang.Object, int, java.lang.Object)'> (0x00000000cbcbf068) 
thrown [s\open\src\hotspot\share\interpreter\linkResolver.cpp, line 774]
Event: 20.752 Thread 0x0000027d46298680 Exception <a 'java/lang/NoSuchMethodError'{0x00000000cbcc56d8}: 'java.lang.Object java.lang.invoke.DirectMethodHandle$Holder.newInvokeSpecial(java.lang.Object, java.lang.Object, int)'> (0x00000000cbcc56d8) 
thrown [s\open\src\hotspot\share\interpreter\linkResolver.cpp, line 774]
Event: 21.115 Thread 0x0000027d47657a50 Implicit null exception at 0x0000027d6df5efe9 to 0x0000027d6df5f220
Event: 21.498 Thread 0x0000027d46298680 Exception <a 'java/lang/NoSuchMethodError'{0x00000000cc9f9ee8}: 'java.lang.Object java.lang.invoke.DirectMethodHandle$Holder.newInvokeSpecial(java.lang.Object, java.lang.Object, java.lang.Object, java.lang.Object, java.lang.Object, java.lang.Object, java.lang.Object, java.lang.Object)'> (0x00000000cc9f9ee8) 
thrown [s\open\src\hotspot\share\interpreter\linkResolver.cpp, line 774]
Event: 24.629 Thread 0x0000027d46298680 Exception <a 'java/lang/IncompatibleClassChangeError'{0x00000000cc806978}: Found class java.lang.Object, but interface was expected> (0x00000000cc806978) 
thrown [s\open\src\hotspot\share\interpreter\linkResolver.cpp, line 841]
Event: 24.856 Thread 0x0000027d46298680 Exception <a 'java/lang/NoSuchMethodError'{0x00000000cc6dd0b8}: 'java.lang.Object java.lang.invoke.DirectMethodHandle$Holder.invokeStaticInit(java.lang.Object, java.lang.Object, java.lang.Object, java.lang.Object)'> (0x00000000cc6dd0b8) 
thrown [s\open\src\hotspot\share\interpreter\linkResolver.cpp, line 774]
Event: 25.252 Thread 0x0000027d46298680 Exception <a 'java/lang/NoSuchMethodError'{0x00000000cc025470}: 'void java.lang.invoke.DirectMethodHandle$Holder.invokeVirtual(java.lang.Object, java.lang.Object, long)'> (0x00000000cc025470) 
thrown [s\open\src\hotspot\share\interpreter\linkResolver.cpp, line 774]
Event: 25.508 Thread 0x0000027d46298680 Exception <a 'java/lang/NoSuchMethodError'{0x00000000cbd7f758}: 'int java.lang.invoke.DirectMethodHandle$Holder.invokeStaticInit(java.lang.Object, java.lang.Object, java.lang.Object, java.lang.Object)'> (0x00000000cbd7f758) 
thrown [s\open\src\hotspot\share\interpreter\linkResolver.cpp, line 774]
Event: 25.518 Thread 0x0000027d46298680 Implicit null exception at 0x0000027d6e1c0233 to 0x0000027d6e1c0874
Event: 25.922 Thread 0x0000027d46298680 Exception <a 'java/lang/NoSuchMethodError'{0x00000000cd334518}: 'java.lang.Object java.lang.invoke.DirectMethodHandle$Holder.newInvokeSpecial(java.lang.Object, java.lang.Object, int, java.lang.Object, java.lang.Object)'> (0x00000000cd334518) 
thrown [s\open\src\hotspot\share\interpreter\linkResolver.cpp, line 774]
Event: 25.922 Thread 0x0000027d46298680 Exception <a 'java/lang/NoSuchMethodError'{0x00000000cd33f718}: 'java.lang.Object java.lang.invoke.DirectMethodHandle$Holder.invokeSpecial(java.lang.Object, java.lang.Object, int, java.lang.Object, int, java.lang.Object)'> (0x00000000cd33f718) 
thrown [s\open\src\hotspot\share\interpreter\linkResolver.cpp, line 774]
Event: 25.924 Thread 0x0000027d46298680 Exception <a 'java/lang/NoSuchMethodError'{0x00000000cd346d98}: 'java.lang.Object java.lang.invoke.DirectMethodHandle$Holder.newInvokeSpecial(java.lang.Object, java.lang.Object, int, java.lang.Object, int)'> (0x00000000cd346d98) 
thrown [s\open\src\hotspot\share\interpreter\linkResolver.cpp, line 774]
Event: 25.924 Thread 0x0000027d46298680 Exception <a 'java/lang/NoSuchMethodError'{0x00000000cd34ac98}: 'java.lang.Object java.lang.invoke.DirectMethodHandle$Holder.invokeSpecial(java.lang.Object, java.lang.Object, java.lang.Object, int, java.lang.Object, int)'> (0x00000000cd34ac98) 
thrown [s\open\src\hotspot\share\interpreter\linkResolver.cpp, line 774]
Event: 33.701 Thread 0x0000027d476573c0 Exception <a 'java/lang/NoSuchMethodError'{0x00000000cc85bc10}: 'java.lang.Object java.lang.invoke.DirectMethodHandle$Holder.invokeSpecial(java.lang.Object, java.lang.Object, java.lang.Object, java.lang.Object, java.lang.Object, long)'> (0x00000000cc85bc10) 
thrown [s\open\src\hotspot\share\interpreter\linkResolver.cpp, line 774]
Event: 33.701 Thread 0x0000027d476573c0 Exception <a 'java/lang/NoSuchMethodError'{0x00000000cc85f650}: 'java.lang.Object java.lang.invoke.Invokers$Holder.linkToTargetMethod(java.lang.Object, java.lang.Object, java.lang.Object, long, java.lang.Object)'> (0x00000000cc85f650) 
thrown [s\open\src\hotspot\share\interpreter\linkResolver.cpp, line 774]

ZGC Phase Switch (0 events):
No events

VM Operations (20 events):
Event: 24.426 Executing VM operation: HandshakeAllThreads (Deoptimize)
Event: 24.562 Executing VM operation: HandshakeAllThreads (Deoptimize) done
Event: 24.562 Executing VM operation: Cleanup
Event: 24.562 Executing VM operation: Cleanup done
Event: 25.135 Executing VM operation: HandshakeAllThreads (Deoptimize)
Event: 25.135 Executing VM operation: HandshakeAllThreads (Deoptimize) done
Event: 25.404 Executing VM operation: HandshakeAllThreads (Deoptimize)
Event: 25.404 Executing VM operation: HandshakeAllThreads (Deoptimize) done
Event: 25.764 Executing VM operation: G1CollectForAllocation (G1 Evacuation Pause)
Event: 25.772 Executing VM operation: G1CollectForAllocation (G1 Evacuation Pause) done
Event: 25.920 Executing VM operation: HandshakeAllThreads (Deoptimize)
Event: 25.920 Executing VM operation: HandshakeAllThreads (Deoptimize) done
Event: 26.935 Executing VM operation: Cleanup
Event: 26.935 Executing VM operation: Cleanup done
Event: 29.956 Executing VM operation: Cleanup
Event: 29.956 Executing VM operation: Cleanup done
Event: 30.969 Executing VM operation: Cleanup
Event: 30.969 Executing VM operation: Cleanup done
Event: 33.006 Executing VM operation: Cleanup
Event: 33.006 Executing VM operation: Cleanup done

Events (20 events):
Event: 20.362 Thread 0x0000027d5e1e7df0 flushing nmethod 0x0000027d66afe090
Event: 24.410 Thread 0x0000027d4765a1b0 Thread added: 0x0000027d4765a1b0
Event: 25.205 Thread 0x0000027d47659490 Thread added: 0x0000027d47659490
Event: 25.747 Thread 0x0000027d47659b20 Thread added: 0x0000027d47659b20
Event: 25.951 Thread 0x0000027d476573c0 Thread added: 0x0000027d476573c0
Event: 25.951 Thread 0x0000027d47f16360 Thread added: 0x0000027d47f16360
Event: 25.951 Thread 0x0000027d47f12ee0 Thread added: 0x0000027d47f12ee0
Event: 25.952 Thread 0x0000027d47f169f0 Thread added: 0x0000027d47f169f0
Event: 25.952 Thread 0x0000027d47f13c00 Thread added: 0x0000027d47f13c00
Event: 25.952 Thread 0x0000027d47f17080 Thread added: 0x0000027d47f17080
Event: 25.952 Thread 0x0000027d47f18430 Thread added: 0x0000027d47f18430
Event: 25.952 Thread 0x0000027d47f17710 Thread added: 0x0000027d47f17710
Event: 25.952 Thread 0x0000027d47f19150 Thread added: 0x0000027d47f19150
Event: 25.952 Thread 0x0000027d47f18ac0 Thread added: 0x0000027d47f18ac0
Event: 25.992 Thread 0x0000027d47f14290 Thread added: 0x0000027d47f14290
Event: 25.997 Thread 0x0000027d47f14920 Thread added: 0x0000027d47f14920
Event: 26.036 Thread 0x0000027d46298680 Thread exited: 0x0000027d46298680
Event: 26.049 Thread 0x0000027d41bb2990 Thread exited: 0x0000027d41bb2990
Event: 26.050 Thread 0x0000027d5e1361d0 Thread exited: 0x0000027d5e1361d0
Event: 26.050 Thread 0x0000027d47f13570 Thread added: 0x0000027d47f13570


Dynamic libraries:
0x00007ff7fbba0000 - 0x00007ff7fbbb0000 	C:\Program Files\Java\jdk-22\bin\java.exe
0x00007ff988d90000 - 0x00007ff988f88000 	C:\WINDOWS\SYSTEM32\ntdll.dll
0x00007ff9880e0000 - 0x00007ff98819d000 	C:\WINDOWS\System32\KERNEL32.DLL
0x00007ff986630000 - 0x00007ff986926000 	C:\WINDOWS\System32\KERNELBASE.dll
0x00007ff986490000 - 0x00007ff986590000 	C:\WINDOWS\System32\ucrtbase.dll
0x00007ff97fef0000 - 0x00007ff97ff07000 	C:\Program Files\Java\jdk-22\bin\jli.dll
0x00007ff988bf0000 - 0x00007ff988ca0000 	C:\WINDOWS\System32\ADVAPI32.dll
0x00007ff988340000 - 0x00007ff9883de000 	C:\WINDOWS\System32\msvcrt.dll
0x00007ff986dc0000 - 0x00007ff986e60000 	C:\WINDOWS\System32\sechost.dll
0x00007ff9879b0000 - 0x00007ff987ad3000 	C:\WINDOWS\System32\RPCRT4.dll
0x00007ff986ce0000 - 0x00007ff986d07000 	C:\WINDOWS\System32\bcrypt.dll
0x00007ff9881a0000 - 0x00007ff98833f000 	C:\WINDOWS\System32\USER32.dll
0x00007ff986600000 - 0x00007ff986622000 	C:\WINDOWS\System32\win32u.dll
0x00007ff9876c0000 - 0x00007ff9876eb000 	C:\WINDOWS\System32\GDI32.dll
0x00007ff9869d0000 - 0x00007ff986ae7000 	C:\WINDOWS\System32\gdi32full.dll
0x00007ff986930000 - 0x00007ff9869cd000 	C:\WINDOWS\System32\msvcp_win.dll
0x00007ff9806a0000 - 0x00007ff9806bb000 	C:\Program Files\Java\jdk-22\bin\VCRUNTIME140.dll
0x00007ff96fc50000 - 0x00007ff96feea000 	C:\WINDOWS\WinSxS\amd64_microsoft.windows.common-controls_6595b64144ccf1df_6.0.19041.4355_none_60b8b9eb71f62e16\COMCTL32.dll
0x00007ff97f080000 - 0x00007ff97f08a000 	C:\WINDOWS\SYSTEM32\VERSION.dll
0x00007ff988bb0000 - 0x00007ff988be2000 	C:\WINDOWS\System32\IMM32.DLL
0x00007ff980fd0000 - 0x00007ff980fdc000 	C:\Program Files\Java\jdk-22\bin\vcruntime140_1.dll
0x00007ff9694c0000 - 0x00007ff96954e000 	C:\Program Files\Java\jdk-22\bin\msvcp140.dll
0x00007ff9303d0000 - 0x00007ff931117000 	C:\Program Files\Java\jdk-22\bin\server\jvm.dll
0x00007ff987ae0000 - 0x00007ff987b4b000 	C:\WINDOWS\System32\WS2_32.dll
0x00007ff986290000 - 0x00007ff9862db000 	C:\WINDOWS\SYSTEM32\POWRPROF.dll
0x00007ff974800000 - 0x00007ff974827000 	C:\WINDOWS\SYSTEM32\WINMM.dll
0x00007ff986270000 - 0x00007ff986282000 	C:\WINDOWS\SYSTEM32\UMPDC.dll
0x00007ff9842c0000 - 0x00007ff9842d2000 	C:\WINDOWS\SYSTEM32\kernel.appcore.dll
0x00007ff97f900000 - 0x00007ff97f90a000 	C:\Program Files\Java\jdk-22\bin\jimage.dll
0x00007ff97d750000 - 0x00007ff97d934000 	C:\WINDOWS\SYSTEM32\DBGHELP.DLL
0x00007ff96bea0000 - 0x00007ff96bed4000 	C:\WINDOWS\SYSTEM32\dbgcore.DLL
0x00007ff986c50000 - 0x00007ff986cd2000 	C:\WINDOWS\System32\bcryptPrimitives.dll
0x00007ff95f450000 - 0x00007ff95f48c000 	C:\Program Files\Java\jdk-22\bin\jdwp.dll
0x00007ff97f4f0000 - 0x00007ff97f4ff000 	C:\Program Files\Java\jdk-22\bin\instrument.dll
0x00007ff97f710000 - 0x00007ff97f72e000 	C:\Program Files\Java\jdk-22\bin\java.dll
0x00007ff988440000 - 0x00007ff988bab000 	C:\WINDOWS\System32\SHELL32.dll
0x00007ff986ef0000 - 0x00007ff98701b000 	C:\WINDOWS\System32\ole32.dll
0x00007ff987b60000 - 0x00007ff987eb3000 	C:\WINDOWS\System32\combase.dll
0x00007ff976670000 - 0x00007ff976687000 	C:\Program Files\Java\jdk-22\bin\zip.dll
0x00007ff9844c0000 - 0x00007ff984c5d000 	C:\WINDOWS\SYSTEM32\windows.storage.dll
0x00007ff985d90000 - 0x00007ff985dbe000 	C:\WINDOWS\SYSTEM32\Wldp.dll
0x00007ff9877f0000 - 0x00007ff9878bd000 	C:\WINDOWS\System32\OLEAUT32.dll
0x00007ff987610000 - 0x00007ff9876bd000 	C:\WINDOWS\System32\SHCORE.dll
0x00007ff987950000 - 0x00007ff9879a5000 	C:\WINDOWS\System32\shlwapi.dll
0x00007ff986370000 - 0x00007ff986394000 	C:\WINDOWS\SYSTEM32\profapi.dll
0x00007ff95b780000 - 0x00007ff95b857000 	C:\Program Files\Java\jdk-22\bin\jsvml.dll
0x00007ff9774e0000 - 0x00007ff9774ec000 	C:\Program Files\Java\jdk-22\bin\dt_socket.dll
0x00007ff9857d0000 - 0x00007ff98580b000 	C:\WINDOWS\SYSTEM32\IPHLPAPI.DLL
0x00007ff985af0000 - 0x00007ff985b5a000 	C:\WINDOWS\system32\mswsock.dll
0x00007ff97f8f0000 - 0x00007ff97f900000 	C:\Program Files\Java\jdk-22\bin\net.dll
0x00007ff976f70000 - 0x00007ff976f86000 	C:\Program Files\Java\jdk-22\bin\nio.dll
0x00007ff9725e0000 - 0x00007ff9725ea000 	C:\Program Files\Java\jdk-22\bin\management.dll
0x00007ff9725d0000 - 0x00007ff9725db000 	C:\Program Files\Java\jdk-22\bin\management_ext.dll
0x00007ff987f20000 - 0x00007ff987f28000 	C:\WINDOWS\System32\PSAPI.DLL
0x00007ff9709c0000 - 0x00007ff9709cb000 	C:\Program Files\Java\jdk-22\bin\le.dll
0x00007ff9709b0000 - 0x00007ff9709be000 	C:\Program Files\Java\jdk-22\bin\sunmscapi.dll
0x00007ff986af0000 - 0x00007ff986c4e000 	C:\WINDOWS\System32\CRYPT32.dll
0x00007ff985e00000 - 0x00007ff985e29000 	C:\WINDOWS\SYSTEM32\ncrypt.dll
0x00007ff985dc0000 - 0x00007ff985dfb000 	C:\WINDOWS\SYSTEM32\NTASN1.dll
0x00007ff985ce0000 - 0x00007ff985cf8000 	C:\WINDOWS\SYSTEM32\CRYPTSP.dll
0x00007ff985410000 - 0x00007ff985444000 	C:\WINDOWS\system32\rsaenh.dll
0x00007ff9862e0000 - 0x00007ff98630e000 	C:\WINDOWS\SYSTEM32\USERENV.dll
0x00007ff985d00000 - 0x00007ff985d0c000 	C:\WINDOWS\SYSTEM32\CRYPTBASE.dll
0x00007ff986ee0000 - 0x00007ff986ee8000 	C:\WINDOWS\System32\NSI.dll
0x00007ff97e590000 - 0x00007ff97e5a7000 	C:\WINDOWS\SYSTEM32\dhcpcsvc6.DLL
0x00007ff97e7e0000 - 0x00007ff97e7fd000 	C:\WINDOWS\SYSTEM32\dhcpcsvc.DLL
0x00007ff985810000 - 0x00007ff9858db000 	C:\WINDOWS\SYSTEM32\DNSAPI.dll
0x00007ff9707c0000 - 0x00007ff9707c9000 	C:\Program Files\Java\jdk-22\bin\extnet.dll
0x00007ff97fad0000 - 0x00007ff97fad7000 	C:\WINDOWS\system32\wshunix.dll
0x00007ff96ec90000 - 0x00007ff96ec9a000 	C:\Windows\System32\rasadhlp.dll
0x00007ff9717e0000 - 0x00007ff971860000 	C:\WINDOWS\System32\fwpuclnt.dll

dbghelp: loaded successfully - version: 4.0.5 - missing functions: none
symbol engine: initialized successfully - sym options: 0x614 - pdb path: .;C:\Program Files\Java\jdk-22\bin;C:\WINDOWS\SYSTEM32;C:\WINDOWS\WinSxS\amd64_microsoft.windows.common-controls_6595b64144ccf1df_6.0.19041.4355_none_60b8b9eb71f62e16;C:\Program Files\Java\jdk-22\bin\server

VM Arguments:
jvm_args: -agentlib:jdwp=transport=dt_socket,address=127.0.0.1:63501,suspend=y,server=n -javaagent:C:\Users\USER\AppData\Local\JetBrains\IdeaIC2024.1\captureAgent\debugger-agent.jar -Dfile.encoding=UTF-8 -Dsun.stdout.encoding=UTF-8 -Dsun.stderr.encoding=UTF-8 
java_command: com.gameoddx.gameOdds.GameOddsApplication
java_class_path (initial): C:\Users\USER\Desktop\gameOdds\target\classes;C:\Users\USER\.m2\repository\org\springframework\boot\spring-boot-starter-data-mongodb\3.2.5\spring-boot-starter-data-mongodb-3.2.5.jar;C:\Users\USER\.m2\repository\org\springframework\boot\spring-boot-starter\3.2.5\spring-boot-starter-3.2.5.jar;C:\Users\USER\.m2\repository\org\springframework\boot\spring-boot-starter-logging\3.2.5\spring-boot-starter-logging-3.2.5.jar;C:\Users\USER\.m2\repository\ch\qos\logback\logback-classic\1.4.14\logback-classic-1.4.14.jar;C:\Users\USER\.m2\repository\ch\qos\logback\logback-core\1.4.14\logback-core-1.4.14.jar;C:\Users\USER\.m2\repository\org\apache\logging\log4j\log4j-to-slf4j\2.21.1\log4j-to-slf4j-2.21.1.jar;C:\Users\USER\.m2\repository\org\apache\logging\log4j\log4j-api\2.21.1\log4j-api-2.21.1.jar;C:\Users\USER\.m2\repository\org\slf4j\jul-to-slf4j\2.0.13\jul-to-slf4j-2.0.13.jar;C:\Users\USER\.m2\repository\jakarta\annotation\jakarta.annotation-api\2.1.1\jakarta.annotation-api-2.1.1.jar;C:\Users\USER\.m2\repository\org\yaml\snakeyaml\2.2\snakeyaml-2.2.jar;C:\Users\USER\.m2\repository\org\mongodb\mongodb-driver-sync\4.11.2\mongodb-driver-sync-4.11.2.jar;C:\Users\USER\.m2\repository\org\mongodb\bson\4.11.2\bson-4.11.2.jar;C:\Users\USER\.m2\repository\org\mongodb\mongodb-driver-core\4.11.2\mongodb-driver-core-4.11.2.jar;C:\Users\USER\.m2\repository\org\mongodb\bson-record-codec\4.11.2\bson-record-codec-4.11.2.jar;C:\Users\USER\.m2\repository\org\springframework\data\spring-data-mongodb\4.2.5\spring-data-mongodb-4.2.5.jar;C:\Users\USER\.m2\repository\org\springframework\spring-tx\6.1.6\spring-tx-6.1.6.jar;C:\Users\USER\.m2\repository\org\springframework\spring-context\6.1.6\spring-context-6.1.6.jar;C:\Users\USER\.m2\repository\org\springframework\spring-beans\6.1.6\spring-beans-6.1.6.jar;C:\Users\USER\.m2\repository\org\springframework\spring-expression\6.1.6\spring-expression-6.1.6.jar;C:\Users\USER\.m2\repository\org\springframework\data\spring-data-commons\3.2.5\spring-data-commons-3.2.5.jar;C:\Users\USER\.m2\repository\org\slf4j\slf4j-api\2.0.13\slf4j-api-2.0.13.jar;C:\Users\USER\.m2\repository\org\springframework\boot\spring-boot-starter-web\3.2.5\spring-boot-starter-web-3.2.5.jar;C:\Users\USER\.m2\repository\org\springframework\boot\spring-boot-starter-json\3.2.5\spring-boot-starter-json-3.2.5.jar;C:\Users\USER\.m2\repository\com\fasterxml\jackson\core\jackson-databind\2.15.4\jackson-databind-2.15.4.jar;C:\Users\USER\.m2\repository\com\fasterxml\jackson\core\jackson-annotations\2.15.4\jackson-annotations-2.15.4.jar;C:\Users\USER\.m2\repository\com\fasterxml\jackson\core\jackson-core\2.15.4\jackson-core-2.15.4.jar;C:\Users\USER\.m2\repository\com\fasterxml\jackson\datatype\jackson-datatype-jdk8\2.15.4\jackson-datatype-jdk8-2.15.4.jar;C:\Users\USER\.m2\repository\com\fasterxml\jackson\datatype\jackson-datatype-jsr310\2.15.4\jackson-datatype-jsr310-2.15.4.jar;C:\Users\USER\.m2\repository\com\fasterxml\jackson\module\jackson-module-parameter-names\2.15.4\jackson-module-parameter-names-2.15.4.jar;C:\Users\USER\.m2\repository\org\springframework\boot\spring-boot-starter-tomcat\3.2.5\spring-boot-starter-tomcat-3.2.5.jar;C:\Users\USER\.m2\repository\org\apache\tomcat\embed\tomcat-embed-core\10.1.20\tomcat-embed-core-10.1.20.jar;C:\Users\USER\.m2\repository\org\apache\tomcat\embed\tomcat-embed-el\10.1.20\tomcat-embed-el-10.1.20.jar;C:\Users\USER\.m2\repository\org\apache\tomcat\embed\tomcat-embed-websocket\10.1.20\tomcat-embed-websocket-10.1.20.jar;C:\Users\USER\.m2\repository\org\springframework\spring-web\6.1.6\spring-web-6.1.6.jar;C:\Users\USER\.m2\repository\io\micrometer\micrometer-observation\1.12.5\micrometer-observation-1.12.5.jar;C:\Users\USER\.m2\repository\io\micrometer\micrometer-commons\1.12.5\micrometer-commons-1.12.5.jar;C:\Users\USER\.m2\repository\org\springframework\spring-webmvc\6.1.6\spring-webmvc-6.1.6.jar;C:\Users\USER\.m2\repository\org\springframework\spring-aop\6.1.6\spring-aop-6.1.6.jar;C:\Users\USER\.m2\repository\org\springframework\boot\spring-boot-devtools\3.2.5\spring-boot-devtools-3.2.5.jar;C:\Users\USER\.m2\repository\org\springframework\boot\spring-boot\3.2.5\spring-boot-3.2.5.jar;C:\Users\USER\.m2\repository\org\springframework\boot\spring-boot-autoconfigure\3.2.5\spring-boot-autoconfigure-3.2.5.jar;C:\Users\USER\.m2\repository\org\projectlombok\lombok\1.18.32\lombok-1.18.32.jar;C:\Users\USER\.m2\repository\net\minidev\json-smart\2.5.1\json-smart-2.5.1.jar;C:\Users\USER\.m2\repository\net\minidev\accessors-smart\2.5.1\accessors-smart-2.5.1.jar;C:\Users\USER\.m2\repository\org\ow2\asm\asm\9.6\asm-9.6.jar;C:\Users\USER\.m2\repository\org\springframework\spring-core\6.1.6\spring-core-6.1.6.jar;C:\Users\USER\.m2\repository\org\springframework\spring-jcl\6.1.6\spring-jcl-6.1.6.jar;C:\Users\USER\.m2\repository\me\paulschwarz\spring-dotenv\4.0.0\spring-dotenv-4.0.0.jar;C:\Users\USER\.m2\repository\io\github\cdimascio\dotenv-java\3.0.0\dotenv-java-3.0.0.jar;C:\Users\USER\.m2\repository\org\springframework\boot\spring-boot-starter-oauth2-client\3.2.5\spring-boot-starter-oauth2-client-3.2.5.jar;C:\Users\USER\.m2\repository\org\springframework\security\spring-security-config\6.2.4\spring-security-config-6.2.4.jar;C:\Users\USER\.m2\repository\org\springframework\security\spring-security-core\6.2.4\spring-security-core-6.2.4.jar;C:\Users\USER\.m2\repository\org\springframework\security\spring-security-crypto\6.2.4\spring-security-crypto-6.2.4.jar;C:\Users\USER\.m2\repository\org\springframework\security\spring-security-oauth2-client\6.2.4\spring-security-oauth2-client-6.2.4.jar;C:\Users\USER\.m2\repository\org\springframework\security\spring-security-oauth2-core\6.2.4\spring-security-oauth2-core-6.2.4.jar;C:\Users\USER\.m2\repository\org\springframework\security\spring-security-web\6.2.4\spring-security-web-6.2.4.jar;C:\Users\USER\.m2\repository\com\nimbusds\oauth2-oidc-sdk\9.43.3\oauth2-oidc-sdk-9.43.3.jar;C:\Users\USER\.m2\repository\com\github\stephenc\jcip\jcip-annotations\1.0-1\jcip-annotations-1.0-1.jar;C:\Users\USER\.m2\repository\com\nimbusds\content-type\2.2\content-type-2.2.jar;C:\Users\USER\.m2\repository\com\nimbusds\lang-tag\1.7\lang-tag-1.7.jar;C:\Users\USER\.m2\repository\org\springframework\security\spring-security-oauth2-jose\6.2.4\spring-security-oauth2-jose-6.2.4.jar;C:\Users\USER\.m2\repository\com\nimbusds\nimbus-jose-jwt\9.24.4\nimbus-jose-jwt-9.24.4.jar;C:\Program Files\JetBrains\IntelliJ IDEA Community Edition 2024.1.1\lib\idea_rt.jar
Launcher Type: SUN_STANDARD

[Global flags]
     intx CICompilerCount                          = 2                                         {product} {ergonomic}
     uint ConcGCThreads                            = 1                                         {product} {ergonomic}
     uint G1ConcRefinementThreads                  = 2                                         {product} {ergonomic}
   size_t G1HeapRegionSize                         = 1048576                                   {product} {ergonomic}
   size_t InitialHeapSize                          = 58720256                                  {product} {ergonomic}
   size_t MarkStackSize                            = 4194304                                   {product} {ergonomic}
   size_t MaxHeapSize                              = 908066816                                 {product} {ergonomic}
   size_t MaxNewSize                               = 544210944                                 {product} {ergonomic}
   size_t MinHeapDeltaBytes                        = 1048576                                   {product} {ergonomic}
   size_t MinHeapSize                              = 8388608                                   {product} {ergonomic}
    uintx NonNMethodCodeHeapSize                   = 5826188                                {pd product} {ergonomic}
    uintx NonProfiledCodeHeapSize                  = 122916026                              {pd product} {ergonomic}
    uintx ProfiledCodeHeapSize                     = 122916026                              {pd product} {ergonomic}
    uintx ReservedCodeCacheSize                    = 251658240                              {pd product} {ergonomic}
     bool SegmentedCodeCache                       = true                                      {product} {ergonomic}
   size_t SoftMaxHeapSize                          = 908066816                              {manageable} {ergonomic}
     bool UseCompressedOops                        = true                           {product lp64_product} {ergonomic}
     bool UseG1GC                                  = true                                      {product} {ergonomic}
     bool UseLargePagesIndividualAllocation        = false                                  {pd product} {ergonomic}

Logging:
Log output configuration:
 #0: stdout all=warning uptime,level,tags foldmultilines=false
 #1: stderr all=off uptime,level,tags foldmultilines=false

Environment Variables:
PATH=C:\Program Files\Common Files\Oracle\Java\javapath;C:\ProgramData\Oracle\Java\javapath;C:\WINDOWS\system32;C:\WINDOWS;C:\WINDOWS\System32\Wbem;C:\WINDOWS\System32\WindowsPowerShell\v1.0\;C:\WINDOWS\System32\OpenSSH\;C:\Users\USER\AppData\Roaming\npm;C:\Program Files\nodejs;C:\Program Files\nodejs\;C:\Program Files\Git\cmd;C:\Users\USER\AppData\Local\Microsoft\WindowsApps;C:\Users\USER\AppData\Local\Programs\Microsoft VS Code\bin;C:\Program Files\nodejs;C:\Users\USER\AppData\Roaming\npm
USERNAME=USER
OS=Windows_NT
PROCESSOR_IDENTIFIER=AMD64 Family 23 Model 24 Stepping 1, AuthenticAMD
TMP=C:\Users\USER\AppData\Local\Temp
TEMP=C:\Users\USER\AppData\Local\Temp




Periodic native trim disabled

---------------  S Y S T E M  ---------------

OS:
 Windows 10 , 64 bit Build 19041 (10.0.19041.3636)
OS uptime: 6 days 3:18 hours

CPU: total 2 (initial active 2) (2 cores per cpu, 1 threads per core) family 23 model 24 stepping 1 microcode 0x0, cx8, cmov, fxsr, mmx, 3dnowpref, sse, sse2, sse3, ssse3, sse4a, sse4.1, sse4.2, popcnt, lzcnt, tsc, tscinvbit, avx, avx2, aes, clmul, bmi1, bmi2, adx, sha, fma, vzeroupper, clflush, clflushopt, rdtscp, f16c
Processor Information for all 2 processors :
  Max Mhz: 2300, Current Mhz: 2300, Mhz Limit: 2300

Memory: 4k page, system-wide physical 3461M (145M free)
TotalPageFile size 10837M (AvailPageFile size 5M)
current process WorkingSet (physical memory assigned to process): 171M, peak: 251M
current process commit charge ("private bytes"): 237M, peak: 284M

vm_info: Java HotSpot(TM) 64-Bit Server VM (22.0.1+8-16) for windows-amd64 JRE (22.0.1+8-16), built on 2024-03-12T10:33:16Z by "mach5one" with MS VC++ 17.6 (VS2022)

END.
