#
# There is insufficient memory for the Java Runtime Environment to continue.
# Native memory allocation (malloc) failed to allocate 1899408 bytes. Error detail: Chunk::new
# Possible reasons:
#   The system is out of physical RAM or swap space
#   This process is running with CompressedOops enabled, and the Java Heap may be blocking the growth of the native heap
# Possible solutions:
#   Reduce memory load on the system
#   Increase physical memory or swap space
#   Check if swap backing store is full
#   Decrease Java heap size (-Xmx/-Xms)
#   Decrease number of Java threads
#   Decrease Java thread stack sizes (-Xss)
#   Set larger code cache with -XX:ReservedCodeCacheSize=
#   JVM is running with Unscaled Compressed Oops mode in which the Java heap is
#     placed in the first 4GB address space. The Java Heap base address is the
#     maximum limit for the native heap growth. Please use -XX:HeapBaseMinAddress
#     to set the Java Heap base and to place the Java Heap above 4GB virtual address.
# This output file may be truncated or incomplete.
#
#  Out of Memory Error (arena.cpp:150), pid=10372, tid=10708
#
# JRE version: Java(TM) SE Runtime Environment (22.0.1+8) (build 22.0.1+8-16)
# Java VM: Java HotSpot(TM) 64-Bit Server VM (22.0.1+8-16, mixed mode, sharing, tiered, compressed oops, compressed class ptrs, g1 gc, windows-amd64)
# No core dump will be written. Minidumps are not enabled by default on client versions of Windows
#

---------------  S U M M A R Y ------------

Command Line: -javaagent:C:\Program Files\JetBrains\IntelliJ IDEA Community Edition 2024.1.1\lib\idea_rt.jar=63319:C:\Program Files\JetBrains\IntelliJ IDEA Community Edition 2024.1.1\bin -Dfile.encoding=UTF-8 -Dsun.stdout.encoding=UTF-8 -Dsun.stderr.encoding=UTF-8 com.gameoddx.gameOdds.GameOddsApplication

Host: AMD Athlon Silver 3050U with Radeon Graphics   , 2 cores, 3G,  Windows 10 , 64 bit Build 19041 (10.0.19041.3636)
Time: Wed Jun 12 07:19:31 2024 GMT Summer Time elapsed time: 26.610106 seconds (0d 0h 0m 26s)

---------------  T H R E A D  ---------------

Current thread (0x000002d82c13b8a0):  JavaThread "C2 CompilerThread0" daemon [_thread_in_native, id=10708, stack(0x000000f674b00000,0x000000f674c00000) (1024K)]


Current CompileTask:
C2:26610 5477       4       org.springframework.beans.factory.support.AbstractBeanFactory::isTypeMatch (745 bytes)

Stack: [0x000000f674b00000,0x000000f674c00000]
Native frames: (J=compiled Java code, j=interpreted, Vv=VM code, C=native code)
V  [jvm.dll+0x6e2279]  (no source info available)
V  [jvm.dll+0x874e33]  (no source info available)
V  [jvm.dll+0x87725e]  (no source info available)
V  [jvm.dll+0x877933]  (no source info available)
V  [jvm.dll+0x27fd76]  (no source info available)
V  [jvm.dll+0xc3d0f]  (no source info available)
V  [jvm.dll+0xc3f6b]  (no source info available)
V  [jvm.dll+0x3bb10c]  (no source info available)
V  [jvm.dll+0x387b6b]  (no source info available)
V  [jvm.dll+0x386fda]  (no source info available)
V  [jvm.dll+0x247918]  (no source info available)
V  [jvm.dll+0x246fbf]  (no source info available)
V  [jvm.dll+0x1c4e90]  (no source info available)
V  [jvm.dll+0x2569fe]  (no source info available)
V  [jvm.dll+0x254cba]  (no source info available)
V  [jvm.dll+0x3f5336]  (no source info available)
V  [jvm.dll+0x81d44b]  (no source info available)
V  [jvm.dll+0x6e0915]  (no source info available)
C  [ucrtbase.dll+0x21bb2]  (no source info available)
C  [KERNEL32.DLL+0x17344]  (no source info available)
C  [ntdll.dll+0x526b1]  (no source info available)


---------------  P R O C E S S  ---------------

Threads class SMR info:
_java_thread_list=0x000002d874aba0b0, length=30, elements={
0x000002d80fb477c0, 0x000002d811dde680, 0x000002d82c132580, 0x000002d82c136600,
0x000002d82c137060, 0x000002d82c139d50, 0x000002d82c13a960, 0x000002d82c13b8a0,
0x000002d82c13f010, 0x000002d811db15e0, 0x000002d82c91c470, 0x000002d82c64a490,
0x000002d82cb5ad10, 0x000002d82cbaec20, 0x000002d873cbcb30, 0x000002d873e31160,
0x000002d873e317d0, 0x000002d8733a9230, 0x000002d8733a77f0, 0x000002d8733a6ad0,
0x000002d8733a5db0, 0x000002d8733a7e80, 0x000002d8733a8510, 0x000002d8733a8ba0,
0x000002d8733a6440, 0x000002d8733a7160, 0x000002d873589f40, 0x000002d873587e70,
0x000002d873588500, 0x000002d87358e0e0
}

Java Threads: ( => current thread )
  0x000002d80fb477c0 JavaThread "main"                              [_thread_blocked, id=11932, stack(0x000000f673d00000,0x000000f673e00000) (1024K)]
  0x000002d811dde680 JavaThread "Reference Handler"          daemon [_thread_blocked, id=2088, stack(0x000000f674500000,0x000000f674600000) (1024K)]
  0x000002d82c132580 JavaThread "Finalizer"                  daemon [_thread_blocked, id=8704, stack(0x000000f674600000,0x000000f674700000) (1024K)]
  0x000002d82c136600 JavaThread "Signal Dispatcher"          daemon [_thread_blocked, id=12144, stack(0x000000f674700000,0x000000f674800000) (1024K)]
  0x000002d82c137060 JavaThread "Attach Listener"            daemon [_thread_blocked, id=9712, stack(0x000000f674800000,0x000000f674900000) (1024K)]
  0x000002d82c139d50 JavaThread "Service Thread"             daemon [_thread_blocked, id=6256, stack(0x000000f674900000,0x000000f674a00000) (1024K)]
  0x000002d82c13a960 JavaThread "Monitor Deflation Thread"   daemon [_thread_blocked, id=11500, stack(0x000000f674a00000,0x000000f674b00000) (1024K)]
=>0x000002d82c13b8a0 JavaThread "C2 CompilerThread0"         daemon [_thread_in_native, id=10708, stack(0x000000f674b00000,0x000000f674c00000) (1024K)]
  0x000002d82c13f010 JavaThread "C1 CompilerThread0"         daemon [_thread_blocked, id=3852, stack(0x000000f674c00000,0x000000f674d00000) (1024K)]
  0x000002d811db15e0 JavaThread "Common-Cleaner"             daemon [_thread_blocked, id=6496, stack(0x000000f674d00000,0x000000f674e00000) (1024K)]
  0x000002d82c91c470 JavaThread "Monitor Ctrl-Break"         daemon [_thread_in_native, id=11632, stack(0x000000f674e00000,0x000000f674f00000) (1024K)]
  0x000002d82c64a490 JavaThread "Notification Thread"        daemon [_thread_blocked, id=9416, stack(0x000000f674f00000,0x000000f675000000) (1024K)]
  0x000002d82cb5ad10 JavaThread "Thread-0"                          [_thread_blocked, id=10212, stack(0x000000f675100000,0x000000f675200000) (1024K)]
  0x000002d82cbaec20 JavaThread "restartedMain"                     [_thread_in_Java, id=7008, stack(0x000000f675200000,0x000000f675300000) (1024K)]
  0x000002d873cbcb30 JavaThread "Catalina-utility-1"                [_thread_blocked, id=10076, stack(0x000000f675300000,0x000000f675400000) (1024K)]
  0x000002d873e31160 JavaThread "Catalina-utility-2"                [_thread_blocked, id=8288, stack(0x000000f675400000,0x000000f675500000) (1024K)]
  0x000002d873e317d0 JavaThread "container-0"                       [_thread_blocked, id=10688, stack(0x000000f675500000,0x000000f675600000) (1024K)]
  0x000002d8733a9230 JavaThread "Jndi-Dns-address-change-listener" daemon [_thread_in_native, id=11344, stack(0x000000f675600000,0x000000f675700000) (1024K)]
  0x000002d8733a77f0 JavaThread "BufferPoolPruner-1-thread-1" daemon [_thread_blocked, id=12852, stack(0x000000f675700000,0x000000f675800000) (1024K)]
  0x000002d8733a6ad0 JavaThread "cluster-ClusterId{value='66693def4e88a17da565d35d', description='null'}-srv-gameprophetapi.zpq6wld.mongodb.net" daemon [_thread_blocked, id=13904, stack(0x000000f675800000,0x000000f675900000) (1024K)]
  0x000002d8733a5db0 JavaThread "cluster-ClusterId{value='66693def4e88a17da565d35d', description='null'}-ac-a0gbpak-shard-00-02.zpq6wld.mongodb.net:27017" daemon [_thread_in_native, id=12896, stack(0x000000f675900000,0x000000f675a00000) (1024K)]
  0x000002d8733a7e80 JavaThread "cluster-rtt-ClusterId{value='66693def4e88a17da565d35d', description='null'}-ac-a0gbpak-shard-00-02.zpq6wld.mongodb.net:27017" daemon [_thread_blocked, id=6020, stack(0x000000f675a00000,0x000000f675b00000) (1024K)]
  0x000002d8733a8510 JavaThread "cluster-ClusterId{value='66693def4e88a17da565d35d', description='null'}-ac-a0gbpak-shard-00-00.zpq6wld.mongodb.net:27017" daemon [_thread_in_native, id=5340, stack(0x000000f675b00000,0x000000f675c00000) (1024K)]
  0x000002d8733a8ba0 JavaThread "cluster-rtt-ClusterId{value='66693def4e88a17da565d35d', description='null'}-ac-a0gbpak-shard-00-00.zpq6wld.mongodb.net:27017" daemon [_thread_blocked, id=4572, stack(0x000000f675c00000,0x000000f675d00000) (1024K)]
  0x000002d8733a6440 JavaThread "cluster-ClusterId{value='66693def4e88a17da565d35d', description='null'}-ac-a0gbpak-shard-00-01.zpq6wld.mongodb.net:27017" daemon [_thread_in_native, id=13744, stack(0x000000f675d00000,0x000000f675e00000) (1024K)]
  0x000002d8733a7160 JavaThread "cluster-rtt-ClusterId{value='66693def4e88a17da565d35d', description='null'}-ac-a0gbpak-shard-00-01.zpq6wld.mongodb.net:27017" daemon [_thread_blocked, id=12780, stack(0x000000f675e00000,0x000000f675f00000) (1024K)]
  0x000002d873589f40 JavaThread "Live Reload Server"         daemon [_thread_in_native, id=3872, stack(0x000000f675f00000,0x000000f676000000) (1024K)]
  0x000002d873587e70 JavaThread "MaintenanceTimer-3-thread-1" daemon [_thread_blocked, id=5556, stack(0x000000f676100000,0x000000f676200000) (1024K)]
  0x000002d873588500 JavaThread "MaintenanceTimer-2-thread-1" daemon [_thread_blocked, id=11416, stack(0x000000f676200000,0x000000f676300000) (1024K)]
  0x000002d87358e0e0 JavaThread "MaintenanceTimer-4-thread-1" daemon [_thread_blocked, id=10356, stack(0x000000f676300000,0x000000f676400000) (1024K)]
Total: 30

Other Threads:
  0x000002d811dc5260 VMThread "VM Thread"                           [id=2388, stack(0x000000f674400000,0x000000f674500000) (1024K)]
  0x000002d82c12ca10 WatcherThread "VM Periodic Task Thread"        [id=4896, stack(0x000000f674300000,0x000000f674400000) (1024K)]
  0x000002d811d497e0 WorkerThread "GC Thread#0"                     [id=10488, stack(0x000000f673e00000,0x000000f673f00000) (1024K)]
  0x000002d82c39afb0 WorkerThread "GC Thread#1"                     [id=5988, stack(0x000000f675000000,0x000000f675100000) (1024K)]
  0x000002d811d51410 ConcurrentGCThread "G1 Main Marker"            [id=6308, stack(0x000000f673f00000,0x000000f674000000) (1024K)]
  0x000002d811d51f20 WorkerThread "G1 Conc#0"                       [id=4540, stack(0x000000f674000000,0x000000f674100000) (1024K)]
  0x000002d811d9d940 ConcurrentGCThread "G1 Refine#0"               [id=4084, stack(0x000000f674100000,0x000000f674200000) (1024K)]
  0x000002d811d9f4d0 ConcurrentGCThread "G1 Service"                [id=13988, stack(0x000000f674200000,0x000000f674300000) (1024K)]
Total: 8

Threads with active compile tasks:
C2 CompilerThread0  26732 5477       4       org.springframework.beans.factory.support.AbstractBeanFactory::isTypeMatch (745 bytes)
Total: 1

VM state: not at safepoint (normal execution)

VM Mutex/Monitor currently owned by a thread: None

Heap address: 0x00000000c9e00000, size: 866 MB, Compressed Oops mode: 32-bit

CDS archive(s) mapped at: [0x000002d82d000000-0x000002d82dc60000-0x000002d82dc60000), size 12976128, SharedBaseAddress: 0x000002d82d000000, ArchiveRelocationMode: 1.
Compressed class space mapped at: 0x000002d82e000000-0x000002d86e000000, reserved size: 1073741824
Narrow klass base: 0x000002d82d000000, Narrow klass shift: 0, Narrow klass range: 0x41000000

GC Precious Log:
 CardTable entry size: 512
 Card Set container configuration: InlinePtr #cards 5 size 8 Array Of Cards #cards 12 size 40 Howl #buckets 4 coarsen threshold 1843 Howl Bitmap #cards 512 size 80 coarsen threshold 460 Card regions per heap region 1 cards per card region 2048
 CPUs: 2 total, 2 available
 Memory: 3461M
 Large Page Support: Disabled
 NUMA Support: Disabled
 Compressed Oops: Enabled (32-bit)
 Heap Region Size: 1M
 Heap Min Capacity: 8M
 Heap Initial Capacity: 56M
 Heap Max Capacity: 866M
 Pre-touch: Disabled
 Parallel Workers: 2
 Concurrent Workers: 1
 Concurrent Refinement Workers: 2
 Periodic GC: Disabled

Heap:
 garbage-first heap   total reserved 886784K, committed 45056K, used 33345K [0x00000000c9e00000, 0x0000000100000000)
  region size 1024K, 14 young (14336K), 2 survivors (2048K)
 Metaspace       used 44539K, committed 45184K, reserved 1114112K
  class space    used 5859K, committed 6144K, reserved 1048576K

Heap Regions: E=young(eden), S=young(survivor), O=old, HS=humongous(starts), HC=humongous(continues), CS=collection set, F=free, TAMS=top-at-mark-start, PB=parsable bottom
|   0|0x00000000c9e00000, 0x00000000c9f00000, 0x00000000c9f00000|100%| O|  |TAMS 0x00000000c9e00000| PB 0x00000000c9e00000| Untracked |  0
|   1|0x00000000c9f00000, 0x00000000ca000000, 0x00000000ca000000|100%| O|  |TAMS 0x00000000c9f00000| PB 0x00000000c9f00000| Untracked |  0
|   2|0x00000000ca000000, 0x00000000ca100000, 0x00000000ca100000|100%| O|  |TAMS 0x00000000ca000000| PB 0x00000000ca000000| Untracked |  0
|   3|0x00000000ca100000, 0x00000000ca200000, 0x00000000ca200000|100%| O|  |TAMS 0x00000000ca100000| PB 0x00000000ca100000| Untracked |  0
|   4|0x00000000ca200000, 0x00000000ca300000, 0x00000000ca300000|100%| O|  |TAMS 0x00000000ca200000| PB 0x00000000ca200000| Untracked |  0
|   5|0x00000000ca300000, 0x00000000ca400000, 0x00000000ca400000|100%| O|  |TAMS 0x00000000ca300000| PB 0x00000000ca300000| Untracked |  0
|   6|0x00000000ca400000, 0x00000000ca500000, 0x00000000ca500000|100%| O|  |TAMS 0x00000000ca400000| PB 0x00000000ca400000| Untracked |  0
|   7|0x00000000ca500000, 0x00000000ca600000, 0x00000000ca600000|100%| O|  |TAMS 0x00000000ca500000| PB 0x00000000ca500000| Untracked |  0
|   8|0x00000000ca600000, 0x00000000ca700000, 0x00000000ca700000|100%| O|  |TAMS 0x00000000ca600000| PB 0x00000000ca600000| Untracked |  0
|   9|0x00000000ca700000, 0x00000000ca800000, 0x00000000ca800000|100%| O|  |TAMS 0x00000000ca700000| PB 0x00000000ca700000| Untracked |  0
|  10|0x00000000ca800000, 0x00000000ca900000, 0x00000000ca900000|100%| O|  |TAMS 0x00000000ca800000| PB 0x00000000ca800000| Untracked |  0
|  11|0x00000000ca900000, 0x00000000caa00000, 0x00000000caa00000|100%| O|  |TAMS 0x00000000ca900000| PB 0x00000000ca900000| Untracked |  0
|  12|0x00000000caa00000, 0x00000000cab00000, 0x00000000cab00000|100%| O|  |TAMS 0x00000000caa00000| PB 0x00000000caa00000| Untracked |  0
|  13|0x00000000cab00000, 0x00000000cac00000, 0x00000000cac00000|100%| O|  |TAMS 0x00000000cab00000| PB 0x00000000cab00000| Untracked |  0
|  14|0x00000000cac00000, 0x00000000cad00000, 0x00000000cad00000|100%| O|  |TAMS 0x00000000cac00000| PB 0x00000000cac00000| Untracked |  0
|  15|0x00000000cad00000, 0x00000000cad00000, 0x00000000cae00000|  0%| F|  |TAMS 0x00000000cad00000| PB 0x00000000cad00000| Untracked |  0
|  16|0x00000000cae00000, 0x00000000caf00000, 0x00000000caf00000|100%| O|  |TAMS 0x00000000cae00000| PB 0x00000000cae00000| Untracked |  0
|  17|0x00000000caf00000, 0x00000000cb000000, 0x00000000cb000000|100%| O|  |TAMS 0x00000000caf00000| PB 0x00000000caf00000| Untracked |  0
|  18|0x00000000cb000000, 0x00000000cb100000, 0x00000000cb100000|100%| O|  |TAMS 0x00000000cb000000| PB 0x00000000cb000000| Untracked |  0
|  19|0x00000000cb100000, 0x00000000cb200000, 0x00000000cb200000|100%| O|  |TAMS 0x00000000cb100000| PB 0x00000000cb100000| Untracked |  0
|  20|0x00000000cb200000, 0x00000000cb300000, 0x00000000cb300000|100%| O|  |TAMS 0x00000000cb200000| PB 0x00000000cb200000| Untracked |  0
|  21|0x00000000cb300000, 0x00000000cb300000, 0x00000000cb400000|  0%| F|  |TAMS 0x00000000cb300000| PB 0x00000000cb300000| Untracked |  0
|  22|0x00000000cb400000, 0x00000000cb400000, 0x00000000cb500000|  0%| F|  |TAMS 0x00000000cb400000| PB 0x00000000cb400000| Untracked |  0
|  23|0x00000000cb500000, 0x00000000cb500000, 0x00000000cb600000|  0%| F|  |TAMS 0x00000000cb500000| PB 0x00000000cb500000| Untracked |  0
|  24|0x00000000cb600000, 0x00000000cb600000, 0x00000000cb700000|  0%| F|  |TAMS 0x00000000cb600000| PB 0x00000000cb600000| Untracked |  0
|  25|0x00000000cb700000, 0x00000000cb790720, 0x00000000cb800000| 56%| S|CS|TAMS 0x00000000cb700000| PB 0x00000000cb700000| Complete |  0
|  26|0x00000000cb800000, 0x00000000cb900000, 0x00000000cb900000|100%| S|CS|TAMS 0x00000000cb800000| PB 0x00000000cb800000| Complete |  0
|  27|0x00000000cb900000, 0x00000000cb900000, 0x00000000cba00000|  0%| F|  |TAMS 0x00000000cb900000| PB 0x00000000cb900000| Untracked |  0
|  28|0x00000000cba00000, 0x00000000cba00000, 0x00000000cbb00000|  0%| F|  |TAMS 0x00000000cba00000| PB 0x00000000cba00000| Untracked |  0
|  29|0x00000000cbb00000, 0x00000000cbb00000, 0x00000000cbc00000|  0%| F|  |TAMS 0x00000000cbb00000| PB 0x00000000cbb00000| Untracked |  0
|  30|0x00000000cbc00000, 0x00000000cbc00000, 0x00000000cbd00000|  0%| F|  |TAMS 0x00000000cbc00000| PB 0x00000000cbc00000| Untracked |  0
|  31|0x00000000cbd00000, 0x00000000cbd00000, 0x00000000cbe00000|  0%| F|  |TAMS 0x00000000cbd00000| PB 0x00000000cbd00000| Untracked |  0
|  32|0x00000000cbe00000, 0x00000000cbe80f48, 0x00000000cbf00000| 50%| E|  |TAMS 0x00000000cbe00000| PB 0x00000000cbe00000| Complete |  0
|  33|0x00000000cbf00000, 0x00000000cc000000, 0x00000000cc000000|100%| E|CS|TAMS 0x00000000cbf00000| PB 0x00000000cbf00000| Complete |  0
|  34|0x00000000cc000000, 0x00000000cc100000, 0x00000000cc100000|100%| E|CS|TAMS 0x00000000cc000000| PB 0x00000000cc000000| Complete |  0
|  35|0x00000000cc100000, 0x00000000cc200000, 0x00000000cc200000|100%| E|CS|TAMS 0x00000000cc100000| PB 0x00000000cc100000| Complete |  0
|  36|0x00000000cc200000, 0x00000000cc300000, 0x00000000cc300000|100%| E|CS|TAMS 0x00000000cc200000| PB 0x00000000cc200000| Complete |  0
|  37|0x00000000cc300000, 0x00000000cc400000, 0x00000000cc400000|100%| E|CS|TAMS 0x00000000cc300000| PB 0x00000000cc300000| Complete |  0
|  38|0x00000000cc400000, 0x00000000cc500000, 0x00000000cc500000|100%| E|CS|TAMS 0x00000000cc400000| PB 0x00000000cc400000| Complete |  0
|  39|0x00000000cc500000, 0x00000000cc600000, 0x00000000cc600000|100%| E|CS|TAMS 0x00000000cc500000| PB 0x00000000cc500000| Complete |  0
|  40|0x00000000cc600000, 0x00000000cc700000, 0x00000000cc700000|100%| E|CS|TAMS 0x00000000cc600000| PB 0x00000000cc600000| Complete |  0
|  41|0x00000000cc700000, 0x00000000cc800000, 0x00000000cc800000|100%| E|CS|TAMS 0x00000000cc700000| PB 0x00000000cc700000| Complete |  0
|  42|0x00000000cc800000, 0x00000000cc900000, 0x00000000cc900000|100%| E|CS|TAMS 0x00000000cc800000| PB 0x00000000cc800000| Complete |  0
|  43|0x00000000cc900000, 0x00000000cca00000, 0x00000000cca00000|100%| E|CS|TAMS 0x00000000cc900000| PB 0x00000000cc900000| Complete |  0

Card table byte_map: [0x000002d811aa0000,0x000002d811c60000] _byte_map_base: 0x000002d811451000

Marking Bits: (CMBitMap*) 0x000002d811d49ef0
 Bits: [0x000002d829060000, 0x000002d829de8000)

Polling page: 0x000002d80fc80000

Metaspace:

Usage:
  Non-class:     37.77 MB used.
      Class:      5.72 MB used.
       Both:     43.50 MB used.

Virtual space:
  Non-class space:       64.00 MB reserved,      38.12 MB ( 60%) committed,  1 nodes.
      Class space:        1.00 GB reserved,       6.00 MB ( <1%) committed,  1 nodes.
             Both:        1.06 GB reserved,      44.12 MB (  4%) committed. 

Chunk freelists:
   Non-Class:  9.30 MB
       Class:  9.84 MB
        Both:  19.14 MB

MaxMetaspaceSize: unlimited
CompressedClassSpaceSize: 1.00 GB
Initial GC threshold: 21.00 MB
Current GC threshold: 58.69 MB
CDS: on
 - commit_granule_bytes: 65536.
 - commit_granule_words: 8192.
 - virtual_space_node_default_size: 8388608.
 - enlarge_chunks_in_place: 1.
 - use_allocation_guard: 0.


Internal statistics:

num_allocs_failed_limit: 6.
num_arena_births: 822.
num_arena_deaths: 0.
num_vsnodes_births: 2.
num_vsnodes_deaths: 0.
num_space_committed: 706.
num_space_uncommitted: 0.
num_chunks_returned_to_freelist: 6.
num_chunks_taken_from_freelist: 2305.
num_chunk_merges: 3.
num_chunk_splits: 1530.
num_chunks_enlarged: 1090.
num_inconsistent_stats: 0.

CodeHeap 'non-profiled nmethods': size=120064Kb used=2824Kb max_used=2824Kb free=117239Kb
 bounds [0x000002d821b20000, 0x000002d821df0000, 0x000002d829060000]
CodeHeap 'profiled nmethods': size=120000Kb used=10231Kb max_used=10231Kb free=109768Kb
 bounds [0x000002d81a060000, 0x000002d81aa60000, 0x000002d821590000]
CodeHeap 'non-nmethods': size=5696Kb used=1569Kb max_used=1602Kb free=4126Kb
 bounds [0x000002d821590000, 0x000002d821800000, 0x000002d821b20000]
 total_blobs=5722 nmethods=5098 adapters=528
 compilation: enabled
              stopped_count=0, restarted_count=0
 full_count=0

Compilation events (20 events):
Event: 26.501 Thread 0x000002d82c13f010 5542       2       org.springframework.core.SerializableTypeWrapper$MethodInvokeTypeProvider::<init> (36 bytes)
Event: 26.501 Thread 0x000002d82c13f010 nmethod 5542 0x000002d81aa55410 code [0x000002d81aa555c0, 0x000002d81aa55848]
Event: 26.502 Thread 0x000002d82c13f010 5543       2       sun.reflect.generics.visitor.Reifier::reifyTypeArguments (38 bytes)
Event: 26.502 Thread 0x000002d82c13f010 nmethod 5543 0x000002d81aa55910 code [0x000002d81aa55ac0, 0x000002d81aa55e30]
Event: 26.503 Thread 0x000002d82c13f010 5544       2       org.springframework.boot.web.servlet.context.WebApplicationContextServletContextAwareProcessor::getServletContext (23 bytes)
Event: 26.503 Thread 0x000002d82c13f010 nmethod 5544 0x000002d81aa55f90 code [0x000002d81aa56160, 0x000002d81aa563a8]
Event: 26.508 Thread 0x000002d82c13f010 5545       2       org.springframework.beans.propertyeditors.ClassEditor::<init> (20 bytes)
Event: 26.508 Thread 0x000002d82c13f010 nmethod 5545 0x000002d81aa56510 code [0x000002d81aa566c0, 0x000002d81aa568b0]
Event: 26.508 Thread 0x000002d82c13f010 5546       2       org.springframework.beans.propertyeditors.ClassArrayEditor::<init> (20 bytes)
Event: 26.508 Thread 0x000002d82c13f010 nmethod 5546 0x000002d81aa56990 code [0x000002d81aa56b40, 0x000002d81aa56d30]
Event: 26.508 Thread 0x000002d82c13f010 5547       2       org.springframework.core.io.support.ResourceArrayPropertyEditor::<init> (26 bytes)
Event: 26.509 Thread 0x000002d82c13f010 nmethod 5547 0x000002d81aa56e10 code [0x000002d81aa56fc0, 0x000002d81aa572b8]
Event: 26.510 Thread 0x000002d82c13f010 5548       2       org.springframework.beans.PropertyEditorRegistrySupport::useConfigValueEditors (6 bytes)
Event: 26.511 Thread 0x000002d82c13f010 nmethod 5548 0x000002d81a68f810 code [0x000002d81a68f9a0, 0x000002d81a68faa8]
Event: 26.511 Thread 0x000002d82c13f010 5549       2       org.springframework.beans.support.ResourceEditorRegistrar::registerCustomEditors (227 bytes)
Event: 26.513 Thread 0x000002d82c13f010 nmethod 5549 0x000002d81aa57410 code [0x000002d81aa57940, 0x000002d81aa5a480]
Event: 26.515 Thread 0x000002d82c13f010 5550   !   2       org.springframework.beans.factory.support.AbstractBeanFactory::registerCustomEditors (198 bytes)
Event: 26.516 Thread 0x000002d82c13f010 nmethod 5550 0x000002d81aa5b210 code [0x000002d81aa5b4e0, 0x000002d81aa5bdf0]
Event: 26.516 Thread 0x000002d82c13f010 5551       3       java.util.IdentityHashMap::get (60 bytes)
Event: 26.517 Thread 0x000002d82c13f010 nmethod 5551 0x000002d81aa5c410 code [0x000002d81aa5c600, 0x000002d81aa5ca50]

GC Heap History (20 events):
Event: 7.601 GC heap before
{Heap before GC invocations=2 (full 0):
 garbage-first heap   total reserved 886784K, committed 57344K, used 14344K [0x00000000c9e00000, 0x0000000100000000)
  region size 1024K, 11 young (11264K), 1 survivors (1024K)
 Metaspace       used 6069K, committed 6272K, reserved 1114112K
  class space    used 689K, committed 768K, reserved 1048576K
}
Event: 7.603 GC heap after
{Heap after GC invocations=3 (full 0):
 garbage-first heap   total reserved 886784K, committed 57344K, used 5803K [0x00000000c9e00000, 0x0000000100000000)
  region size 1024K, 2 young (2048K), 2 survivors (2048K)
 Metaspace       used 6069K, committed 6272K, reserved 1114112K
  class space    used 689K, committed 768K, reserved 1048576K
}
Event: 11.410 GC heap before
{Heap before GC invocations=3 (full 0):
 garbage-first heap   total reserved 886784K, committed 57344K, used 36523K [0x00000000c9e00000, 0x0000000100000000)
  region size 1024K, 33 young (33792K), 2 survivors (2048K)
 Metaspace       used 14961K, committed 15232K, reserved 1114112K
  class space    used 1782K, committed 1920K, reserved 1048576K
}
Event: 11.419 GC heap after
{Heap after GC invocations=4 (full 0):
 garbage-first heap   total reserved 886784K, committed 57344K, used 8428K [0x00000000c9e00000, 0x0000000100000000)
  region size 1024K, 4 young (4096K), 4 survivors (4096K)
 Metaspace       used 14961K, committed 15232K, reserved 1114112K
  class space    used 1782K, committed 1920K, reserved 1048576K
}
Event: 14.804 GC heap before
{Heap before GC invocations=4 (full 0):
 garbage-first heap   total reserved 886784K, committed 57344K, used 37100K [0x00000000c9e00000, 0x0000000100000000)
  region size 1024K, 33 young (33792K), 4 survivors (4096K)
 Metaspace       used 19492K, committed 19904K, reserved 1114112K
  class space    used 2388K, committed 2560K, reserved 1048576K
}
Event: 14.818 GC heap after
{Heap after GC invocations=5 (full 0):
 garbage-first heap   total reserved 886784K, committed 57344K, used 11741K [0x00000000c9e00000, 0x0000000100000000)
  region size 1024K, 4 young (4096K), 4 survivors (4096K)
 Metaspace       used 19492K, committed 19904K, reserved 1114112K
  class space    used 2388K, committed 2560K, reserved 1048576K
}
Event: 15.484 GC heap before
{Heap before GC invocations=5 (full 0):
 garbage-first heap   total reserved 886784K, committed 57344K, used 24029K [0x00000000c9e00000, 0x0000000100000000)
  region size 1024K, 17 young (17408K), 4 survivors (4096K)
 Metaspace       used 21207K, committed 21504K, reserved 1114112K
  class space    used 2596K, committed 2752K, reserved 1048576K
}
Event: 15.491 GC heap after
{Heap after GC invocations=6 (full 0):
 garbage-first heap   total reserved 886784K, committed 57344K, used 12357K [0x00000000c9e00000, 0x0000000100000000)
  region size 1024K, 2 young (2048K), 2 survivors (2048K)
 Metaspace       used 21207K, committed 21504K, reserved 1114112K
  class space    used 2596K, committed 2752K, reserved 1048576K
}
Event: 18.251 GC heap before
{Heap before GC invocations=7 (full 0):
 garbage-first heap   total reserved 886784K, committed 45056K, used 36933K [0x00000000c9e00000, 0x0000000100000000)
  region size 1024K, 26 young (26624K), 2 survivors (2048K)
 Metaspace       used 25191K, committed 25664K, reserved 1114112K
  class space    used 3163K, committed 3392K, reserved 1048576K
}
Event: 18.261 GC heap after
{Heap after GC invocations=8 (full 0):
 garbage-first heap   total reserved 886784K, committed 45056K, used 14099K [0x00000000c9e00000, 0x0000000100000000)
  region size 1024K, 3 young (3072K), 3 survivors (3072K)
 Metaspace       used 25191K, committed 25664K, reserved 1114112K
  class space    used 3163K, committed 3392K, reserved 1048576K
}
Event: 21.887 GC heap before
{Heap before GC invocations=8 (full 0):
 garbage-first heap   total reserved 886784K, committed 45056K, used 35603K [0x00000000c9e00000, 0x0000000100000000)
  region size 1024K, 25 young (25600K), 3 survivors (3072K)
 Metaspace       used 29253K, committed 29760K, reserved 1114112K
  class space    used 3705K, committed 3904K, reserved 1048576K
}
Event: 21.897 GC heap after
{Heap after GC invocations=9 (full 0):
 garbage-first heap   total reserved 886784K, committed 45056K, used 16132K [0x00000000c9e00000, 0x0000000100000000)
  region size 1024K, 3 young (3072K), 3 survivors (3072K)
 Metaspace       used 29253K, committed 29760K, reserved 1114112K
  class space    used 3705K, committed 3904K, reserved 1048576K
}
Event: 23.023 GC heap before
{Heap before GC invocations=9 (full 0):
 garbage-first heap   total reserved 886784K, committed 45056K, used 36612K [0x00000000c9e00000, 0x0000000100000000)
  region size 1024K, 23 young (23552K), 3 survivors (3072K)
 Metaspace       used 34982K, committed 35520K, reserved 1114112K
  class space    used 4527K, committed 4736K, reserved 1048576K
}
Event: 23.031 GC heap after
{Heap after GC invocations=10 (full 0):
 garbage-first heap   total reserved 886784K, committed 45056K, used 18221K [0x00000000c9e00000, 0x0000000100000000)
  region size 1024K, 2 young (2048K), 2 survivors (2048K)
 Metaspace       used 34982K, committed 35520K, reserved 1114112K
  class space    used 4527K, committed 4736K, reserved 1048576K
}
Event: 23.456 GC heap before
{Heap before GC invocations=10 (full 0):
 garbage-first heap   total reserved 886784K, committed 45056K, used 19245K [0x00000000c9e00000, 0x0000000100000000)
  region size 1024K, 5 young (5120K), 2 survivors (2048K)
 Metaspace       used 35432K, committed 35968K, reserved 1114112K
  class space    used 4571K, committed 4800K, reserved 1048576K
}
Event: 23.462 GC heap after
{Heap after GC invocations=11 (full 0):
 garbage-first heap   total reserved 886784K, committed 45056K, used 19866K [0x00000000c9e00000, 0x0000000100000000)
  region size 1024K, 2 young (2048K), 2 survivors (2048K)
 Metaspace       used 35432K, committed 35968K, reserved 1114112K
  class space    used 4571K, committed 4800K, reserved 1048576K
}
Event: 24.132 GC heap before
{Heap before GC invocations=12 (full 0):
 garbage-first heap   total reserved 886784K, committed 45056K, used 38298K [0x00000000c9e00000, 0x0000000100000000)
  region size 1024K, 20 young (20480K), 2 survivors (2048K)
 Metaspace       used 38944K, committed 39552K, reserved 1114112K
  class space    used 5077K, committed 5376K, reserved 1048576K
}
Event: 24.138 GC heap after
{Heap after GC invocations=13 (full 0):
 garbage-first heap   total reserved 886784K, committed 45056K, used 20870K [0x00000000c9e00000, 0x0000000100000000)
  region size 1024K, 3 young (3072K), 3 survivors (3072K)
 Metaspace       used 38944K, committed 39552K, reserved 1114112K
  class space    used 5077K, committed 5376K, reserved 1048576K
}
Event: 25.343 GC heap before
{Heap before GC invocations=13 (full 0):
 garbage-first heap   total reserved 886784K, committed 45056K, used 37254K [0x00000000c9e00000, 0x0000000100000000)
  region size 1024K, 20 young (20480K), 3 survivors (3072K)
 Metaspace       used 42720K, committed 43328K, reserved 1114112K
  class space    used 5589K, committed 5888K, reserved 1048576K
}
Event: 25.351 GC heap after
{Heap after GC invocations=14 (full 0):
 garbage-first heap   total reserved 886784K, committed 45056K, used 22081K [0x00000000c9e00000, 0x0000000100000000)
  region size 1024K, 2 young (2048K), 2 survivors (2048K)
 Metaspace       used 42720K, committed 43328K, reserved 1114112K
  class space    used 5589K, committed 5888K, reserved 1048576K
}

Dll operation events (14 events):
Event: 0.061 Loaded shared library C:\Program Files\Java\jdk-22\bin\java.dll
Event: 0.120 Loaded shared library C:\Program Files\Java\jdk-22\bin\jsvml.dll
Event: 1.255 Loaded shared library C:\Program Files\Java\jdk-22\bin\zip.dll
Event: 1.289 Loaded shared library C:\Program Files\Java\jdk-22\bin\instrument.dll
Event: 1.297 Loaded shared library C:\Program Files\Java\jdk-22\bin\net.dll
Event: 1.299 Loaded shared library C:\Program Files\Java\jdk-22\bin\nio.dll
Event: 1.303 Loaded shared library C:\Program Files\Java\jdk-22\bin\zip.dll
Event: 2.032 Loaded shared library C:\Program Files\Java\jdk-22\bin\jimage.dll
Event: 5.935 Loaded shared library C:\Program Files\JetBrains\IntelliJ IDEA Community Edition 2024.1.1\bin\breakgen64.dll
Event: 6.050 Loaded shared library C:\Program Files\Java\jdk-22\bin\extnet.dll
Event: 7.357 Loaded shared library C:\Program Files\Java\jdk-22\bin\management.dll
Event: 7.362 Loaded shared library C:\Program Files\Java\jdk-22\bin\management_ext.dll
Event: 9.580 Loaded shared library C:\Program Files\Java\jdk-22\bin\le.dll
Event: 13.454 Loaded shared library C:\Program Files\Java\jdk-22\bin\sunmscapi.dll

Deoptimization events (20 events):
Event: 25.770 Thread 0x000002d82cbaec20 Uncommon trap: trap_request=0xffffff76 fr.pc=0x000002d821dc3bc8 relative=0x0000000000000228
Event: 25.770 Thread 0x000002d82cbaec20 Uncommon trap: reason=predicate action=maybe_recompile pc=0x000002d821dc3bc8 method=java.util.HashMap.keysToArray([Ljava/lang/Object;)[Ljava/lang/Object; @ 48 c2
Event: 25.770 Thread 0x000002d82cbaec20 DEOPT PACKING pc=0x000002d821dc3bc8 sp=0x000000f6752fc790
Event: 25.770 Thread 0x000002d82cbaec20 DEOPT UNPACKING pc=0x000002d8215e46a2 sp=0x000000f6752fc738 mode 2
Event: 26.112 Thread 0x000002d82cbaec20 Uncommon trap: trap_request=0xffffff45 fr.pc=0x000002d821c9c1b8 relative=0x0000000000000258
Event: 26.112 Thread 0x000002d82cbaec20 Uncommon trap: reason=unstable_if action=reinterpret pc=0x000002d821c9c1b8 method=org.springframework.beans.factory.support.AbstractAutowireCapableBeanFactory.determineTargetType(Ljava/lang/String;Lorg/springframework/beans/factory/support/RootBeanDefinit
Event: 26.112 Thread 0x000002d82cbaec20 DEOPT PACKING pc=0x000002d821c9c1b8 sp=0x000000f6752fd820
Event: 26.112 Thread 0x000002d82cbaec20 DEOPT UNPACKING pc=0x000002d8215e46a2 sp=0x000000f6752fd808 mode 2
Event: 26.143 Thread 0x000002d82cbaec20 Uncommon trap: trap_request=0xffffff45 fr.pc=0x000002d821b2bad8 relative=0x0000000000000298
Event: 26.143 Thread 0x000002d82cbaec20 Uncommon trap: reason=unstable_if action=reinterpret pc=0x000002d821b2bad8 method=java.lang.String.isLatin1()Z @ 10 c2
Event: 26.143 Thread 0x000002d82cbaec20 DEOPT PACKING pc=0x000002d821b2bad8 sp=0x000000f6752fcd70
Event: 26.143 Thread 0x000002d82cbaec20 DEOPT UNPACKING pc=0x000002d8215e46a2 sp=0x000000f6752fcca0 mode 2
Event: 26.488 Thread 0x000002d82cbaec20 Uncommon trap: trap_request=0xffffff45 fr.pc=0x000002d821d670a8 relative=0x0000000000000a08
Event: 26.488 Thread 0x000002d82cbaec20 Uncommon trap: reason=unstable_if action=reinterpret pc=0x000002d821d670a8 method=org.springframework.beans.factory.support.DefaultSingletonBeanRegistry.getSingleton(Ljava/lang/String;Z)Ljava/lang/Object; @ 39 c2
Event: 26.488 Thread 0x000002d82cbaec20 DEOPT PACKING pc=0x000002d821d670a8 sp=0x000000f6752fdbf0
Event: 26.488 Thread 0x000002d82cbaec20 DEOPT UNPACKING pc=0x000002d8215e46a2 sp=0x000000f6752fdb78 mode 2
Event: 26.502 Thread 0x000002d82cbaec20 Uncommon trap: trap_request=0xffffff45 fr.pc=0x000002d821c61c50 relative=0x0000000000000110
Event: 26.502 Thread 0x000002d82cbaec20 Uncommon trap: reason=unstable_if action=reinterpret pc=0x000002d821c61c50 method=java.util.IdentityHashMap.nextKeyIndex(II)I @ 4 c2
Event: 26.502 Thread 0x000002d82cbaec20 DEOPT PACKING pc=0x000002d821c61c50 sp=0x000000f6752fd440
Event: 26.502 Thread 0x000002d82cbaec20 DEOPT UNPACKING pc=0x000002d8215e46a2 sp=0x000000f6752fd348 mode 2

Classes loaded (20 events):
Event: 25.198 Loading class sun/reflect/generics/tree/BooleanSignature
Event: 25.198 Loading class sun/reflect/generics/tree/BooleanSignature done
Event: 25.303 Loading class sun/security/ssl/PostHandshakeContext
Event: 25.303 Loading class sun/security/ssl/PostHandshakeContext done
Event: 25.303 Loading class sun/security/ssl/NewSessionTicket$T13NewSessionTicketMessage
Event: 25.304 Loading class sun/security/ssl/NewSessionTicket$NewSessionTicketMessage
Event: 25.304 Loading class sun/security/ssl/NewSessionTicket$NewSessionTicketMessage done
Event: 25.304 Loading class sun/security/ssl/NewSessionTicket$T13NewSessionTicketMessage done
Event: 25.386 Loading class java/util/EnumMap$EntrySet
Event: 25.387 Loading class java/util/EnumMap$EntrySet done
Event: 25.387 Loading class java/util/EnumMap$EntryIterator
Event: 25.390 Loading class java/nio/HeapByteBufferR
Event: 25.425 Loading class java/util/EnumMap$EnumMapIterator
Event: 25.481 Loading class java/util/EnumMap$EnumMapIterator done
Event: 25.481 Loading class java/util/EnumMap$EntryIterator done
Event: 25.483 Loading class java/lang/SafeVarargs
Event: 25.610 Loading class java/nio/HeapByteBufferR done
Event: 25.613 Loading class java/lang/SafeVarargs done
Event: 25.664 Loading class java/util/function/LongBinaryOperator
Event: 25.664 Loading class java/util/function/LongBinaryOperator done

Classes unloaded (0 events):
No events

Classes redefined (0 events):
No events

Internal exceptions (20 events):
Event: 21.707 Thread 0x000002d82cbaec20 Exception <a 'java/lang/NoSuchMethodError'{0x00000000cb7c50e0}: 'long java.lang.invoke.Invokers$Holder.invokeExact_MT(java.lang.Object, java.lang.Object)'> (0x00000000cb7c50e0) 
thrown [s\open\src\hotspot\share\interpreter\linkResolver.cpp, line 774]
Event: 21.779 Thread 0x000002d82cbaec20 Exception <a 'java/lang/NoSuchMethodError'{0x00000000cb500130}: 'void java.lang.invoke.Invokers$Holder.invokeExact_MT(java.lang.Object, java.lang.Object, java.lang.Object, java.lang.Object)'> (0x00000000cb500130) 
thrown [s\open\src\hotspot\share\interpreter\linkResolver.cpp, line 774]
Event: 22.283 Thread 0x000002d82cbaec20 Implicit null exception at 0x000002d821bb0344 to 0x000002d821bb0a74
Event: 22.293 Thread 0x000002d82cbaec20 Exception <a 'java/lang/NoSuchMethodError'{0x00000000cc5bf700}: 'long java.lang.invoke.DirectMethodHandle$Holder.invokeStatic(java.lang.Object)'> (0x00000000cc5bf700) 
thrown [s\open\src\hotspot\share\interpreter\linkResolver.cpp, line 774]
Event: 22.339 Thread 0x000002d82cbaec20 Implicit null exception at 0x000002d821ba9540 to 0x000002d821ba9c64
Event: 22.470 Thread 0x000002d82cbaec20 Exception <a 'java/lang/IncompatibleClassChangeError'{0x00000000cc170478}: Found class java.lang.Object, but interface was expected> (0x00000000cc170478) 
thrown [s\open\src\hotspot\share\interpreter\linkResolver.cpp, line 841]
Event: 22.476 Thread 0x000002d82cbaec20 Exception <a 'java/lang/NoSuchMethodError'{0x00000000cc1a6520}: 'java.lang.Object java.lang.invoke.DirectMethodHandle$Holder.newInvokeSpecial(java.lang.Object, java.lang.Object, java.lang.Object, int, int)'> (0x00000000cc1a6520) 
thrown [s\open\src\hotspot\share\interpreter\linkResolver.cpp, line 774]
Event: 22.509 Thread 0x000002d82cbaec20 Exception <a 'java/lang/IncompatibleClassChangeError'{0x00000000cc09a450}: Found class java.lang.Object, but interface was expected> (0x00000000cc09a450) 
thrown [s\open\src\hotspot\share\interpreter\linkResolver.cpp, line 841]
Event: 22.568 Thread 0x000002d82cbaec20 Exception <a 'java/lang/IncompatibleClassChangeError'{0x00000000cbe043c8}: Found class java.lang.Object, but interface was expected> (0x00000000cbe043c8) 
thrown [s\open\src\hotspot\share\interpreter\linkResolver.cpp, line 841]
Event: 22.934 Thread 0x000002d8733a5db0 Exception <a 'sun/nio/fs/WindowsException'{0x00000000cb9ca138}> (0x00000000cb9ca138) 
thrown [s\open\src\hotspot\share\prims\jni.cpp, line 520]
Event: 22.995 Thread 0x000002d82cbaec20 Exception <a 'java/lang/NoSuchMethodError'{0x00000000cb665af0}: 'long java.lang.invoke.DirectMethodHandle$Holder.invokeVirtual(java.lang.Object, java.lang.Object, java.lang.Object, java.lang.Object, java.lang.Object, java.lang.Object)'> (0x00000000cb665af0) 
thrown [s\open\src\hotspot\share\interpreter\linkResolver.cpp, line 774]
Event: 23.534 Thread 0x000002d82cbaec20 Implicit null exception at 0x000002d821d5c7f3 to 0x000002d821d5ca64
Event: 23.697 Thread 0x000002d82cbaec20 Exception <a 'java/lang/IncompatibleClassChangeError'{0x00000000cc1a4eb8}: Found class java.lang.Object, but interface was expected> (0x00000000cc1a4eb8) 
thrown [s\open\src\hotspot\share\interpreter\linkResolver.cpp, line 841]
Event: 23.717 Thread 0x000002d82cbaec20 Exception <a 'java/lang/NoSuchMethodError'{0x00000000cc0208e0}: 'java.lang.Object java.lang.invoke.DirectMethodHandle$Holder.newInvokeSpecial(java.lang.Object, java.lang.Object, java.lang.Object, java.lang.Object, java.lang.Object, java.lang.Object)'> (0x00000000cc0208e0) 
thrown [s\open\src\hotspot\share\interpreter\linkResolver.cpp, line 774]
Event: 23.827 Thread 0x000002d82cbaec20 Exception <a 'java/lang/NoSuchMethodError'{0x00000000cbe4adb8}: 'java.lang.Object java.lang.invoke.DirectMethodHandle$Holder.invokeStatic(java.lang.Object, java.lang.Object, int, java.lang.Object)'> (0x00000000cbe4adb8) 
thrown [s\open\src\hotspot\share\interpreter\linkResolver.cpp, line 774]
Event: 23.830 Thread 0x000002d82cbaec20 Exception <a 'java/lang/NoSuchMethodError'{0x00000000cbe51618}: 'java.lang.Object java.lang.invoke.DirectMethodHandle$Holder.newInvokeSpecial(java.lang.Object, java.lang.Object, int)'> (0x00000000cbe51618) 
thrown [s\open\src\hotspot\share\interpreter\linkResolver.cpp, line 774]
Event: 24.352 Thread 0x000002d82cbaec20 Exception <a 'java/lang/NoSuchMethodError'{0x00000000cc90d0f0}: 'java.lang.Object java.lang.invoke.DirectMethodHandle$Holder.newInvokeSpecial(java.lang.Object, java.lang.Object, java.lang.Object, java.lang.Object, java.lang.Object, java.lang.Object, java.lang.Object, java.lang.Object)'> (0x00000000cc90d0f0) 
thrown [s\open\src\hotspot\share\interpreter\linkResolver.cpp, line 774]
Event: 25.702 Thread 0x000002d82cbaec20 Exception <a 'java/lang/IncompatibleClassChangeError'{0x00000000cc724908}: Found class java.lang.Object, but interface was expected> (0x00000000cc724908) 
thrown [s\open\src\hotspot\share\interpreter\linkResolver.cpp, line 841]
Event: 26.320 Thread 0x000002d82cbaec20 Exception <a 'java/lang/NoSuchMethodError'{0x00000000cc10ae30}: 'void java.lang.invoke.DirectMethodHandle$Holder.invokeVirtual(java.lang.Object, java.lang.Object, long)'> (0x00000000cc10ae30) 
thrown [s\open\src\hotspot\share\interpreter\linkResolver.cpp, line 774]
Event: 26.468 Thread 0x000002d82cbaec20 Exception <a 'java/lang/NoSuchMethodError'{0x00000000cbfad8b8}: 'int java.lang.invoke.DirectMethodHandle$Holder.invokeStaticInit(java.lang.Object, java.lang.Object, java.lang.Object, java.lang.Object)'> (0x00000000cbfad8b8) 
thrown [s\open\src\hotspot\share\interpreter\linkResolver.cpp, line 774]

ZGC Phase Switch (0 events):
No events

VM Operations (20 events):
Event: 24.340 Executing VM operation: HandshakeAllThreads (Deoptimize)
Event: 24.341 Executing VM operation: HandshakeAllThreads (Deoptimize) done
Event: 24.351 Executing VM operation: HandshakeAllThreads (Deoptimize)
Event: 24.352 Executing VM operation: HandshakeAllThreads (Deoptimize) done
Event: 24.818 Executing VM operation: HandshakeAllThreads (Deoptimize)
Event: 24.819 Executing VM operation: HandshakeAllThreads (Deoptimize) done
Event: 24.911 Executing VM operation: HandshakeAllThreads (Deoptimize)
Event: 24.911 Executing VM operation: HandshakeAllThreads (Deoptimize) done
Event: 25.247 Executing VM operation: ICBufferFull
Event: 25.248 Executing VM operation: ICBufferFull done
Event: 25.343 Executing VM operation: G1CollectForAllocation (G1 Evacuation Pause)
Event: 25.351 Executing VM operation: G1CollectForAllocation (G1 Evacuation Pause) done
Event: 25.611 Executing VM operation: HandshakeAllThreads (Deoptimize)
Event: 25.614 Executing VM operation: HandshakeAllThreads (Deoptimize) done
Event: 25.694 Executing VM operation: HandshakeAllThreads (Deoptimize)
Event: 25.846 Executing VM operation: HandshakeAllThreads (Deoptimize) done
Event: 26.374 Executing VM operation: HandshakeAllThreads (Deoptimize)
Event: 26.374 Executing VM operation: HandshakeAllThreads (Deoptimize) done
Event: 26.374 Executing VM operation: Cleanup
Event: 26.374 Executing VM operation: Cleanup done

Events (20 events):
Event: 23.495 Thread 0x000002d811dc5260 flushing nmethod 0x000002d81a3ab210
Event: 23.495 Thread 0x000002d811dc5260 flushing nmethod 0x000002d81a3b1510
Event: 23.495 Thread 0x000002d811dc5260 flushing nmethod 0x000002d81a409190
Event: 23.495 Thread 0x000002d811dc5260 flushing nmethod 0x000002d81a48aa90
Event: 23.495 Thread 0x000002d811dc5260 flushing nmethod 0x000002d81a490210
Event: 23.495 Thread 0x000002d811dc5260 flushing nmethod 0x000002d81a4c6c90
Event: 23.495 Thread 0x000002d811dc5260 flushing nmethod 0x000002d81a4ce410
Event: 23.495 Thread 0x000002d811dc5260 flushing nmethod 0x000002d81a4cf110
Event: 23.495 Thread 0x000002d811dc5260 flushing nmethod 0x000002d81a4e3e10
Event: 23.495 Thread 0x000002d811dc5260 flushing nmethod 0x000002d81a4ffb10
Event: 23.495 Thread 0x000002d811dc5260 flushing nmethod 0x000002d81a529190
Event: 23.495 Thread 0x000002d811dc5260 flushing nmethod 0x000002d81a572390
Event: 23.495 Thread 0x000002d811dc5260 flushing nmethod 0x000002d81a603490
Event: 23.495 Thread 0x000002d811dc5260 flushing nmethod 0x000002d81a605d10
Event: 23.495 Thread 0x000002d811dc5260 flushing nmethod 0x000002d81a653710
Event: 23.495 Thread 0x000002d811dc5260 flushing nmethod 0x000002d81a66f010
Event: 23.495 Thread 0x000002d811dc5260 flushing nmethod 0x000002d81a682790
Event: 25.670 Thread 0x000002d873587e70 Thread added: 0x000002d873587e70
Event: 25.692 Thread 0x000002d873588500 Thread added: 0x000002d873588500
Event: 25.885 Thread 0x000002d87358e0e0 Thread added: 0x000002d87358e0e0


Dynamic libraries:
0x00007ff7678f0000 - 0x00007ff767900000 	C:\Program Files\Java\jdk-22\bin\java.exe
0x00007ff81e710000 - 0x00007ff81e908000 	C:\WINDOWS\SYSTEM32\ntdll.dll
0x00007ff81e560000 - 0x00007ff81e61d000 	C:\WINDOWS\System32\KERNEL32.DLL
0x00007ff81c210000 - 0x00007ff81c506000 	C:\WINDOWS\System32\KERNELBASE.dll
0x00007ff81c510000 - 0x00007ff81c610000 	C:\WINDOWS\System32\ucrtbase.dll
0x00007ff815d80000 - 0x00007ff815d97000 	C:\Program Files\Java\jdk-22\bin\jli.dll
0x00007ff81e0c0000 - 0x00007ff81e170000 	C:\WINDOWS\System32\ADVAPI32.dll
0x00007ff815800000 - 0x00007ff81581b000 	C:\Program Files\Java\jdk-22\bin\VCRUNTIME140.dll
0x00007ff81c860000 - 0x00007ff81c8fe000 	C:\WINDOWS\System32\msvcrt.dll
0x00007ff81d450000 - 0x00007ff81d4f0000 	C:\WINDOWS\System32\sechost.dll
0x00007ff81d320000 - 0x00007ff81d443000 	C:\WINDOWS\System32\RPCRT4.dll
0x00007ff81c6c0000 - 0x00007ff81c6e7000 	C:\WINDOWS\System32\bcrypt.dll
0x00007ff81dcb0000 - 0x00007ff81de4f000 	C:\WINDOWS\System32\USER32.dll
0x00007ff81bec0000 - 0x00007ff81bee2000 	C:\WINDOWS\System32\win32u.dll
0x00007ff81c9b0000 - 0x00007ff81c9db000 	C:\WINDOWS\System32\GDI32.dll
0x00007ff81c0f0000 - 0x00007ff81c207000 	C:\WINDOWS\System32\gdi32full.dll
0x00007ff81bef0000 - 0x00007ff81bf8d000 	C:\WINDOWS\System32\msvcp_win.dll
0x00007ff81b0b0000 - 0x00007ff81b34a000 	C:\WINDOWS\WinSxS\amd64_microsoft.windows.common-controls_6595b64144ccf1df_6.0.19041.4355_none_60b8b9eb71f62e16\COMCTL32.dll
0x00007ff810120000 - 0x00007ff81012a000 	C:\WINDOWS\SYSTEM32\VERSION.dll
0x00007ff81de50000 - 0x00007ff81de82000 	C:\WINDOWS\System32\IMM32.DLL
0x00007ff815d70000 - 0x00007ff815d7c000 	C:\Program Files\Java\jdk-22\bin\vcruntime140_1.dll
0x00007ff8059d0000 - 0x00007ff805a5e000 	C:\Program Files\Java\jdk-22\bin\msvcp140.dll
0x00007fffe4440000 - 0x00007fffe5187000 	C:\Program Files\Java\jdk-22\bin\server\jvm.dll
0x00007ff81e4d0000 - 0x00007ff81e53b000 	C:\WINDOWS\System32\WS2_32.dll
0x00007ff81bc10000 - 0x00007ff81bc5b000 	C:\WINDOWS\SYSTEM32\POWRPROF.dll
0x00007ff8100f0000 - 0x00007ff810117000 	C:\WINDOWS\SYSTEM32\WINMM.dll
0x00007ff81bbf0000 - 0x00007ff81bc02000 	C:\WINDOWS\SYSTEM32\UMPDC.dll
0x00007ff818f40000 - 0x00007ff818f52000 	C:\WINDOWS\SYSTEM32\kernel.appcore.dll
0x00007ff8157f0000 - 0x00007ff8157fa000 	C:\Program Files\Java\jdk-22\bin\jimage.dll
0x00007ff81b590000 - 0x00007ff81b774000 	C:\WINDOWS\SYSTEM32\DBGHELP.DLL
0x00007ff81b4b0000 - 0x00007ff81b4e4000 	C:\WINDOWS\SYSTEM32\dbgcore.DLL
0x00007ff81be30000 - 0x00007ff81beb2000 	C:\WINDOWS\System32\bcryptPrimitives.dll
0x00007ff8188c0000 - 0x00007ff8188cf000 	C:\Program Files\Java\jdk-22\bin\instrument.dll
0x00007ff8157b0000 - 0x00007ff8157ce000 	C:\Program Files\Java\jdk-22\bin\java.dll
0x00007ff81cad0000 - 0x00007ff81d23b000 	C:\WINDOWS\System32\SHELL32.dll
0x00007ff81d970000 - 0x00007ff81da9b000 	C:\WINDOWS\System32\ole32.dll
0x00007ff81e170000 - 0x00007ff81e4c3000 	C:\WINDOWS\System32\combase.dll
0x00007ff8197d0000 - 0x00007ff819f6d000 	C:\WINDOWS\SYSTEM32\windows.storage.dll
0x00007ff81b080000 - 0x00007ff81b0ae000 	C:\WINDOWS\SYSTEM32\Wldp.dll
0x00007ff81dea0000 - 0x00007ff81df6d000 	C:\WINDOWS\System32\OLEAUT32.dll
0x00007ff81c900000 - 0x00007ff81c9ad000 	C:\WINDOWS\System32\SHCORE.dll
0x00007ff81e050000 - 0x00007ff81e0a5000 	C:\WINDOWS\System32\shlwapi.dll
0x00007ff81bcf0000 - 0x00007ff81bd14000 	C:\WINDOWS\SYSTEM32\profapi.dll
0x00007ff804e40000 - 0x00007ff804f17000 	C:\Program Files\Java\jdk-22\bin\jsvml.dll
0x00007ff815790000 - 0x00007ff8157a7000 	C:\Program Files\Java\jdk-22\bin\zip.dll
0x00007ff815730000 - 0x00007ff815740000 	C:\Program Files\Java\jdk-22\bin\net.dll
0x00007ff81af10000 - 0x00007ff81af7a000 	C:\WINDOWS\system32\mswsock.dll
0x00007ff815620000 - 0x00007ff815636000 	C:\Program Files\Java\jdk-22\bin\nio.dll
0x00007ff804d00000 - 0x00007ff804d1a000 	C:\Program Files\JetBrains\IntelliJ IDEA Community Edition 2024.1.1\bin\breakgen64.dll
0x00007ff8155f0000 - 0x00007ff8155f9000 	C:\Program Files\Java\jdk-22\bin\extnet.dll
0x00007ff8155e0000 - 0x00007ff8155ea000 	C:\Program Files\Java\jdk-22\bin\management.dll
0x00007ff8155d0000 - 0x00007ff8155db000 	C:\Program Files\Java\jdk-22\bin\management_ext.dll
0x00007ff81de90000 - 0x00007ff81de98000 	C:\WINDOWS\System32\PSAPI.DLL
0x00007ff814a50000 - 0x00007ff814a5b000 	C:\Program Files\Java\jdk-22\bin\le.dll
0x00007ff815590000 - 0x00007ff81559e000 	C:\Program Files\Java\jdk-22\bin\sunmscapi.dll
0x00007ff81bf90000 - 0x00007ff81c0ee000 	C:\WINDOWS\System32\CRYPT32.dll
0x00007ff81b390000 - 0x00007ff81b3b9000 	C:\WINDOWS\SYSTEM32\ncrypt.dll
0x00007ff81b350000 - 0x00007ff81b38b000 	C:\WINDOWS\SYSTEM32\NTASN1.dll
0x00007ff81ba50000 - 0x00007ff81ba68000 	C:\WINDOWS\SYSTEM32\CRYPTSP.dll
0x00007ff81a750000 - 0x00007ff81a784000 	C:\WINDOWS\system32\rsaenh.dll
0x00007ff81bc60000 - 0x00007ff81bc8e000 	C:\WINDOWS\SYSTEM32\USERENV.dll
0x00007ff81aeb0000 - 0x00007ff81aebc000 	C:\WINDOWS\SYSTEM32\CRYPTBASE.dll
0x00007ff81aab0000 - 0x00007ff81aaeb000 	C:\WINDOWS\SYSTEM32\IPHLPAPI.DLL
0x00007ff81e0b0000 - 0x00007ff81e0b8000 	C:\WINDOWS\System32\NSI.dll
0x00007ff80d2f0000 - 0x00007ff80d307000 	C:\WINDOWS\SYSTEM32\dhcpcsvc6.DLL
0x00007ff8100d0000 - 0x00007ff8100ed000 	C:\WINDOWS\SYSTEM32\dhcpcsvc.DLL
0x00007ff81aaf0000 - 0x00007ff81abbb000 	C:\WINDOWS\SYSTEM32\DNSAPI.dll
0x00007ff804f20000 - 0x00007ff804f27000 	C:\WINDOWS\system32\wshunix.dll
0x00007ff8044d0000 - 0x00007ff8044da000 	C:\Windows\System32\rasadhlp.dll
0x00007ff805de0000 - 0x00007ff805e60000 	C:\WINDOWS\System32\fwpuclnt.dll

dbghelp: loaded successfully - version: 4.0.5 - missing functions: none
symbol engine: initialized successfully - sym options: 0x614 - pdb path: .;C:\Program Files\Java\jdk-22\bin;C:\WINDOWS\SYSTEM32;C:\WINDOWS\WinSxS\amd64_microsoft.windows.common-controls_6595b64144ccf1df_6.0.19041.4355_none_60b8b9eb71f62e16;C:\Program Files\Java\jdk-22\bin\server;C:\Program Files\JetBrains\IntelliJ IDEA Community Edition 2024.1.1\bin

VM Arguments:
jvm_args: -javaagent:C:\Program Files\JetBrains\IntelliJ IDEA Community Edition 2024.1.1\lib\idea_rt.jar=63319:C:\Program Files\JetBrains\IntelliJ IDEA Community Edition 2024.1.1\bin -Dfile.encoding=UTF-8 -Dsun.stdout.encoding=UTF-8 -Dsun.stderr.encoding=UTF-8 
java_command: com.gameoddx.gameOdds.GameOddsApplication
java_class_path (initial): C:\Users\USER\Desktop\gameOdds\target\classes;C:\Users\USER\.m2\repository\org\springframework\boot\spring-boot-starter-data-mongodb\3.2.5\spring-boot-starter-data-mongodb-3.2.5.jar;C:\Users\USER\.m2\repository\org\springframework\boot\spring-boot-starter\3.2.5\spring-boot-starter-3.2.5.jar;C:\Users\USER\.m2\repository\org\springframework\boot\spring-boot-starter-logging\3.2.5\spring-boot-starter-logging-3.2.5.jar;C:\Users\USER\.m2\repository\ch\qos\logback\logback-classic\1.4.14\logback-classic-1.4.14.jar;C:\Users\USER\.m2\repository\ch\qos\logback\logback-core\1.4.14\logback-core-1.4.14.jar;C:\Users\USER\.m2\repository\org\apache\logging\log4j\log4j-to-slf4j\2.21.1\log4j-to-slf4j-2.21.1.jar;C:\Users\USER\.m2\repository\org\apache\logging\log4j\log4j-api\2.21.1\log4j-api-2.21.1.jar;C:\Users\USER\.m2\repository\org\slf4j\jul-to-slf4j\2.0.13\jul-to-slf4j-2.0.13.jar;C:\Users\USER\.m2\repository\jakarta\annotation\jakarta.annotation-api\2.1.1\jakarta.annotation-api-2.1.1.jar;C:\Users\USER\.m2\repository\org\yaml\snakeyaml\2.2\snakeyaml-2.2.jar;C:\Users\USER\.m2\repository\org\mongodb\mongodb-driver-sync\4.11.2\mongodb-driver-sync-4.11.2.jar;C:\Users\USER\.m2\repository\org\mongodb\bson\4.11.2\bson-4.11.2.jar;C:\Users\USER\.m2\repository\org\mongodb\mongodb-driver-core\4.11.2\mongodb-driver-core-4.11.2.jar;C:\Users\USER\.m2\repository\org\mongodb\bson-record-codec\4.11.2\bson-record-codec-4.11.2.jar;C:\Users\USER\.m2\repository\org\springframework\data\spring-data-mongodb\4.2.5\spring-data-mongodb-4.2.5.jar;C:\Users\USER\.m2\repository\org\springframework\spring-tx\6.1.6\spring-tx-6.1.6.jar;C:\Users\USER\.m2\repository\org\springframework\spring-context\6.1.6\spring-context-6.1.6.jar;C:\Users\USER\.m2\repository\org\springframework\spring-beans\6.1.6\spring-beans-6.1.6.jar;C:\Users\USER\.m2\repository\org\springframework\spring-expression\6.1.6\spring-expression-6.1.6.jar;C:\Users\USER\.m2\repository\org\springframework\data\spring-data-commons\3.2.5\spring-data-commons-3.2.5.jar;C:\Users\USER\.m2\repository\org\slf4j\slf4j-api\2.0.13\slf4j-api-2.0.13.jar;C:\Users\USER\.m2\repository\org\springframework\boot\spring-boot-starter-web\3.2.5\spring-boot-starter-web-3.2.5.jar;C:\Users\USER\.m2\repository\org\springframework\boot\spring-boot-starter-json\3.2.5\spring-boot-starter-json-3.2.5.jar;C:\Users\USER\.m2\repository\com\fasterxml\jackson\core\jackson-databind\2.15.4\jackson-databind-2.15.4.jar;C:\Users\USER\.m2\repository\com\fasterxml\jackson\core\jackson-annotations\2.15.4\jackson-annotations-2.15.4.jar;C:\Users\USER\.m2\repository\com\fasterxml\jackson\core\jackson-core\2.15.4\jackson-core-2.15.4.jar;C:\Users\USER\.m2\repository\com\fasterxml\jackson\datatype\jackson-datatype-jdk8\2.15.4\jackson-datatype-jdk8-2.15.4.jar;C:\Users\USER\.m2\repository\com\fasterxml\jackson\datatype\jackson-datatype-jsr310\2.15.4\jackson-datatype-jsr310-2.15.4.jar;C:\Users\USER\.m2\repository\com\fasterxml\jackson\module\jackson-module-parameter-names\2.15.4\jackson-module-parameter-names-2.15.4.jar;C:\Users\USER\.m2\repository\org\springframework\boot\spring-boot-starter-tomcat\3.2.5\spring-boot-starter-tomcat-3.2.5.jar;C:\Users\USER\.m2\repository\org\apache\tomcat\embed\tomcat-embed-core\10.1.20\tomcat-embed-core-10.1.20.jar;C:\Users\USER\.m2\repository\org\apache\tomcat\embed\tomcat-embed-el\10.1.20\tomcat-embed-el-10.1.20.jar;C:\Users\USER\.m2\repository\org\apache\tomcat\embed\tomcat-embed-websocket\10.1.20\tomcat-embed-websocket-10.1.20.jar;C:\Users\USER\.m2\repository\org\springframework\spring-web\6.1.6\spring-web-6.1.6.jar;C:\Users\USER\.m2\repository\io\micrometer\micrometer-observation\1.12.5\micrometer-observation-1.12.5.jar;C:\Users\USER\.m2\repository\io\micrometer\micrometer-commons\1.12.5\micrometer-commons-1.12.5.jar;C:\Users\USER\.m2\repository\org\springframework\spring-webmvc\6.1.6\spring-webmvc-6.1.6.jar;C:\Users\USER\.m2\repository\org\springframework\spring-aop\6.1.6\spring-aop-6.1.6.jar;C:\Users\USER\.m2\repository\org\springframework\boot\spring-boot-devtools\3.2.5\spring-boot-devtools-3.2.5.jar;C:\Users\USER\.m2\repository\org\springframework\boot\spring-boot\3.2.5\spring-boot-3.2.5.jar;C:\Users\USER\.m2\repository\org\springframework\boot\spring-boot-autoconfigure\3.2.5\spring-boot-autoconfigure-3.2.5.jar;C:\Users\USER\.m2\repository\org\projectlombok\lombok\1.18.32\lombok-1.18.32.jar;C:\Users\USER\.m2\repository\net\minidev\json-smart\2.5.1\json-smart-2.5.1.jar;C:\Users\USER\.m2\repository\net\minidev\accessors-smart\2.5.1\accessors-smart-2.5.1.jar;C:\Users\USER\.m2\repository\org\ow2\asm\asm\9.6\asm-9.6.jar;C:\Users\USER\.m2\repository\org\springframework\spring-core\6.1.6\spring-core-6.1.6.jar;C:\Users\USER\.m2\repository\org\springframework\spring-jcl\6.1.6\spring-jcl-6.1.6.jar;C:\Users\USER\.m2\repository\me\paulschwarz\spring-dotenv\4.0.0\spring-dotenv-4.0.0.jar;C:\Users\USER\.m2\repository\io\github\cdimascio\dotenv-java\3.0.0\dotenv-java-3.0.0.jar;C:\Users\USER\.m2\repository\org\springframework\boot\spring-boot-starter-oauth2-client\3.2.5\spring-boot-starter-oauth2-client-3.2.5.jar;C:\Users\USER\.m2\repository\org\springframework\security\spring-security-config\6.2.4\spring-security-config-6.2.4.jar;C:\Users\USER\.m2\repository\org\springframework\security\spring-security-core\6.2.4\spring-security-core-6.2.4.jar;C:\Users\USER\.m2\repository\org\springframework\security\spring-security-crypto\6.2.4\spring-security-crypto-6.2.4.jar;C:\Users\USER\.m2\repository\org\springframework\security\spring-security-oauth2-client\6.2.4\spring-security-oauth2-client-6.2.4.jar;C:\Users\USER\.m2\repository\org\springframework\security\spring-security-web\6.2.4\spring-security-web-6.2.4.jar;C:\Users\USER\.m2\repository\com\nimbusds\oauth2-oidc-sdk\9.43.3\oauth2-oidc-sdk-9.43.3.jar;C:\Users\USER\.m2\repository\com\nimbusds\content-type\2.2\content-type-2.2.jar;C:\Users\USER\.m2\repository\com\nimbusds\lang-tag\1.7\lang-tag-1.7.jar;C:\Users\USER\.m2\repository\org\springframework\security\spring-security-oauth2-jose\6.2.4\spring-security-oauth2-jose-6.2.4.jar;C:\Users\USER\.m2\repository\org\springframework\security\spring-security-oauth2-core\6.2.4\spring-security-oauth2-core-6.2.4.jar;C:\Users\USER\.m2\repository\com\nimbusds\nimbus-jose-jwt\9.24.4\nimbus-jose-jwt-9.24.4.jar;C:\Users\USER\.m2\repository\com\github\stephenc\jcip\jcip-annotations\1.0-1\jcip-annotations-1.0-1.jar
Launcher Type: SUN_STANDARD

[Global flags]
     intx CICompilerCount                          = 2                                         {product} {ergonomic}
     uint ConcGCThreads                            = 1                                         {product} {ergonomic}
     uint G1ConcRefinementThreads                  = 2                                         {product} {ergonomic}
   size_t G1HeapRegionSize                         = 1048576                                   {product} {ergonomic}
   size_t InitialHeapSize                          = 58720256                                  {product} {ergonomic}
   size_t MarkStackSize                            = 4194304                                   {product} {ergonomic}
   size_t MaxHeapSize                              = 908066816                                 {product} {ergonomic}
   size_t MaxNewSize                               = 544210944                                 {product} {ergonomic}
   size_t MinHeapDeltaBytes                        = 1048576                                   {product} {ergonomic}
   size_t MinHeapSize                              = 8388608                                   {product} {ergonomic}
    uintx NonNMethodCodeHeapSize                   = 5826188                                {pd product} {ergonomic}
    uintx NonProfiledCodeHeapSize                  = 122916026                              {pd product} {ergonomic}
    uintx ProfiledCodeHeapSize                     = 122916026                              {pd product} {ergonomic}
    uintx ReservedCodeCacheSize                    = 251658240                              {pd product} {ergonomic}
     bool SegmentedCodeCache                       = true                                      {product} {ergonomic}
   size_t SoftMaxHeapSize                          = 908066816                              {manageable} {ergonomic}
     bool UseCompressedOops                        = true                           {product lp64_product} {ergonomic}
     bool UseG1GC                                  = true                                      {product} {ergonomic}
     bool UseLargePagesIndividualAllocation        = false                                  {pd product} {ergonomic}

Logging:
Log output configuration:
 #0: stdout all=warning uptime,level,tags foldmultilines=false
 #1: stderr all=off uptime,level,tags foldmultilines=false

Environment Variables:
PATH=C:\Program Files\Common Files\Oracle\Java\javapath;C:\ProgramData\Oracle\Java\javapath;C:\WINDOWS\system32;C:\WINDOWS;C:\WINDOWS\System32\Wbem;C:\WINDOWS\System32\WindowsPowerShell\v1.0\;C:\WINDOWS\System32\OpenSSH\;C:\Users\USER\AppData\Roaming\npm;C:\Program Files\nodejs;C:\Program Files\nodejs\;C:\Program Files\Git\cmd;C:\Users\USER\AppData\Local\Microsoft\WindowsApps;C:\Users\USER\AppData\Local\Programs\Microsoft VS Code\bin;C:\Program Files\nodejs;C:\Users\USER\AppData\Roaming\npm
USERNAME=USER
OS=Windows_NT
PROCESSOR_IDENTIFIER=AMD64 Family 23 Model 24 Stepping 1, AuthenticAMD
TMP=C:\Users\USER\AppData\Local\Temp
TEMP=C:\Users\USER\AppData\Local\Temp




Periodic native trim disabled

---------------  S Y S T E M  ---------------

OS:
 Windows 10 , 64 bit Build 19041 (10.0.19041.3636)
OS uptime: 1 days 19:59 hours

CPU: total 2 (initial active 2) (2 cores per cpu, 1 threads per core) family 23 model 24 stepping 1 microcode 0x0, cx8, cmov, fxsr, mmx, 3dnowpref, sse, sse2, sse3, ssse3, sse4a, sse4.1, sse4.2, popcnt, lzcnt, tsc, tscinvbit, avx, avx2, aes, clmul, bmi1, bmi2, adx, sha, fma, vzeroupper, clflush, clflushopt, rdtscp, f16c
Processor Information for all 2 processors :
  Max Mhz: 2300, Current Mhz: 2300, Mhz Limit: 2300

Memory: 4k page, system-wide physical 3461M (228M free)
TotalPageFile size 10837M (AvailPageFile size 5M)
current process WorkingSet (physical memory assigned to process): 188M, peak: 190M
current process commit charge ("private bytes"): 217M, peak: 218M

vm_info: Java HotSpot(TM) 64-Bit Server VM (22.0.1+8-16) for windows-amd64 JRE (22.0.1+8-16), built on 2024-03-12T10:33:16Z by "mach5one" with MS VC++ 17.6 (VS2022)

END.
